========================================================================
Job Information
========================================================================
Job ID: 2459836
Job Name: fastlof_annthyroid-unsupervised-ad
Node: uc3n033.localdomain
Started at: Mon Dec  8 05:07:49 PM CET 2025
CPUs allocated: 16
Memory allocated: 32G
Partition: cpu
Thread limit: 5
========================================================================

Working directory: /pfs/data6/home/hu/hu_hu/hu_abdeal01/Final-FastLOF

========================================================================
Environment Information
========================================================================
Python 3.9.18

matplotlib                    3.9.4
numpy                         2.0.2
pandas                        2.3.3
scikit-learn                  1.6.1
========================================================================

========================================================================
Starting Experiment: annthyroid-unsupervised-ad - FastLOF
========================================================================


================================================================================
FastLOF Experiment - annthyroid-unsupervised-ad
================================================================================

Loading dataset: data/annthyroid-unsupervised-ad.csv

--- Dataset preview (first 5 rows) ---
   0.45  1.0  0.0  0.0.1  0.0.2  ...   0.006    0.023  0.087    0.026  o
0  0.61  0.0  0.0    0.0    0.0  ...  0.0150  0.06100  0.096  0.06400  o
1  0.16  0.0  1.0    0.0    0.0  ...  0.0190  0.05800  0.103  0.05600  o
2  0.85  0.0  0.0    0.0    0.0  ...  0.0030  0.02400  0.061  0.03900  o
3  0.75  1.0  0.0    0.0    0.0  ...  0.0030  0.00500  0.116  0.00400  o
4  0.85  0.0  0.0    0.0    0.0  ...  0.0096  0.03121  0.102  0.03042  o

[5 rows x 22 columns]
--------------------------------------
Dataset shape: (6916, 21)
Number of anomalies: 250 (3.61%)

Testing thresholds: [0, 1.0, 1.01, 1.1, 1.2]

--------------------------------------------------------------------------------
Running with threshold = 0
--------------------------------------------------------------------------------


=== Experiment B: FastLOF Speed & Scalability ===
Using contamination parameter: 0.0361
Testing k values: [10, 20, 30, 40, 50]
Chunk sizes: 3500 to 100 (step=100)

--- Running baseline LOF ---
  k=10 (ball_tree)... 0.6630s (kd_tree)... 0.6999s (brute)... 0.0628s
  k=20 (ball_tree)... 0.6843s (kd_tree)... 0.7538s (brute)... 0.0435s
  k=30 (ball_tree)... 0.7106s (kd_tree)... 0.7993s (brute)... 0.0487s
  k=40 (ball_tree)... 0.7279s (kd_tree)... 0.8350s (brute)... 0.0543s
  k=50 (ball_tree)... 0.7525s (kd_tree)... 0.8700s (brute)... 0.0594s

Baseline algorithms:
  LOF ball_tree (averaged): 0.7077s
  LOF kd_tree (averaged): 0.7916s
  LOF brute (averaged): 0.0537s

Using LOF brute as reference for FastLOF comparisons

Testing chunk sizes: [3500, 3400, 3300, 3200, 3100, 3000, 2900, 2800, 2700, 2600, 2500, 2400, 2300, 2200, 2100, 2000, 1900, 1800, 1700, 1600, 1500, 1400, 1300, 1200, 1100, 1000, 900, 800, 700, 600, 500, 400, 300, 200, 100]

--- Running FastLOF ---
Chunk size 3500:
  k=10... 0.5777s
  k=20... 0.0622s
  k=30... 0.0790s
  k=40... 0.0700s
  k=50... 0.0703s
  Averaged: 0.1718s, corr=1.0000
Chunk size 3400:
  k=10... 0.1048s
  k=20... 0.0611s
  k=30... 0.0615s
  k=40... 0.0641s
  k=50... 0.0667s
  Averaged: 0.0716s, corr=1.0000
Chunk size 3300:
  k=10... 0.1307s
  k=20... 0.1722s
  k=30... 0.2237s
  k=40... 0.1729s
  k=50... 0.1254s
  Averaged: 0.1650s, corr=1.0000
Chunk size 3200:
  k=10... 0.0729s
  k=20... 0.0695s
  k=30... 0.0734s
  k=40... 0.0944s
  k=50... 0.0786s
  Averaged: 0.0778s, corr=1.0000
Chunk size 3100:
  k=10... 0.1810s
  k=20... 0.0985s
  k=30... 0.0707s
  k=40... 0.0742s
  k=50... 0.0805s
  Averaged: 0.1010s, corr=1.0000
Chunk size 3000:
  k=10... 0.0608s
  k=20... 0.0677s
  k=30... 0.1017s
  k=40... 0.0756s
  k=50... 0.0792s
  Averaged: 0.0770s, corr=1.0000
Chunk size 2900:
  k=10... 0.0599s
  k=20... 0.0832s
  k=30... 0.0713s
  k=40... 0.0748s
  k=50... 0.1266s
  Averaged: 0.0831s, corr=1.0000
Chunk size 2800:
  k=10... 0.0561s
  k=20... 0.0671s
  k=30... 0.0737s
  k=40... 0.0797s
  k=50... 0.0816s
  Averaged: 0.0716s, corr=1.0000
Chunk size 2700:
  k=10... 0.0850s
  k=20... 0.1538s
  k=30... 0.0710s
  k=40... 0.0737s
  k=50... 0.0831s
  Averaged: 0.0933s, corr=1.0000
Chunk size 2600:
  k=10... 0.0547s
  k=20... 0.0765s
  k=30... 0.0668s
  k=40... 0.0694s
  k=50... 0.0734s
  Averaged: 0.0682s, corr=1.0000
Chunk size 2500:
  k=10... 0.0525s
  k=20... 0.0592s
  k=30... 0.0648s
  k=40... 0.0683s
  k=50... 0.0711s
  Averaged: 0.0632s, corr=1.0000
Chunk size 2400:
  k=10... 0.0524s
  k=20... 0.0601s
  k=30... 0.2001s
  k=40... 0.2174s
  k=50... 0.1816s
  Averaged: 0.1423s, corr=1.0000
Chunk size 2300:
  k=10... 0.0547s
  k=20... 0.0606s
  k=30... 0.0641s
  k=40... 0.0692s
  k=50... 0.1072s
  Averaged: 0.0712s, corr=1.0000
Chunk size 2200:
  k=10... 0.3656s
  k=20... 0.1192s
  k=30... 0.1364s
  k=40... 0.3805s
  k=50... 0.3801s
  Averaged: 0.2764s, corr=1.0000
Chunk size 2100:
  k=10... 0.3526s
  k=20... 0.3537s
  k=30... 0.3447s
  k=40... 0.1952s
  k=50... 0.0807s
  Averaged: 0.2654s, corr=1.0000
Chunk size 2000:
  k=10... 0.0526s
  k=20... 0.0713s
  k=30... 0.2065s
  k=40... 0.3598s
  k=50... 0.2104s
  Averaged: 0.1801s, corr=1.0000
Chunk size 1900:
  k=10... 0.0523s
  k=20... 0.0632s
  k=30... 0.0760s
  k=40... 0.0784s
  k=50... 0.0818s
  Averaged: 0.0703s, corr=1.0000
Chunk size 1800:
  k=10... 0.0524s
  k=20... 0.0642s
  k=30... 0.0676s
  k=40... 0.0751s
  k=50... 0.0787s
  Averaged: 0.0676s, corr=1.0000
Chunk size 1700:
  k=10... 0.0534s
  k=20... 0.0661s
  k=30... 0.0715s
  k=40... 0.0782s
  k=50... 0.0817s
  Averaged: 0.0702s, corr=1.0000
Chunk size 1600:
  k=10... 0.0519s
  k=20... 0.0651s
  k=30... 0.0727s
  k=40... 0.0807s
  k=50... 0.0868s
  Averaged: 0.0714s, corr=1.0000
Chunk size 1500:
  k=10... 0.0521s
  k=20... 0.0663s
  k=30... 0.0762s
  k=40... 0.0819s
  k=50... 0.0899s
  Averaged: 0.0733s, corr=1.0000
Chunk size 1400:
  k=10... 0.0516s
  k=20... 0.0648s
  k=30... 0.0712s
  k=40... 0.0780s
  k=50... 0.0856s
  Averaged: 0.0702s, corr=1.0000
Chunk size 1300:
  k=10... 0.0523s
  k=20... 0.0681s
  k=30... 0.0781s
  k=40... 0.0851s
  k=50... 0.0899s
  Averaged: 0.0747s, corr=1.0000
Chunk size 1200:
  k=10... 0.0513s
  k=20... 0.0665s
  k=30... 0.0755s
  k=40... 0.0840s
  k=50... 0.0899s
  Averaged: 0.0735s, corr=1.0000
Chunk size 1100:
  k=10... 0.0535s
  k=20... 0.0707s
  k=30... 0.0801s
  k=40... 0.0874s
  k=50... 0.0944s
  Averaged: 0.0772s, corr=1.0000
Chunk size 1000:
  k=10... 0.0534s
  k=20... 0.0701s
  k=30... 0.0807s
  k=40... 0.0903s
  k=50... 0.0919s
  Averaged: 0.0773s, corr=1.0000
Chunk size 900:
  k=10... 0.0551s
  k=20... 0.0755s
  k=30... 0.0877s
  k=40... 0.1044s
  k=50... 0.0994s
  Averaged: 0.0844s, corr=1.0000
Chunk size 800:
  k=10... 0.0551s
  k=20... 0.0779s
  k=30... 0.0914s
  k=40... 0.0954s
  k=50... 0.0955s
  Averaged: 0.0831s, corr=1.0000
Chunk size 700:
  k=10... 0.0580s
  k=20... 0.0865s
  k=30... 0.0902s
  k=40... 0.0921s
  k=50... 0.0979s
  Averaged: 0.0850s, corr=1.0000
Chunk size 600:
  k=10... 0.0612s
  k=20... 0.0909s
  k=30... 0.0945s
  k=40... 0.1021s
  k=50... 0.1100s
  Averaged: 0.0918s, corr=1.0000
Chunk size 500:
  k=10... 0.0648s
  k=20... 0.0882s
  k=30... 0.0957s
  k=40... 0.0882s
  k=50... 0.0905s
  Averaged: 0.0855s, corr=1.0000
Chunk size 400:
  k=10... 0.0719s
  k=20... 0.1012s
  k=30... 0.1097s
  k=40... 0.1078s
  k=50... 0.1071s
  Averaged: 0.0995s, corr=1.0000
Chunk size 300:
  k=10... 0.1077s
  k=20... 0.0980s
  k=30... 0.1047s
  k=40... 0.1135s
  k=50... 0.1210s
  Averaged: 0.1090s, corr=1.0000
Chunk size 200:
  k=10... 0.1266s
  k=20... 0.1389s
  k=30... 0.1548s
  k=40... 0.1634s
  k=50... 0.1742s
  Averaged: 0.1516s, corr=1.0000
Chunk size 100:
  k=10... 0.2669s
  k=20... 0.2894s
  k=30... 0.3158s
  k=40... 0.3327s
  k=50... 0.3544s
  Averaged: 0.3119s, corr=1.0000
Saved results to /pfs/data6/home/hu/hu_hu/hu_abdeal01/Final-FastLOF/results/annthyroid-unsupervised-ad/fastlof_experiments/k10-50_t0/fastlof_results.csv
/pfs/data6/home/hu/hu_hu/hu_abdeal01/Final-FastLOF/experiments.py:1471: UserWarning: No artists with labels found to put in legend.  Note that artists whose label start with an underscore are ignored when legend() is called with no argument.
  axes[0, 1].legend(loc='upper left', fontsize=8)
Saved Experiment B plots to /pfs/data6/home/hu/hu_hu/hu_abdeal01/Final-FastLOF/results/annthyroid-unsupervised-ad/fastlof_experiments/k10-50_t0/fastlof_summary.png
Saved detail plots to /pfs/data6/home/hu/hu_hu/hu_abdeal01/Final-FastLOF/results/annthyroid-unsupervised-ad/fastlof_experiments/k10-50_t0/fastlof_detail.png
Saved FastLOF scatter plots to /pfs/data6/home/hu/hu_hu/hu_abdeal01/Final-FastLOF/results/annthyroid-unsupervised-ad/fastlof_experiments/k10-50_t0/fastlof_scatter.png
Saved FastLOF timing pies to /pfs/data6/home/hu/hu_hu/hu_abdeal01/Final-FastLOF/results/annthyroid-unsupervised-ad/fastlof_experiments/k10-50_t0/fastlof_timing.png

=== Experiment B Complete ===

--------------------------------------------------------------------------------
Running with threshold = 1.0
--------------------------------------------------------------------------------


=== Experiment B: FastLOF Speed & Scalability ===
Using contamination parameter: 0.0361
Testing k values: [10, 20, 30, 40, 50]
Chunk sizes: 3500 to 100 (step=100)

--- Running baseline LOF ---
  k=10 (ball_tree)... 0.6606s (kd_tree)... 0.6986s (brute)... 0.0376s
  k=20 (ball_tree)... 0.6802s (kd_tree)... 0.7531s (brute)... 0.0427s
  k=30 (ball_tree)... 0.7067s (kd_tree)... 0.7954s (brute)... 0.0478s
  k=40 (ball_tree)... 0.7193s (kd_tree)... 0.8301s (brute)... 0.0520s
  k=50 (ball_tree)... 0.7475s (kd_tree)... 0.8666s (brute)... 0.0572s

Baseline algorithms:
  LOF ball_tree (averaged): 0.7029s
  LOF kd_tree (averaged): 0.7888s
  LOF brute (averaged): 0.0474s

Using LOF brute as reference for FastLOF comparisons

Testing chunk sizes: [3500, 3400, 3300, 3200, 3100, 3000, 2900, 2800, 2700, 2600, 2500, 2400, 2300, 2200, 2100, 2000, 1900, 1800, 1700, 1600, 1500, 1400, 1300, 1200, 1100, 1000, 900, 800, 700, 600, 500, 400, 300, 200, 100]

--- Running FastLOF ---
Chunk size 3500:
  k=10... 0.1084s
  k=20... 0.1175s
  k=30... 0.1384s
  k=40... 0.1475s
  k=50... 0.1560s
  Averaged: 0.1336s, corr=1.0000
Chunk size 3400:
  k=10... 0.2321s
  k=20... 0.2355s
  k=30... 0.2379s
  k=40... 0.2389s
  k=50... 0.2437s
  Averaged: 0.2376s, corr=0.9996
Chunk size 3300:
  k=10... 0.2316s
  k=20... 0.2351s
  k=30... 0.2370s
  k=40... 0.2448s
  k=50... 0.2471s
  Averaged: 0.2391s, corr=0.9996
Chunk size 3200:
  k=10... 0.2345s
  k=20... 0.2415s
  k=30... 0.2417s
  k=40... 0.1138s
  k=50... 0.0713s
  Averaged: 0.1806s, corr=0.9995
Chunk size 3100:
  k=10... 0.0655s
  k=20... 0.0741s
  k=30... 0.1146s
  k=40... 0.0718s
  k=50... 0.0885s
  Averaged: 0.0829s, corr=0.9995
Chunk size 3000:
  k=10... 0.0640s
  k=20... 0.0610s
  k=30... 0.1005s
  k=40... 0.0716s
  k=50... 0.1033s
  Averaged: 0.0801s, corr=0.9992
Chunk size 2900:
  k=10... 0.0632s
  k=20... 0.0604s
  k=30... 0.0646s
  k=40... 0.0680s
  k=50... 0.0715s
  Averaged: 0.0655s, corr=0.9992
Chunk size 2800:
  k=10... 0.0538s
  k=20... 0.0680s
  k=30... 0.0639s
  k=40... 0.0625s
  k=50... 0.0917s
  Averaged: 0.0680s, corr=0.9982
Chunk size 2700:
  k=10... 0.0565s
  k=20... 0.0670s
  k=30... 0.0653s
  k=40... 0.0680s
  k=50... 0.0728s
  Averaged: 0.0659s, corr=0.9989
Chunk size 2600:
  k=10... 0.0557s
  k=20... 0.0620s
  k=30... 0.0670s
  k=40... 0.0713s
  k=50... 0.0756s
  Averaged: 0.0663s, corr=0.9989
Chunk size 2500:
  k=10... 0.0552s
  k=20... 0.0627s
  k=30... 0.0684s
  k=40... 0.0719s
  k=50... 0.0788s
  Averaged: 0.0674s, corr=0.9988
Chunk size 2400:
  k=10... 0.0526s
  k=20... 0.0592s
  k=30... 0.0660s
  k=40... 0.0803s
  k=50... 0.0730s
  Averaged: 0.0662s, corr=0.9988
Chunk size 2300:
  k=10... 0.0547s
  k=20... 0.0596s
  k=30... 0.0679s
  k=40... 0.0749s
  k=50... 0.0784s
  Averaged: 0.0671s, corr=0.9988
Chunk size 2200:
  k=10... 0.0534s
  k=20... 0.0638s
  k=30... 0.0702s
  k=40... 0.0751s
  k=50... 0.0778s
  Averaged: 0.0681s, corr=0.9985
Chunk size 2100:
  k=10... 0.0521s
  k=20... 0.0611s
  k=30... 0.0722s
  k=40... 0.0772s
  k=50... 0.0814s
  Averaged: 0.0688s, corr=0.9984
Chunk size 2000:
  k=10... 0.0521s
  k=20... 0.0615s
  k=30... 0.0709s
  k=40... 0.0759s
  k=50... 0.0802s
  Averaged: 0.0681s, corr=0.9977
Chunk size 1900:
  k=10... 0.0515s
  k=20... 0.0631s
  k=30... 0.0701s
  k=40... 0.0759s
  k=50... 0.0810s
  Averaged: 0.0683s, corr=0.9972
Chunk size 1800:
  k=10... 0.0511s
  k=20... 0.0644s
  k=30... 0.0700s
  k=40... 0.0765s
  k=50... 0.0803s
  Averaged: 0.0684s, corr=0.9970
Chunk size 1700:
  k=10... 0.0553s
  k=20... 0.0671s
  k=30... 0.0725s
  k=40... 0.0793s
  k=50... 0.0811s
  Averaged: 0.0710s, corr=0.9966
Chunk size 1600:
  k=10... 0.0528s
  k=20... 0.0642s
  k=30... 0.0716s
  k=40... 0.0763s
  k=50... 0.0825s
  Averaged: 0.0695s, corr=0.9922
Chunk size 1500:
  k=10... 0.0529s
  k=20... 0.0644s
  k=30... 0.0725s
  k=40... 0.0803s
  k=50... 0.0860s
  Averaged: 0.0712s, corr=0.9930
Chunk size 1400:
  k=10... 0.0511s
  k=20... 0.0592s
  k=30... 0.0710s
  k=40... 0.0756s
  k=50... 0.0830s
  Averaged: 0.0680s, corr=0.9955
Chunk size 1300:
  k=10... 0.0550s
  k=20... 0.0602s
  k=30... 0.0723s
  k=40... 0.1167s
  k=50... 0.0838s
  Averaged: 0.0776s, corr=0.9930
Chunk size 1200:
  k=10... 0.0523s
  k=20... 0.0531s
  k=30... 0.0586s
  k=40... 0.0793s
  k=50... 0.0842s
  Averaged: 0.0655s, corr=0.9919
Chunk size 1100:
  k=10... 0.0549s
  k=20... 0.0658s
  k=30... 0.0736s
  k=40... 0.0789s
  k=50... 0.0876s
  Averaged: 0.0721s, corr=0.9888
Chunk size 1000:
  k=10... 0.0494s
  k=20... 0.0572s
  k=30... 0.0756s
  k=40... 0.0884s
  k=50... 0.0863s
  Averaged: 0.0714s, corr=0.9867
Chunk size 900:
  k=10... 0.0579s
  k=20... 0.0676s
  k=30... 0.0800s
  k=40... 0.0877s
  k=50... 0.0902s
  Averaged: 0.0767s, corr=0.9885
Chunk size 800:
  k=10... 0.0561s
  k=20... 0.0721s
  k=30... 0.0839s
  k=40... 0.0879s
  k=50... 0.0909s
  Averaged: 0.0782s, corr=0.9865
Chunk size 700:
  k=10... 0.0585s
  k=20... 0.0761s
  k=30... 0.0866s
  k=40... 0.0870s
  k=50... 0.0872s
  Averaged: 0.0791s, corr=0.9814
Chunk size 600:
  k=10... 0.0640s
  k=20... 0.0847s
  k=30... 0.0899s
  k=40... 0.0922s
  k=50... 0.1819s
  Averaged: 0.1025s, corr=0.9813
Chunk size 500:
  k=10... 0.0655s
  k=20... 0.0843s
  k=30... 0.0899s
  k=40... 0.0881s
  k=50... 0.0876s
  Averaged: 0.0831s, corr=0.9799
Chunk size 400:
  k=10... 0.0866s
  k=20... 0.0808s
  k=30... 0.0835s
  k=40... 0.0876s
  k=50... 0.0920s
  Averaged: 0.0861s, corr=0.9798
Chunk size 300:
  k=10... 0.1015s
  k=20... 0.0913s
  k=30... 0.0958s
  k=40... 0.1010s
  k=50... 0.1080s
  Averaged: 0.0995s, corr=0.9758
Chunk size 200:
  k=10... 0.1171s
  k=20... 0.1248s
  k=30... 0.1398s
  k=40... 0.1461s
  k=50... 0.1588s
  Averaged: 0.1373s, corr=0.9749
Chunk size 100:
  k=10... 0.2602s
  k=20... 0.2740s
  k=30... 0.3006s
  k=40... 0.3174s
  k=50... 0.3366s
  Averaged: 0.2978s, corr=0.9716
Saved results to /pfs/data6/home/hu/hu_hu/hu_abdeal01/Final-FastLOF/results/annthyroid-unsupervised-ad/fastlof_experiments/k10-50_t1.0/fastlof_results.csv
/pfs/data6/home/hu/hu_hu/hu_abdeal01/Final-FastLOF/experiments.py:1471: UserWarning: No artists with labels found to put in legend.  Note that artists whose label start with an underscore are ignored when legend() is called with no argument.
  axes[0, 1].legend(loc='upper left', fontsize=8)
Saved Experiment B plots to /pfs/data6/home/hu/hu_hu/hu_abdeal01/Final-FastLOF/results/annthyroid-unsupervised-ad/fastlof_experiments/k10-50_t1.0/fastlof_summary.png
Saved detail plots to /pfs/data6/home/hu/hu_hu/hu_abdeal01/Final-FastLOF/results/annthyroid-unsupervised-ad/fastlof_experiments/k10-50_t1.0/fastlof_detail.png
Saved FastLOF scatter plots to /pfs/data6/home/hu/hu_hu/hu_abdeal01/Final-FastLOF/results/annthyroid-unsupervised-ad/fastlof_experiments/k10-50_t1.0/fastlof_scatter.png
Saved FastLOF timing pies to /pfs/data6/home/hu/hu_hu/hu_abdeal01/Final-FastLOF/results/annthyroid-unsupervised-ad/fastlof_experiments/k10-50_t1.0/fastlof_timing.png

=== Experiment B Complete ===

--------------------------------------------------------------------------------
Running with threshold = 1.01
--------------------------------------------------------------------------------


=== Experiment B: FastLOF Speed & Scalability ===
Using contamination parameter: 0.0361
Testing k values: [10, 20, 30, 40, 50]
Chunk sizes: 3500 to 100 (step=100)

--- Running baseline LOF ---
  k=10 (ball_tree)... 0.6483s (kd_tree)... 0.6938s (brute)... 0.0375s
  k=20 (ball_tree)... 0.6686s (kd_tree)... 0.7475s (brute)... 0.0425s
  k=30 (ball_tree)... 0.6921s (kd_tree)... 0.7899s (brute)... 0.0476s
  k=40 (ball_tree)... 0.7120s (kd_tree)... 0.8257s (brute)... 0.0516s
  k=50 (ball_tree)... 0.7325s (kd_tree)... 0.8539s (brute)... 0.0559s

Baseline algorithms:
  LOF ball_tree (averaged): 0.6907s
  LOF kd_tree (averaged): 0.7822s
  LOF brute (averaged): 0.0470s

Using LOF brute as reference for FastLOF comparisons

Testing chunk sizes: [3500, 3400, 3300, 3200, 3100, 3000, 2900, 2800, 2700, 2600, 2500, 2400, 2300, 2200, 2100, 2000, 1900, 1800, 1700, 1600, 1500, 1400, 1300, 1200, 1100, 1000, 900, 800, 700, 600, 500, 400, 300, 200, 100]

--- Running FastLOF ---
Chunk size 3500:
  k=10... 0.0910s
  k=20... 0.0826s
  k=30... 0.0611s
  k=40... 0.0695s
  k=50... 0.0679s
  Averaged: 0.0744s, corr=1.0000
Chunk size 3400:
  k=10... 0.0785s
  k=20... 0.0614s
  k=30... 0.0645s
  k=40... 0.0751s
  k=50... 0.0771s
  Averaged: 0.0713s, corr=0.9998
Chunk size 3300:
  k=10... 0.0747s
  k=20... 0.0677s
  k=30... 0.0740s
  k=40... 0.0734s
  k=50... 0.1252s
  Averaged: 0.0830s, corr=0.9996
Chunk size 3200:
  k=10... 0.0614s
  k=20... 0.0642s
  k=30... 0.0623s
  k=40... 0.0645s
  k=50... 0.0954s
  Averaged: 0.0696s, corr=0.9995
Chunk size 3100:
  k=10... 0.1957s
  k=20... 0.1987s
  k=30... 0.1621s
  k=40... 0.0638s
  k=50... 0.1143s
  Averaged: 0.1469s, corr=0.9993
Chunk size 3000:
  k=10... 0.1982s
  k=20... 0.1199s
  k=30... 0.0621s
  k=40... 0.0678s
  k=50... 0.1853s
  Averaged: 0.1267s, corr=0.9989
Chunk size 2900:
  k=10... 0.1919s
  k=20... 0.1758s
  k=30... 0.0821s
  k=40... 0.0636s
  k=50... 0.0844s
  Averaged: 0.1196s, corr=0.9983
Chunk size 2800:
  k=10... 0.0521s
  k=20... 0.0736s
  k=30... 0.0561s
  k=40... 0.0607s
  k=50... 0.0675s
  Averaged: 0.0620s, corr=0.9992
Chunk size 2700:
  k=10... 0.0512s
  k=20... 0.0534s
  k=30... 0.0556s
  k=40... 0.0572s
  k=50... 0.0663s
  Averaged: 0.0567s, corr=0.9988
Chunk size 2600:
  k=10... 0.0529s
  k=20... 0.0546s
  k=30... 0.0556s
  k=40... 0.0586s
  k=50... 0.0647s
  Averaged: 0.0573s, corr=0.9988
Chunk size 2500:
  k=10... 0.0533s
  k=20... 0.0536s
  k=30... 0.0577s
  k=40... 0.0661s
  k=50... 0.1000s
  Averaged: 0.0661s, corr=0.9987
Chunk size 2400:
  k=10... 0.0512s
  k=20... 0.0522s
  k=30... 0.0543s
  k=40... 0.0593s
  k=50... 0.0624s
  Averaged: 0.0559s, corr=0.9987
Chunk size 2300:
  k=10... 0.0526s
  k=20... 0.0589s
  k=30... 0.0544s
  k=40... 0.0559s
  k=50... 0.0685s
  Averaged: 0.0580s, corr=0.9986
Chunk size 2200:
  k=10... 0.0533s
  k=20... 0.0562s
  k=30... 0.0637s
  k=40... 0.0684s
  k=50... 0.1701s
  Averaged: 0.0823s, corr=0.9978
Chunk size 2100:
  k=10... 0.0533s
  k=20... 0.0624s
  k=30... 0.0679s
  k=40... 0.0759s
  k=50... 0.0733s
  Averaged: 0.0665s, corr=0.9944
Chunk size 2000:
  k=10... 0.0512s
  k=20... 0.0586s
  k=30... 0.0652s
  k=40... 0.0594s
  k=50... 0.0733s
  Averaged: 0.0615s, corr=0.9972
Chunk size 1900:
  k=10... 0.0961s
  k=20... 0.0510s
  k=30... 0.0535s
  k=40... 0.0555s
  k=50... 0.0686s
  Averaged: 0.0649s, corr=0.9955
Chunk size 1800:
  k=10... 0.0479s
  k=20... 0.0504s
  k=30... 0.0547s
  k=40... 0.0553s
  k=50... 0.0780s
  Averaged: 0.0573s, corr=0.9958
Chunk size 1700:
  k=10... 0.0528s
  k=20... 0.0540s
  k=30... 0.4695s
  k=40... 0.0655s
  k=50... 0.0759s
  Averaged: 0.1436s, corr=0.9958
Chunk size 1600:
  k=10... 0.0536s
  k=20... 0.0575s
  k=30... 0.0671s
  k=40... 0.0718s
  k=50... 0.0807s
  Averaged: 0.0661s, corr=0.9921
Chunk size 1500:
  k=10... 0.0531s
  k=20... 0.0633s
  k=30... 0.0683s
  k=40... 0.0936s
  k=50... 0.0803s
  Averaged: 0.0717s, corr=0.9931
Chunk size 1400:
  k=10... 0.0510s
  k=20... 0.0564s
  k=30... 0.0627s
  k=40... 0.0600s
  k=50... 0.0715s
  Averaged: 0.0603s, corr=0.9928
Chunk size 1300:
  k=10... 0.0543s
  k=20... 0.0621s
  k=30... 0.0694s
  k=40... 0.0759s
  k=50... 0.0799s
  Averaged: 0.0683s, corr=0.9910
Chunk size 1200:
  k=10... 0.0532s
  k=20... 0.0619s
  k=30... 0.0705s
  k=40... 0.0802s
  k=50... 0.0816s
  Averaged: 0.0695s, corr=0.9868
Chunk size 1100:
  k=10... 0.0541s
  k=20... 0.0631s
  k=30... 0.0750s
  k=40... 0.0780s
  k=50... 0.0864s
  Averaged: 0.0713s, corr=0.9868
Chunk size 1000:
  k=10... 0.0557s
  k=20... 0.0649s
  k=30... 0.0744s
  k=40... 0.0792s
  k=50... 0.0771s
  Averaged: 0.0703s, corr=0.9870
Chunk size 900:
  k=10... 0.0582s
  k=20... 0.0671s
  k=30... 0.0784s
  k=40... 0.0831s
  k=50... 0.0848s
  Averaged: 0.0743s, corr=0.9804
Chunk size 800:
  k=10... 0.0598s
  k=20... 0.0704s
  k=30... 0.0828s
  k=40... 0.0843s
  k=50... 0.0799s
  Averaged: 0.0755s, corr=0.9805
Chunk size 700:
  k=10... 0.0623s
  k=20... 0.1140s
  k=30... 0.0860s
  k=40... 0.0801s
  k=50... 0.0781s
  Averaged: 0.0841s, corr=0.9798
Chunk size 600:
  k=10... 0.0688s
  k=20... 0.1336s
  k=30... 0.0826s
  k=40... 0.0845s
  k=50... 0.0854s
  Averaged: 0.0910s, corr=0.9752
Chunk size 500:
  k=10... 0.0735s
  k=20... 0.0799s
  k=30... 0.0809s
  k=40... 0.0772s
  k=50... 0.0771s
  Averaged: 0.0777s, corr=0.9675
Chunk size 400:
  k=10... 0.0872s
  k=20... 0.0873s
  k=30... 0.0850s
  k=40... 0.0844s
  k=50... 0.1119s
  Averaged: 0.0911s, corr=0.9646
Chunk size 300:
  k=10... 0.1024s
  k=20... 0.0859s
  k=30... 0.0906s
  k=40... 0.0961s
  k=50... 0.1036s
  Averaged: 0.0957s, corr=0.9663
Chunk size 200:
  k=10... 0.1162s
  k=20... 0.1213s
  k=30... 0.1302s
  k=40... 0.1370s
  k=50... 0.1484s
  Averaged: 0.1306s, corr=0.9638
Chunk size 100:
  k=10... 0.2522s
  k=20... 0.2671s
  k=30... 0.2862s
  k=40... 0.2994s
  k=50... 0.3296s
  Averaged: 0.2869s, corr=0.9586
Saved results to /pfs/data6/home/hu/hu_hu/hu_abdeal01/Final-FastLOF/results/annthyroid-unsupervised-ad/fastlof_experiments/k10-50_t1.01/fastlof_results.csv
/pfs/data6/home/hu/hu_hu/hu_abdeal01/Final-FastLOF/experiments.py:1471: UserWarning: No artists with labels found to put in legend.  Note that artists whose label start with an underscore are ignored when legend() is called with no argument.
  axes[0, 1].legend(loc='upper left', fontsize=8)
Saved Experiment B plots to /pfs/data6/home/hu/hu_hu/hu_abdeal01/Final-FastLOF/results/annthyroid-unsupervised-ad/fastlof_experiments/k10-50_t1.01/fastlof_summary.png
Saved detail plots to /pfs/data6/home/hu/hu_hu/hu_abdeal01/Final-FastLOF/results/annthyroid-unsupervised-ad/fastlof_experiments/k10-50_t1.01/fastlof_detail.png
Saved FastLOF scatter plots to /pfs/data6/home/hu/hu_hu/hu_abdeal01/Final-FastLOF/results/annthyroid-unsupervised-ad/fastlof_experiments/k10-50_t1.01/fastlof_scatter.png
Saved FastLOF timing pies to /pfs/data6/home/hu/hu_hu/hu_abdeal01/Final-FastLOF/results/annthyroid-unsupervised-ad/fastlof_experiments/k10-50_t1.01/fastlof_timing.png

=== Experiment B Complete ===

--------------------------------------------------------------------------------
Running with threshold = 1.1
--------------------------------------------------------------------------------


=== Experiment B: FastLOF Speed & Scalability ===
Using contamination parameter: 0.0361
Testing k values: [10, 20, 30, 40, 50]
Chunk sizes: 3500 to 100 (step=100)

--- Running baseline LOF ---
  k=10 (ball_tree)... 0.6628s (kd_tree)... 0.7015s (brute)... 0.0375s
  k=20 (ball_tree)... 0.6838s (kd_tree)... 0.7561s (brute)... 0.0427s
  k=30 (ball_tree)... 0.7056s (kd_tree)... 0.7979s (brute)... 0.0493s
  k=40 (ball_tree)... 0.7249s (kd_tree)... 0.8317s (brute)... 0.0533s
  k=50 (ball_tree)... 0.7407s (kd_tree)... 0.8634s (brute)... 0.0562s

Baseline algorithms:
  LOF ball_tree (averaged): 0.7036s
  LOF kd_tree (averaged): 0.7901s
  LOF brute (averaged): 0.0478s

Using LOF brute as reference for FastLOF comparisons

Testing chunk sizes: [3500, 3400, 3300, 3200, 3100, 3000, 2900, 2800, 2700, 2600, 2500, 2400, 2300, 2200, 2100, 2000, 1900, 1800, 1700, 1600, 1500, 1400, 1300, 1200, 1100, 1000, 900, 800, 700, 600, 500, 400, 300, 200, 100]

--- Running FastLOF ---
Chunk size 3500:
  k=10... 0.1147s
  k=20... 0.0689s
  k=30... 0.0983s
  k=40... 0.1330s
  k=50... 0.1433s
  Averaged: 0.1117s, corr=1.0000
Chunk size 3400:
  k=10... 0.2176s
  k=20... 0.2178s
  k=30... 0.2237s
  k=40... 0.2189s
  k=50... 0.2269s
  Averaged: 0.2210s, corr=0.9997
Chunk size 3300:
  k=10... 0.2120s
  k=20... 0.1676s
  k=30... 0.0661s
  k=40... 0.0693s
  k=50... 0.0716s
  Averaged: 0.1173s, corr=0.9989
Chunk size 3200:
  k=10... 0.0567s
  k=20... 0.0615s
  k=30... 0.1395s
  k=40... 0.2129s
  k=50... 0.1229s
  Averaged: 0.1187s, corr=0.9988
Chunk size 3100:
  k=10... 0.0716s
  k=20... 0.0635s
  k=30... 0.0675s
  k=40... 0.0704s
  k=50... 0.0726s
  Averaged: 0.0691s, corr=0.9982
Chunk size 3000:
  k=10... 0.0559s
  k=20... 0.0624s
  k=30... 0.0669s
  k=40... 0.0702s
  k=50... 0.0726s
  Averaged: 0.0656s, corr=0.9986
Chunk size 2900:
  k=10... 0.0554s
  k=20... 0.0634s
  k=30... 0.0673s
  k=40... 0.0700s
  k=50... 0.0740s
  Averaged: 0.0660s, corr=0.9987
Chunk size 2800:
  k=10... 0.0530s
  k=20... 0.0864s
  k=30... 0.0609s
  k=40... 0.0711s
  k=50... 0.0764s
  Averaged: 0.0696s, corr=0.9973
Chunk size 2700:
  k=10... 0.0674s
  k=20... 0.0608s
  k=30... 0.0666s
  k=40... 0.0699s
  k=50... 0.0732s
  Averaged: 0.0676s, corr=0.9985
Chunk size 2600:
  k=10... 0.0538s
  k=20... 0.0588s
  k=30... 0.0627s
  k=40... 0.0669s
  k=50... 0.0730s
  Averaged: 0.0630s, corr=0.9985
Chunk size 2500:
  k=10... 0.0527s
  k=20... 0.0588s
  k=30... 0.0618s
  k=40... 0.0660s
  k=50... 0.0720s
  Averaged: 0.0622s, corr=0.9984
Chunk size 2400:
  k=10... 0.0519s
  k=20... 0.0583s
  k=30... 0.0610s
  k=40... 0.0658s
  k=50... 0.0673s
  Averaged: 0.0609s, corr=0.9982
Chunk size 2300:
  k=10... 0.0528s
  k=20... 0.0589s
  k=30... 0.0663s
  k=40... 0.0694s
  k=50... 0.0768s
  Averaged: 0.0648s, corr=0.9980
Chunk size 2200:
  k=10... 0.0506s
  k=20... 0.0584s
  k=30... 0.0625s
  k=40... 0.0686s
  k=50... 0.0743s
  Averaged: 0.0629s, corr=0.9959
Chunk size 2100:
  k=10... 0.0471s
  k=20... 0.0586s
  k=30... 0.0637s
  k=40... 0.0687s
  k=50... 0.0723s
  Averaged: 0.0621s, corr=0.9902
Chunk size 2000:
  k=10... 0.0454s
  k=20... 0.0573s
  k=30... 0.0637s
  k=40... 0.0679s
  k=50... 0.0730s
  Averaged: 0.0615s, corr=0.9922
Chunk size 1900:
  k=10... 0.0448s
  k=20... 0.0560s
  k=30... 0.0622s
  k=40... 0.0679s
  k=50... 0.0742s
  Averaged: 0.0610s, corr=0.9919
Chunk size 1800:
  k=10... 0.0445s
  k=20... 0.0561s
  k=30... 0.0630s
  k=40... 0.0684s
  k=50... 0.0720s
  Averaged: 0.0608s, corr=0.9904
Chunk size 1700:
  k=10... 0.0486s
  k=20... 0.0564s
  k=30... 0.0650s
  k=40... 0.0715s
  k=50... 0.0755s
  Averaged: 0.0634s, corr=0.9892
Chunk size 1600:
  k=10... 0.0489s
  k=20... 0.0560s
  k=30... 0.0642s
  k=40... 0.0697s
  k=50... 0.0732s
  Averaged: 0.0624s, corr=0.9842
Chunk size 1500:
  k=10... 0.0444s
  k=20... 0.0573s
  k=30... 0.0639s
  k=40... 0.0703s
  k=50... 0.0733s
  Averaged: 0.0618s, corr=0.9802
Chunk size 1400:
  k=10... 0.0437s
  k=20... 0.0545s
  k=30... 0.0631s
  k=40... 0.0694s
  k=50... 0.0719s
  Averaged: 0.0605s, corr=0.9841
Chunk size 1300:
  k=10... 0.0471s
  k=20... 0.0562s
  k=30... 0.0646s
  k=40... 0.0711s
  k=50... 0.0745s
  Averaged: 0.0627s, corr=0.9707
Chunk size 1200:
  k=10... 0.0425s
  k=20... 0.0555s
  k=30... 0.0625s
  k=40... 0.0681s
  k=50... 0.0729s
  Averaged: 0.0603s, corr=0.9770
Chunk size 1100:
  k=10... 0.0440s
  k=20... 0.0567s
  k=30... 0.0654s
  k=40... 0.0715s
  k=50... 0.0740s
  Averaged: 0.0623s, corr=0.9688
Chunk size 1000:
  k=10... 0.0432s
  k=20... 0.0559s
  k=30... 0.0609s
  k=40... 0.0654s
  k=50... 0.0700s
  Averaged: 0.0591s, corr=0.9723
Chunk size 900:
  k=10... 0.0459s
  k=20... 0.0565s
  k=30... 0.0606s
  k=40... 0.0652s
  k=50... 0.0676s
  Averaged: 0.0592s, corr=0.9643
Chunk size 800:
  k=10... 0.0475s
  k=20... 0.0561s
  k=30... 0.0621s
  k=40... 0.0674s
  k=50... 0.0652s
  Averaged: 0.0597s, corr=0.9547
Chunk size 700:
  k=10... 0.0484s
  k=20... 0.0575s
  k=30... 0.0580s
  k=40... 0.0600s
  k=50... 0.0600s
  Averaged: 0.0568s, corr=0.9495
Chunk size 600:
  k=10... 0.0527s
  k=20... 0.0564s
  k=30... 0.0599s
  k=40... 0.0642s
  k=50... 0.0657s
  Averaged: 0.0598s, corr=0.9371
Chunk size 500:
  k=10... 0.0544s
  k=20... 0.0530s
  k=30... 0.0610s
  k=40... 0.0609s
  k=50... 0.0667s
  Averaged: 0.0592s, corr=0.9299
Chunk size 400:
  k=10... 0.0575s
  k=20... 0.0577s
  k=30... 0.0655s
  k=40... 0.0690s
  k=50... 0.0752s
  Averaged: 0.0650s, corr=0.9133
Chunk size 300:
  k=10... 0.0635s
  k=20... 0.0667s
  k=30... 0.0755s
  k=40... 0.0807s
  k=50... 0.0900s
  Averaged: 0.0753s, corr=0.8905
Chunk size 200:
  k=10... 0.0845s
  k=20... 0.0971s
  k=30... 0.1100s
  k=40... 0.1195s
  k=50... 0.1316s
  Averaged: 0.1085s, corr=0.8846
Chunk size 100:
  k=10... 0.2078s
  k=20... 0.2303s
  k=30... 0.4708s
  k=40... 0.2730s
  k=50... 0.3787s
  Averaged: 0.3121s, corr=0.8731
Saved results to /pfs/data6/home/hu/hu_hu/hu_abdeal01/Final-FastLOF/results/annthyroid-unsupervised-ad/fastlof_experiments/k10-50_t1.1/fastlof_results.csv
/pfs/data6/home/hu/hu_hu/hu_abdeal01/Final-FastLOF/experiments.py:1471: UserWarning: No artists with labels found to put in legend.  Note that artists whose label start with an underscore are ignored when legend() is called with no argument.
  axes[0, 1].legend(loc='upper left', fontsize=8)
Saved Experiment B plots to /pfs/data6/home/hu/hu_hu/hu_abdeal01/Final-FastLOF/results/annthyroid-unsupervised-ad/fastlof_experiments/k10-50_t1.1/fastlof_summary.png
Saved detail plots to /pfs/data6/home/hu/hu_hu/hu_abdeal01/Final-FastLOF/results/annthyroid-unsupervised-ad/fastlof_experiments/k10-50_t1.1/fastlof_detail.png
Saved FastLOF scatter plots to /pfs/data6/home/hu/hu_hu/hu_abdeal01/Final-FastLOF/results/annthyroid-unsupervised-ad/fastlof_experiments/k10-50_t1.1/fastlof_scatter.png
Saved FastLOF timing pies to /pfs/data6/home/hu/hu_hu/hu_abdeal01/Final-FastLOF/results/annthyroid-unsupervised-ad/fastlof_experiments/k10-50_t1.1/fastlof_timing.png

=== Experiment B Complete ===

--------------------------------------------------------------------------------
Running with threshold = 1.2
--------------------------------------------------------------------------------


=== Experiment B: FastLOF Speed & Scalability ===
Using contamination parameter: 0.0361
Testing k values: [10, 20, 30, 40, 50]
Chunk sizes: 3500 to 100 (step=100)

--- Running baseline LOF ---
  k=10 (ball_tree)... 0.6629s (kd_tree)... 0.7050s (brute)... 0.0375s
  k=20 (ball_tree)... 0.6811s (kd_tree)... 0.7618s (brute)... 0.0426s
  k=30 (ball_tree)... 0.7038s (kd_tree)... 0.8043s (brute)... 0.0479s
  k=40 (ball_tree)... 0.7241s (kd_tree)... 0.8393s (brute)... 0.0521s
  k=50 (ball_tree)... 0.7454s (kd_tree)... 0.8713s (brute)... 0.0564s

Baseline algorithms:
  LOF ball_tree (averaged): 0.7035s
  LOF kd_tree (averaged): 0.7963s
  LOF brute (averaged): 0.0473s

Using LOF brute as reference for FastLOF comparisons

Testing chunk sizes: [3500, 3400, 3300, 3200, 3100, 3000, 2900, 2800, 2700, 2600, 2500, 2400, 2300, 2200, 2100, 2000, 1900, 1800, 1700, 1600, 1500, 1400, 1300, 1200, 1100, 1000, 900, 800, 700, 600, 500, 400, 300, 200, 100]

--- Running FastLOF ---
Chunk size 3500:
  k=10... 0.0594s
  k=20... 0.0590s
  k=30... 0.0607s
  k=40... 0.0622s
  k=50... 0.0645s
  Averaged: 0.0612s, corr=1.0000
Chunk size 3400:
  k=10... 0.0586s
  k=20... 0.0614s
  k=30... 0.0648s
  k=40... 0.0678s
  k=50... 0.0674s
  Averaged: 0.0640s, corr=0.9996
Chunk size 3300:
  k=10... 0.0579s
  k=20... 0.0595s
  k=30... 0.0637s
  k=40... 0.0691s
  k=50... 0.0702s
  Averaged: 0.0641s, corr=0.9991
Chunk size 3200:
  k=10... 0.1007s
  k=20... 0.0568s
  k=30... 0.0589s
  k=40... 0.0609s
  k=50... 0.0694s
  Averaged: 0.0693s, corr=0.9983
Chunk size 3100:
  k=10... 0.0535s
  k=20... 0.0561s
  k=30... 0.0586s
  k=40... 0.0637s
  k=50... 0.0695s
  Averaged: 0.0603s, corr=0.9971
Chunk size 3000:
  k=10... 0.0522s
  k=20... 0.0533s
  k=30... 0.0556s
  k=40... 0.0623s
  k=50... 0.0856s
  Averaged: 0.0618s, corr=0.9988
Chunk size 2900:
  k=10... 0.0518s
  k=20... 0.0548s
  k=30... 0.0578s
  k=40... 0.0660s
  k=50... 0.0709s
  Averaged: 0.0603s, corr=0.9974
Chunk size 2800:
  k=10... 0.0477s
  k=20... 0.0510s
  k=30... 0.0554s
  k=40... 0.0617s
  k=50... 0.0633s
  Averaged: 0.0558s, corr=0.9984
Chunk size 2700:
  k=10... 0.0482s
  k=20... 0.0514s
  k=30... 0.0564s
  k=40... 0.0635s
  k=50... 0.0652s
  Averaged: 0.0570s, corr=0.9974
Chunk size 2600:
  k=10... 0.0478s
  k=20... 0.0500s
  k=30... 0.0556s
  k=40... 0.0611s
  k=50... 0.0649s
  Averaged: 0.0559s, corr=0.9981
Chunk size 2500:
  k=10... 0.0474s
  k=20... 0.0495s
  k=30... 0.0522s
  k=40... 0.0557s
  k=50... 0.0621s
  Averaged: 0.0534s, corr=0.9980
Chunk size 2400:
  k=10... 0.0463s
  k=20... 0.0491s
  k=30... 0.0512s
  k=40... 0.0545s
  k=50... 0.0616s
  Averaged: 0.0525s, corr=0.9977
Chunk size 2300:
  k=10... 0.0473s
  k=20... 0.0498s
  k=30... 0.0518s
  k=40... 0.0532s
  k=50... 0.0628s
  Averaged: 0.0530s, corr=0.9977
Chunk size 2200:
  k=10... 0.0449s
  k=20... 0.0490s
  k=30... 0.0546s
  k=40... 0.0596s
  k=50... 0.0664s
  Averaged: 0.0549s, corr=0.9928
Chunk size 2100:
  k=10... 0.0433s
  k=20... 0.0521s
  k=30... 0.0584s
  k=40... 0.0622s
  k=50... 0.0644s
  Averaged: 0.0561s, corr=0.9881
Chunk size 2000:
  k=10... 0.0417s
  k=20... 0.0509s
  k=30... 0.0547s
  k=40... 0.0572s
  k=50... 0.0683s
  Averaged: 0.0546s, corr=0.9927
Chunk size 1900:
  k=10... 0.0421s
  k=20... 0.0501s
  k=30... 0.0531s
  k=40... 0.0599s
  k=50... 0.0666s
  Averaged: 0.0543s, corr=0.9890
Chunk size 1800:
  k=10... 0.0415s
  k=20... 0.0487s
  k=30... 0.0526s
  k=40... 0.0598s
  k=50... 0.0675s
  Averaged: 0.0540s, corr=0.9913
Chunk size 1700:
  k=10... 0.0417s
  k=20... 0.0473s
  k=30... 0.0528s
  k=40... 0.0599s
  k=50... 0.0676s
  Averaged: 0.0539s, corr=0.9854
Chunk size 1600:
  k=10... 0.0396s
  k=20... 0.0492s
  k=30... 0.0561s
  k=40... 0.0574s
  k=50... 0.0672s
  Averaged: 0.0539s, corr=0.9779
Chunk size 1500:
  k=10... 0.0382s
  k=20... 0.0511s
  k=30... 0.0565s
  k=40... 0.0619s
  k=50... 0.0672s
  Averaged: 0.0550s, corr=0.9748
Chunk size 1400:
  k=10... 0.0374s
  k=20... 0.0492s
  k=30... 0.0516s
  k=40... 0.0579s
  k=50... 0.0654s
  Averaged: 0.0523s, corr=0.9786
Chunk size 1300:
  k=10... 0.0380s
  k=20... 0.0506s
  k=30... 0.0545s
  k=40... 0.0568s
  k=50... 0.0666s
  Averaged: 0.0533s, corr=0.9767
Chunk size 1200:
  k=10... 0.0356s
  k=20... 0.0496s
  k=30... 0.0573s
  k=40... 0.0582s
  k=50... 0.0658s
  Averaged: 0.0533s, corr=0.9715
Chunk size 1100:
  k=10... 0.0360s
  k=20... 0.0505s
  k=30... 0.0565s
  k=40... 0.0604s
  k=50... 0.0605s
  Averaged: 0.0528s, corr=0.9637
Chunk size 1000:
  k=10... 0.0344s
  k=20... 0.0511s
  k=30... 0.0497s
  k=40... 0.0581s
  k=50... 0.0605s
  Averaged: 0.0508s, corr=0.9636
Chunk size 900:
  k=10... 0.0359s
  k=20... 0.0472s
  k=30... 0.0528s
  k=40... 0.0549s
  k=50... 0.0608s
  Averaged: 0.0503s, corr=0.9437
Chunk size 800:
  k=10... 0.0368s
  k=20... 0.0447s
  k=30... 0.0517s
  k=40... 0.0555s
  k=50... 0.0607s
  Averaged: 0.0499s, corr=0.9360
Chunk size 700:
  k=10... 0.0372s
  k=20... 0.0458s
  k=30... 0.0520s
  k=40... 0.0527s
  k=50... 0.0522s
  Averaged: 0.0480s, corr=0.9413
Chunk size 600:
  k=10... 0.0386s
  k=20... 0.0455s
  k=30... 0.0513s
  k=40... 0.0568s
  k=50... 0.0610s
  Averaged: 0.0506s, corr=0.9077
Chunk size 500:
  k=10... 0.0410s
  k=20... 0.0492s
  k=30... 0.0530s
  k=40... 0.0553s
  k=50... 0.0603s
  Averaged: 0.0518s, corr=0.9051
Chunk size 400:
  k=10... 0.0440s
  k=20... 0.0537s
  k=30... 0.0604s
  k=40... 0.0629s
  k=50... 0.0699s
  Averaged: 0.0582s, corr=0.8881
Chunk size 300:
  k=10... 0.0557s
  k=20... 0.0607s
  k=30... 0.0690s
  k=40... 0.0756s
  k=50... 0.0852s
  Averaged: 0.0692s, corr=0.8729
Chunk size 200:
  k=10... 0.0797s
  k=20... 0.0932s
  k=30... 0.1050s
  k=40... 0.1149s
  k=50... 0.1281s
  Averaged: 0.1042s, corr=0.8476
Chunk size 100:
  k=10... 0.1946s
  k=20... 0.2181s
  k=30... 0.2419s
  k=40... 0.2606s
  k=50... 0.2882s
  Averaged: 0.2407s, corr=0.8647
Saved results to /pfs/data6/home/hu/hu_hu/hu_abdeal01/Final-FastLOF/results/annthyroid-unsupervised-ad/fastlof_experiments/k10-50_t1.2/fastlof_results.csv
/pfs/data6/home/hu/hu_hu/hu_abdeal01/Final-FastLOF/experiments.py:1471: UserWarning: No artists with labels found to put in legend.  Note that artists whose label start with an underscore are ignored when legend() is called with no argument.
  axes[0, 1].legend(loc='upper left', fontsize=8)
Saved Experiment B plots to /pfs/data6/home/hu/hu_hu/hu_abdeal01/Final-FastLOF/results/annthyroid-unsupervised-ad/fastlof_experiments/k10-50_t1.2/fastlof_summary.png
Saved detail plots to /pfs/data6/home/hu/hu_hu/hu_abdeal01/Final-FastLOF/results/annthyroid-unsupervised-ad/fastlof_experiments/k10-50_t1.2/fastlof_detail.png
Saved FastLOF scatter plots to /pfs/data6/home/hu/hu_hu/hu_abdeal01/Final-FastLOF/results/annthyroid-unsupervised-ad/fastlof_experiments/k10-50_t1.2/fastlof_scatter.png
Saved FastLOF timing pies to /pfs/data6/home/hu/hu_hu/hu_abdeal01/Final-FastLOF/results/annthyroid-unsupervised-ad/fastlof_experiments/k10-50_t1.2/fastlof_timing.png

=== Experiment B Complete ===

================================================================================
All Experiments Complete!
================================================================================


========================================================================
Job Completion
========================================================================
Exit code: 0
Completed at: Mon Dec  8 05:28:40 PM CET 2025
========================================================================

============================= JOB FEEDBACK =============================

NodeName=uc3n033
Job ID: 2459836
Cluster: uc3
User/Group: hu_abdeal01/hu_hu
State: COMPLETED (exit code 0)
Nodes: 1
Cores per node: 16
CPU Utilized: 03:19:49
CPU Efficiency: 59.14% of 05:37:52 core-walltime
Job Wall-clock time: 00:21:07
Memory Utilized: 1.39 GB
Memory Efficiency: 4.36% of 32.00 GB (32.00 GB/node)
