========================================================================
Job Information
========================================================================
Job ID: 2598518
Job Name: fastlof_annthyroid-unsupervised-ad
Node: uc3n002.localdomain
Started at: Sun Dec 14 05:03:09 PM CET 2025
CPUs allocated: 16
Memory allocated: 32G
Partition: cpu
Thread limit: 5
========================================================================

Working directory: /pfs/data6/home/hu/hu_hu/hu_abdeal01/Final-FastLOF

========================================================================
Environment Information
========================================================================
Python 3.9.18

matplotlib                    3.9.4
numpy                         2.0.2
pandas                        2.3.3
scikit-learn                  1.6.1
========================================================================

========================================================================
Starting Experiment: annthyroid-unsupervised-ad - FastLOF
========================================================================


================================================================================
FastLOF Experiment - annthyroid-unsupervised-ad
================================================================================

Loading dataset: data/annthyroid-unsupervised-ad.csv

--- Dataset preview (first 5 rows) ---
   0.45  1.0  0.0  0.0.1  0.0.2  ...   0.006    0.023  0.087    0.026  o
0  0.61  0.0  0.0    0.0    0.0  ...  0.0150  0.06100  0.096  0.06400  o
1  0.16  0.0  1.0    0.0    0.0  ...  0.0190  0.05800  0.103  0.05600  o
2  0.85  0.0  0.0    0.0    0.0  ...  0.0030  0.02400  0.061  0.03900  o
3  0.75  1.0  0.0    0.0    0.0  ...  0.0030  0.00500  0.116  0.00400  o
4  0.85  0.0  0.0    0.0    0.0  ...  0.0096  0.03121  0.102  0.03042  o

[5 rows x 22 columns]
--------------------------------------
Dataset shape: (6916, 21)
Number of anomalies: 250 (3.61%)

Testing thresholds: [0, 1.0, 1.01, 1.1, 1.2]

--------------------------------------------------------------------------------
Running with threshold = 0
--------------------------------------------------------------------------------


=== Experiment B: FastLOF Speed & Scalability ===
Using contamination parameter: 0.0361
Testing k values: [10, 20, 30, 40, 50]
Chunk sizes: 3500 to 100 (step=100)

--- Running baseline LOF ---
  k=10 (ball_tree)... 0.6730s (kd_tree)... 0.2817s (brute)... 0.0513s
  k=20 (ball_tree)... 0.7109s (kd_tree)... 0.3182s (brute)... 0.0406s
  k=30 (ball_tree)... 0.7493s (kd_tree)... 0.3517s (brute)... 0.0455s
  k=40 (ball_tree)... 0.7763s (kd_tree)... 0.3773s (brute)... 0.0513s
  k=50 (ball_tree)... 0.8093s (kd_tree)... 0.4065s (brute)... 0.0562s

Baseline algorithms:
  LOF ball_tree (averaged): 0.7437s
  LOF kd_tree (averaged): 0.3471s
  LOF brute (averaged): 0.0490s

Using LOF brute as reference for FastLOF comparisons

Testing chunk sizes: [3500, 3400, 3300, 3200, 3100, 3000, 2900, 2800, 2700, 2600, 2500, 2400, 2300, 2200, 2100, 2000, 1900, 1800, 1700, 1600, 1500, 1400, 1300, 1200, 1100, 1000, 900, 800, 700, 600, 500, 400, 300, 200, 100]

--- Running FastLOF ---
Chunk size 3500:
  k=10... 0.5833s
  k=20... 0.0603s
  k=30... 0.0627s
  k=40... 0.0596s
  k=50... 0.0637s
  Averaged: 0.1659s, corr=1.0000
Chunk size 3400:
  k=10... 0.1279s
  k=20... 0.0637s
  k=30... 0.0655s
  k=40... 0.0698s
  k=50... 0.0728s
  Averaged: 0.0799s, corr=1.0000
Chunk size 3300:
  k=10... 0.0617s
  k=20... 0.0658s
  k=30... 0.0695s
  k=40... 0.0721s
  k=50... 0.0743s
  Averaged: 0.0687s, corr=1.0000
Chunk size 3200:
  k=10... 0.0607s
  k=20... 0.0655s
  k=30... 0.0689s
  k=40... 0.0723s
  k=50... 0.0762s
  Averaged: 0.0687s, corr=1.0000
Chunk size 3100:
  k=10... 0.0584s
  k=20... 0.0632s
  k=30... 0.0664s
  k=40... 0.0696s
  k=50... 0.0733s
  Averaged: 0.0662s, corr=1.0000
Chunk size 3000:
  k=10... 0.0574s
  k=20... 0.0627s
  k=30... 0.0645s
  k=40... 0.0689s
  k=50... 0.0710s
  Averaged: 0.0649s, corr=1.0000
Chunk size 2900:
  k=10... 0.0553s
  k=20... 0.0602s
  k=30... 0.0663s
  k=40... 0.0679s
  k=50... 0.2196s
  Averaged: 0.0939s, corr=1.0000
Chunk size 2800:
  k=10... 0.2025s
  k=20... 0.2107s
  k=30... 0.2132s
  k=40... 0.1826s
  k=50... 0.0680s
  Averaged: 0.1754s, corr=1.0000
Chunk size 2700:
  k=10... 0.0624s
  k=20... 0.0523s
  k=30... 0.0554s
  k=40... 0.0585s
  k=50... 0.0609s
  Averaged: 0.0579s, corr=1.0000
Chunk size 2600:
  k=10... 0.0487s
  k=20... 0.0544s
  k=30... 0.0570s
  k=40... 0.0613s
  k=50... 0.0634s
  Averaged: 0.0569s, corr=1.0000
Chunk size 2500:
  k=10... 0.0501s
  k=20... 0.0544s
  k=30... 0.0580s
  k=40... 0.0614s
  k=50... 0.0628s
  Averaged: 0.0573s, corr=1.0000
Chunk size 2400:
  k=10... 0.0497s
  k=20... 0.0535s
  k=30... 0.0595s
  k=40... 0.0630s
  k=50... 0.0665s
  Averaged: 0.0584s, corr=1.0000
Chunk size 2300:
  k=10... 0.0511s
  k=20... 0.0564s
  k=30... 0.0604s
  k=40... 0.0624s
  k=50... 0.0644s
  Averaged: 0.0589s, corr=1.0000
Chunk size 2200:
  k=10... 0.0501s
  k=20... 0.0556s
  k=30... 0.0616s
  k=40... 0.0628s
  k=50... 0.0683s
  Averaged: 0.0597s, corr=1.0000
Chunk size 2100:
  k=10... 0.0495s
  k=20... 0.0551s
  k=30... 0.0612s
  k=40... 0.0617s
  k=50... 0.0696s
  Averaged: 0.0594s, corr=1.0000
Chunk size 2000:
  k=10... 0.0488s
  k=20... 0.0547s
  k=30... 0.0588s
  k=40... 0.0639s
  k=50... 0.0703s
  Averaged: 0.0593s, corr=1.0000
Chunk size 1900:
  k=10... 0.0485s
  k=20... 0.0547s
  k=30... 0.0594s
  k=40... 0.0643s
  k=50... 0.3056s
  Averaged: 0.1065s, corr=1.0000
Chunk size 1800:
  k=10... 0.0486s
  k=20... 0.0548s
  k=30... 0.0577s
  k=40... 0.0645s
  k=50... 0.0668s
  Averaged: 0.0585s, corr=1.0000
Chunk size 1700:
  k=10... 0.0497s
  k=20... 0.0584s
  k=30... 0.0623s
  k=40... 0.0674s
  k=50... 0.0708s
  Averaged: 0.0617s, corr=1.0000
Chunk size 1600:
  k=10... 0.0484s
  k=20... 0.0564s
  k=30... 0.0617s
  k=40... 0.0656s
  k=50... 0.0715s
  Averaged: 0.0607s, corr=1.0000
Chunk size 1500:
  k=10... 0.0487s
  k=20... 0.0558s
  k=30... 0.0611s
  k=40... 0.0667s
  k=50... 0.0720s
  Averaged: 0.0608s, corr=1.0000
Chunk size 1400:
  k=10... 0.0482s
  k=20... 0.0560s
  k=30... 0.0598s
  k=40... 0.0642s
  k=50... 0.0704s
  Averaged: 0.0597s, corr=1.0000
Chunk size 1300:
  k=10... 0.0491s
  k=20... 0.0580s
  k=30... 0.0628s
  k=40... 0.0677s
  k=50... 0.0736s
  Averaged: 0.0623s, corr=1.0000
Chunk size 1200:
  k=10... 0.0482s
  k=20... 0.0559s
  k=30... 0.0611s
  k=40... 0.0669s
  k=50... 0.0736s
  Averaged: 0.0612s, corr=1.0000
Chunk size 1100:
  k=10... 0.0493s
  k=20... 0.0585s
  k=30... 0.0649s
  k=40... 0.0702s
  k=50... 0.0740s
  Averaged: 0.0634s, corr=1.0000
Chunk size 1000:
  k=10... 0.0492s
  k=20... 0.0577s
  k=30... 0.0638s
  k=40... 0.0702s
  k=50... 0.0719s
  Averaged: 0.0626s, corr=1.0000
Chunk size 900:
  k=10... 0.0503s
  k=20... 0.0608s
  k=30... 0.0682s
  k=40... 0.0725s
  k=50... 0.0761s
  Averaged: 0.0656s, corr=1.0000
Chunk size 800:
  k=10... 0.0508s
  k=20... 0.0632s
  k=30... 0.0704s
  k=40... 0.0742s
  k=50... 0.0756s
  Averaged: 0.0668s, corr=1.0000
Chunk size 700:
  k=10... 0.0521s
  k=20... 0.0647s
  k=30... 0.0705s
  k=40... 0.0739s
  k=50... 0.0792s
  Averaged: 0.0681s, corr=1.0000
Chunk size 600:
  k=10... 0.0550s
  k=20... 0.0718s
  k=30... 0.0759s
  k=40... 0.0808s
  k=50... 0.0864s
  Averaged: 0.0740s, corr=1.0000
Chunk size 500:
  k=10... 0.0590s
  k=20... 0.0728s
  k=30... 0.0787s
  k=40... 0.0764s
  k=50... 0.0802s
  Averaged: 0.0734s, corr=1.0000
Chunk size 400:
  k=10... 0.0682s
  k=20... 0.0831s
  k=30... 0.0788s
  k=40... 0.0839s
  k=50... 0.0906s
  Averaged: 0.0809s, corr=1.0000
Chunk size 300:
  k=10... 0.0854s
  k=20... 0.0839s
  k=30... 0.0928s
  k=40... 0.0982s
  k=50... 0.1068s
  Averaged: 0.0934s, corr=1.0000
Chunk size 200:
  k=10... 0.1048s
  k=20... 0.1151s
  k=30... 0.1268s
  k=40... 0.1359s
  k=50... 0.1473s
  Averaged: 0.1260s, corr=1.0000
Chunk size 100:
  k=10... 0.2159s
  k=20... 0.2349s
  k=30... 0.2581s
  k=40... 0.2745s
  k=50... 0.3002s
  Averaged: 0.2567s, corr=1.0000
Saved results to /pfs/data6/home/hu/hu_hu/hu_abdeal01/Final-FastLOF/results/annthyroid-unsupervised-ad/fastlof_experiments/k10-50_t0/fastlof_results.csv
/pfs/data6/home/hu/hu_hu/hu_abdeal01/Final-FastLOF/experiments.py:1634: UserWarning: No artists with labels found to put in legend.  Note that artists whose label start with an underscore are ignored when legend() is called with no argument.
  axes[0, 1].legend(loc='upper left', fontsize=8)
Saved Experiment B plots to /pfs/data6/home/hu/hu_hu/hu_abdeal01/Final-FastLOF/results/annthyroid-unsupervised-ad/fastlof_experiments/k10-50_t0/fastlof_summary.png
Saved detail plots to /pfs/data6/home/hu/hu_hu/hu_abdeal01/Final-FastLOF/results/annthyroid-unsupervised-ad/fastlof_experiments/k10-50_t0/fastlof_detail.png
Saved FastLOF scatter plots to /pfs/data6/home/hu/hu_hu/hu_abdeal01/Final-FastLOF/results/annthyroid-unsupervised-ad/fastlof_experiments/k10-50_t0/fastlof_scatter.png
Saved FastLOF timing pies to /pfs/data6/home/hu/hu_hu/hu_abdeal01/Final-FastLOF/results/annthyroid-unsupervised-ad/fastlof_experiments/k10-50_t0/fastlof_timing.png

=== Experiment B Complete ===

--------------------------------------------------------------------------------
Running with threshold = 1.0
--------------------------------------------------------------------------------


=== Experiment B: FastLOF Speed & Scalability ===
Using contamination parameter: 0.0361
Testing k values: [10, 20, 30, 40, 50]
Chunk sizes: 3500 to 100 (step=100)

--- Running baseline LOF ---
  k=10 (ball_tree)... 0.6691s (kd_tree)... 0.2819s (brute)... 0.0375s
  k=20 (ball_tree)... 0.7127s (kd_tree)... 0.3182s (brute)... 0.0405s
  k=30 (ball_tree)... 0.7463s (kd_tree)... 0.3482s (brute)... 0.0452s
  k=40 (ball_tree)... 0.7762s (kd_tree)... 0.3758s (brute)... 0.0492s
  k=50 (ball_tree)... 0.8035s (kd_tree)... 0.4021s (brute)... 0.0534s

Baseline algorithms:
  LOF ball_tree (averaged): 0.7416s
  LOF kd_tree (averaged): 0.3452s
  LOF brute (averaged): 0.0452s

Using LOF brute as reference for FastLOF comparisons

Testing chunk sizes: [3500, 3400, 3300, 3200, 3100, 3000, 2900, 2800, 2700, 2600, 2500, 2400, 2300, 2200, 2100, 2000, 1900, 1800, 1700, 1600, 1500, 1400, 1300, 1200, 1100, 1000, 900, 800, 700, 600, 500, 400, 300, 200, 100]

--- Running FastLOF ---
Chunk size 3500:
  k=10... 0.0577s
  k=20... 0.0608s
  k=30... 0.0631s
  k=40... 0.0651s
  k=50... 0.0667s
  Averaged: 0.0627s, corr=1.0000
Chunk size 3400:
  k=10... 0.0601s
  k=20... 0.0637s
  k=30... 0.0654s
  k=40... 0.0683s
  k=50... 0.0692s
  Averaged: 0.0653s, corr=0.9996
Chunk size 3300:
  k=10... 0.0579s
  k=20... 0.0593s
  k=30... 0.0612s
  k=40... 0.0640s
  k=50... 0.0672s
  Averaged: 0.0619s, corr=0.9994
Chunk size 3200:
  k=10... 0.0552s
  k=20... 0.0580s
  k=30... 0.0605s
  k=40... 0.0639s
  k=50... 0.0659s
  Averaged: 0.0607s, corr=0.9991
Chunk size 3100:
  k=10... 0.0540s
  k=20... 0.0566s
  k=30... 0.0593s
  k=40... 0.0619s
  k=50... 0.0654s
  Averaged: 0.0595s, corr=0.9989
Chunk size 3000:
  k=10... 0.0536s
  k=20... 0.0566s
  k=30... 0.0618s
  k=40... 0.0643s
  k=50... 0.0669s
  Averaged: 0.0606s, corr=0.9991
Chunk size 2900:
  k=10... 0.1076s
  k=20... 0.0574s
  k=30... 0.0615s
  k=40... 0.0632s
  k=50... 0.0666s
  Averaged: 0.0713s, corr=0.9988
Chunk size 2800:
  k=10... 0.0537s
  k=20... 0.0554s
  k=30... 0.0587s
  k=40... 0.0605s
  k=50... 0.0627s
  Averaged: 0.0582s, corr=0.9982
Chunk size 2700:
  k=10... 0.0505s
  k=20... 0.0534s
  k=30... 0.0558s
  k=40... 0.0569s
  k=50... 0.0585s
  Averaged: 0.0550s, corr=0.9976
Chunk size 2600:
  k=10... 0.0497s
  k=20... 0.0519s
  k=30... 0.0543s
  k=40... 0.0564s
  k=50... 0.0611s
  Averaged: 0.0547s, corr=0.9989
Chunk size 2500:
  k=10... 0.0492s
  k=20... 0.0520s
  k=30... 0.0561s
  k=40... 0.0599s
  k=50... 0.0630s
  Averaged: 0.0561s, corr=0.9990
Chunk size 2400:
  k=10... 0.0494s
  k=20... 0.0528s
  k=30... 0.0552s
  k=40... 0.0569s
  k=50... 0.0606s
  Averaged: 0.0550s, corr=0.9992
Chunk size 2300:
  k=10... 0.0506s
  k=20... 0.0626s
  k=30... 0.0612s
  k=40... 0.0657s
  k=50... 0.0671s
  Averaged: 0.0614s, corr=0.9990
Chunk size 2200:
  k=10... 0.0521s
  k=20... 0.0558s
  k=30... 0.0592s
  k=40... 0.0612s
  k=50... 0.0636s
  Averaged: 0.0584s, corr=0.9982
Chunk size 2100:
  k=10... 0.0475s
  k=20... 0.0506s
  k=30... 0.0550s
  k=40... 0.0581s
  k=50... 0.0622s
  Averaged: 0.0547s, corr=0.9981
Chunk size 2000:
  k=10... 0.0461s
  k=20... 0.0484s
  k=30... 0.0508s
  k=40... 0.0543s
  k=50... 0.0613s
  Averaged: 0.0522s, corr=0.9977
Chunk size 1900:
  k=10... 0.0443s
  k=20... 0.0474s
  k=30... 0.0492s
  k=40... 0.0542s
  k=50... 0.0588s
  Averaged: 0.0508s, corr=0.9966
Chunk size 1800:
  k=10... 0.0437s
  k=20... 0.0478s
  k=30... 0.0483s
  k=40... 0.0540s
  k=50... 0.0577s
  Averaged: 0.0503s, corr=0.9961
Chunk size 1700:
  k=10... 0.0464s
  k=20... 0.0480s
  k=30... 0.0509s
  k=40... 0.0563s
  k=50... 0.0644s
  Averaged: 0.0532s, corr=0.9953
Chunk size 1600:
  k=10... 0.0461s
  k=20... 0.0494s
  k=30... 0.0544s
  k=40... 0.0593s
  k=50... 0.0635s
  Averaged: 0.0546s, corr=0.9946
Chunk size 1500:
  k=10... 0.0454s
  k=20... 0.0476s
  k=30... 0.0536s
  k=40... 0.0550s
  k=50... 0.0594s
  Averaged: 0.0522s, corr=0.9948
Chunk size 1400:
  k=10... 0.0446s
  k=20... 0.0472s
  k=30... 0.0477s
  k=40... 0.0540s
  k=50... 0.0575s
  Averaged: 0.0502s, corr=0.9955
Chunk size 1300:
  k=10... 0.0465s
  k=20... 0.0509s
  k=30... 0.0540s
  k=40... 0.0582s
  k=50... 0.0646s
  Averaged: 0.0549s, corr=0.9940
Chunk size 1200:
  k=10... 0.0455s
  k=20... 0.0492s
  k=30... 0.0539s
  k=40... 0.0596s
  k=50... 0.0613s
  Averaged: 0.0539s, corr=0.9942
Chunk size 1100:
  k=10... 0.0479s
  k=20... 0.0523s
  k=30... 0.0578s
  k=40... 0.0620s
  k=50... 0.0685s
  Averaged: 0.0577s, corr=0.9912
Chunk size 1000:
  k=10... 0.0490s
  k=20... 0.0514s
  k=30... 0.0575s
  k=40... 0.0642s
  k=50... 0.0655s
  Averaged: 0.0575s, corr=0.9909
Chunk size 900:
  k=10... 0.0495s
  k=20... 0.0544s
  k=30... 0.0614s
  k=40... 0.0651s
  k=50... 0.0710s
  Averaged: 0.0603s, corr=0.9899
Chunk size 800:
  k=10... 0.0496s
  k=20... 0.0569s
  k=30... 0.0630s
  k=40... 0.0669s
  k=50... 0.0703s
  Averaged: 0.0613s, corr=0.9884
Chunk size 700:
  k=10... 0.0524s
  k=20... 0.0584s
  k=30... 0.0652s
  k=40... 0.0661s
  k=50... 0.0678s
  Averaged: 0.0620s, corr=0.9883
Chunk size 600:
  k=10... 0.0539s
  k=20... 0.0631s
  k=30... 0.0676s
  k=40... 0.0683s
  k=50... 0.0729s
  Averaged: 0.0652s, corr=0.9861
Chunk size 500:
  k=10... 0.0605s
  k=20... 0.0639s
  k=30... 0.0691s
  k=40... 0.0692s
  k=50... 0.0715s
  Averaged: 0.0668s, corr=0.9846
Chunk size 400:
  k=10... 0.0682s
  k=20... 0.0713s
  k=30... 0.0703s
  k=40... 0.0783s
  k=50... 0.0808s
  Averaged: 0.0738s, corr=0.9852
Chunk size 300:
  k=10... 0.0789s
  k=20... 0.0760s
  k=30... 0.0815s
  k=40... 0.0875s
  k=50... 0.0945s
  Averaged: 0.0837s, corr=0.9811
Chunk size 200:
  k=10... 0.0960s
  k=20... 0.1062s
  k=30... 0.1172s
  k=40... 0.1245s
  k=50... 0.1391s
  Averaged: 0.1166s, corr=0.9811
Chunk size 100:
  k=10... 0.2034s
  k=20... 0.2212s
  k=30... 0.2424s
  k=40... 0.2587s
  k=50... 0.2795s
  Averaged: 0.2410s, corr=0.9784
Saved results to /pfs/data6/home/hu/hu_hu/hu_abdeal01/Final-FastLOF/results/annthyroid-unsupervised-ad/fastlof_experiments/k10-50_t1.0/fastlof_results.csv
/pfs/data6/home/hu/hu_hu/hu_abdeal01/Final-FastLOF/experiments.py:1634: UserWarning: No artists with labels found to put in legend.  Note that artists whose label start with an underscore are ignored when legend() is called with no argument.
  axes[0, 1].legend(loc='upper left', fontsize=8)
Saved Experiment B plots to /pfs/data6/home/hu/hu_hu/hu_abdeal01/Final-FastLOF/results/annthyroid-unsupervised-ad/fastlof_experiments/k10-50_t1.0/fastlof_summary.png
Saved detail plots to /pfs/data6/home/hu/hu_hu/hu_abdeal01/Final-FastLOF/results/annthyroid-unsupervised-ad/fastlof_experiments/k10-50_t1.0/fastlof_detail.png
Saved FastLOF scatter plots to /pfs/data6/home/hu/hu_hu/hu_abdeal01/Final-FastLOF/results/annthyroid-unsupervised-ad/fastlof_experiments/k10-50_t1.0/fastlof_scatter.png
Saved FastLOF timing pies to /pfs/data6/home/hu/hu_hu/hu_abdeal01/Final-FastLOF/results/annthyroid-unsupervised-ad/fastlof_experiments/k10-50_t1.0/fastlof_timing.png

=== Experiment B Complete ===

--------------------------------------------------------------------------------
Running with threshold = 1.01
--------------------------------------------------------------------------------


=== Experiment B: FastLOF Speed & Scalability ===
Using contamination parameter: 0.0361
Testing k values: [10, 20, 30, 40, 50]
Chunk sizes: 3500 to 100 (step=100)

--- Running baseline LOF ---
  k=10 (ball_tree)... 0.6506s (kd_tree)... 0.2787s (brute)... 0.0357s
  k=20 (ball_tree)... 0.6912s (kd_tree)... 0.3151s (brute)... 0.0404s
  k=30 (ball_tree)... 0.7272s (kd_tree)... 0.3444s (brute)... 0.0452s
  k=40 (ball_tree)... 0.7548s (kd_tree)... 0.3717s (brute)... 0.0492s
  k=50 (ball_tree)... 0.7814s (kd_tree)... 0.3975s (brute)... 0.0533s

Baseline algorithms:
  LOF ball_tree (averaged): 0.7210s
  LOF kd_tree (averaged): 0.3415s
  LOF brute (averaged): 0.0448s

Using LOF brute as reference for FastLOF comparisons

Testing chunk sizes: [3500, 3400, 3300, 3200, 3100, 3000, 2900, 2800, 2700, 2600, 2500, 2400, 2300, 2200, 2100, 2000, 1900, 1800, 1700, 1600, 1500, 1400, 1300, 1200, 1100, 1000, 900, 800, 700, 600, 500, 400, 300, 200, 100]

--- Running FastLOF ---
Chunk size 3500:
  k=10... 0.0578s
  k=20... 0.0582s
  k=30... 0.0615s
  k=40... 0.0630s
  k=50... 0.0637s
  Averaged: 0.0608s, corr=1.0000
Chunk size 3400:
  k=10... 0.0581s
  k=20... 0.0613s
  k=30... 0.0634s
  k=40... 0.0645s
  k=50... 0.0666s
  Averaged: 0.0628s, corr=0.9992
Chunk size 3300:
  k=10... 0.0572s
  k=20... 0.0592s
  k=30... 0.0633s
  k=40... 0.0649s
  k=50... 0.0672s
  Averaged: 0.0623s, corr=0.9993
Chunk size 3200:
  k=10... 0.0559s
  k=20... 0.0582s
  k=30... 0.0620s
  k=40... 0.0660s
  k=50... 0.0693s
  Averaged: 0.0623s, corr=0.9992
Chunk size 3100:
  k=10... 0.0547s
  k=20... 0.0564s
  k=30... 0.0593s
  k=40... 0.0618s
  k=50... 0.0652s
  Averaged: 0.0595s, corr=0.9985
Chunk size 3000:
  k=10... 0.0526s
  k=20... 0.0529s
  k=30... 0.0560s
  k=40... 0.0586s
  k=50... 0.0626s
  Averaged: 0.0565s, corr=0.9985
Chunk size 2900:
  k=10... 0.0500s
  k=20... 0.0517s
  k=30... 0.0537s
  k=40... 0.0560s
  k=50... 0.0576s
  Averaged: 0.0538s, corr=0.9987
Chunk size 2800:
  k=10... 0.0479s
  k=20... 0.0499s
  k=30... 0.0519s
  k=40... 0.0550s
  k=50... 0.0584s
  Averaged: 0.0526s, corr=0.9985
Chunk size 2700:
  k=10... 0.0476s
  k=20... 0.0494s
  k=30... 0.0516s
  k=40... 0.0556s
  k=50... 0.0575s
  Averaged: 0.0524s, corr=0.9986
Chunk size 2600:
  k=10... 0.0497s
  k=20... 0.0516s
  k=30... 0.0531s
  k=40... 0.0550s
  k=50... 0.0572s
  Averaged: 0.0533s, corr=0.9986
Chunk size 2500:
  k=10... 0.0487s
  k=20... 0.0511s
  k=30... 0.0526s
  k=40... 0.0546s
  k=50... 0.0565s
  Averaged: 0.0527s, corr=0.9987
Chunk size 2400:
  k=10... 0.0481s
  k=20... 0.0510s
  k=30... 0.0524s
  k=40... 0.0545s
  k=50... 0.0580s
  Averaged: 0.0528s, corr=0.9988
Chunk size 2300:
  k=10... 0.0498s
  k=20... 0.0512s
  k=30... 0.0524s
  k=40... 0.0543s
  k=50... 0.0563s
  Averaged: 0.0528s, corr=0.9979
Chunk size 2200:
  k=10... 0.0496s
  k=20... 0.0522s
  k=30... 0.0558s
  k=40... 0.0563s
  k=50... 0.0601s
  Averaged: 0.0548s, corr=0.9982
Chunk size 2100:
  k=10... 0.0485s
  k=20... 0.0519s
  k=30... 0.0550s
  k=40... 0.0581s
  k=50... 0.0641s
  Averaged: 0.0555s, corr=0.9973
Chunk size 2000:
  k=10... 0.0477s
  k=20... 0.0497s
  k=30... 0.0557s
  k=40... 0.0605s
  k=50... 0.0629s
  Averaged: 0.0553s, corr=0.9964
Chunk size 1900:
  k=10... 0.0461s
  k=20... 0.0483s
  k=30... 0.0525s
  k=40... 0.0577s
  k=50... 0.0614s
  Averaged: 0.0532s, corr=0.9952
Chunk size 1800:
  k=10... 0.0452s
  k=20... 0.0481s
  k=30... 0.0521s
  k=40... 0.0574s
  k=50... 0.0593s
  Averaged: 0.0524s, corr=0.9955
Chunk size 1700:
  k=10... 0.0473s
  k=20... 0.0497s
  k=30... 0.0530s
  k=40... 0.0560s
  k=50... 0.0602s
  Averaged: 0.0532s, corr=0.9935
Chunk size 1600:
  k=10... 0.0465s
  k=20... 0.0506s
  k=30... 0.0554s
  k=40... 0.0583s
  k=50... 0.0627s
  Averaged: 0.0547s, corr=0.9935
Chunk size 1500:
  k=10... 0.0441s
  k=20... 0.0484s
  k=30... 0.0549s
  k=40... 0.0582s
  k=50... 0.0634s
  Averaged: 0.0538s, corr=0.9929
Chunk size 1400:
  k=10... 0.0445s
  k=20... 0.0475s
  k=30... 0.0542s
  k=40... 0.0588s
  k=50... 0.0645s
  Averaged: 0.0539s, corr=0.9944
Chunk size 1300:
  k=10... 0.0458s
  k=20... 0.0506s
  k=30... 0.0563s
  k=40... 0.0610s
  k=50... 0.0656s
  Averaged: 0.0558s, corr=0.9938
Chunk size 1200:
  k=10... 0.0444s
  k=20... 0.0477s
  k=30... 0.0546s
  k=40... 0.0598s
  k=50... 0.0632s
  Averaged: 0.0539s, corr=0.9933
Chunk size 1100:
  k=10... 0.0461s
  k=20... 0.0512s
  k=30... 0.0563s
  k=40... 0.0623s
  k=50... 0.0665s
  Averaged: 0.0565s, corr=0.9915
Chunk size 1000:
  k=10... 0.0455s
  k=20... 0.0485s
  k=30... 0.0575s
  k=40... 0.0603s
  k=50... 0.0624s
  Averaged: 0.0548s, corr=0.9886
Chunk size 900:
  k=10... 0.0469s
  k=20... 0.0529s
  k=30... 0.0588s
  k=40... 0.0639s
  k=50... 0.0676s
  Averaged: 0.0580s, corr=0.9859
Chunk size 800:
  k=10... 0.0477s
  k=20... 0.0542s
  k=30... 0.0602s
  k=40... 0.0647s
  k=50... 0.0663s
  Averaged: 0.0586s, corr=0.9847
Chunk size 700:
  k=10... 0.0496s
  k=20... 0.0557s
  k=30... 0.0605s
  k=40... 0.0615s
  k=50... 0.0643s
  Averaged: 0.0583s, corr=0.9861
Chunk size 600:
  k=10... 0.0533s
  k=20... 0.0610s
  k=30... 0.0629s
  k=40... 0.0638s
  k=50... 0.0691s
  Averaged: 0.0620s, corr=0.9831
Chunk size 500:
  k=10... 0.0566s
  k=20... 0.0609s
  k=30... 0.0605s
  k=40... 0.0625s
  k=50... 0.0680s
  Averaged: 0.0617s, corr=0.9812
Chunk size 400:
  k=10... 0.0647s
  k=20... 0.0614s
  k=30... 0.0662s
  k=40... 0.0691s
  k=50... 0.0756s
  Averaged: 0.0674s, corr=0.9803
Chunk size 300:
  k=10... 0.0735s
  k=20... 0.0717s
  k=30... 0.0766s
  k=40... 0.0818s
  k=50... 0.0898s
  Averaged: 0.0787s, corr=0.9787
Chunk size 200:
  k=10... 0.0913s
  k=20... 0.1001s
  k=30... 0.1113s
  k=40... 0.1227s
  k=50... 0.1314s
  Averaged: 0.1114s, corr=0.9761
Chunk size 100:
  k=10... 0.1989s
  k=20... 0.2196s
  k=30... 0.2413s
  k=40... 0.2560s
  k=50... 0.2788s
  Averaged: 0.2389s, corr=0.9688
Saved results to /pfs/data6/home/hu/hu_hu/hu_abdeal01/Final-FastLOF/results/annthyroid-unsupervised-ad/fastlof_experiments/k10-50_t1.01/fastlof_results.csv
/pfs/data6/home/hu/hu_hu/hu_abdeal01/Final-FastLOF/experiments.py:1634: UserWarning: No artists with labels found to put in legend.  Note that artists whose label start with an underscore are ignored when legend() is called with no argument.
  axes[0, 1].legend(loc='upper left', fontsize=8)
Saved Experiment B plots to /pfs/data6/home/hu/hu_hu/hu_abdeal01/Final-FastLOF/results/annthyroid-unsupervised-ad/fastlof_experiments/k10-50_t1.01/fastlof_summary.png
Saved detail plots to /pfs/data6/home/hu/hu_hu/hu_abdeal01/Final-FastLOF/results/annthyroid-unsupervised-ad/fastlof_experiments/k10-50_t1.01/fastlof_detail.png
Saved FastLOF scatter plots to /pfs/data6/home/hu/hu_hu/hu_abdeal01/Final-FastLOF/results/annthyroid-unsupervised-ad/fastlof_experiments/k10-50_t1.01/fastlof_scatter.png
Saved FastLOF timing pies to /pfs/data6/home/hu/hu_hu/hu_abdeal01/Final-FastLOF/results/annthyroid-unsupervised-ad/fastlof_experiments/k10-50_t1.01/fastlof_timing.png

=== Experiment B Complete ===

--------------------------------------------------------------------------------
Running with threshold = 1.1
--------------------------------------------------------------------------------


=== Experiment B: FastLOF Speed & Scalability ===
Using contamination parameter: 0.0361
Testing k values: [10, 20, 30, 40, 50]
Chunk sizes: 3500 to 100 (step=100)

--- Running baseline LOF ---
  k=10 (ball_tree)... 0.6592s (kd_tree)... 0.2803s (brute)... 0.0369s
  k=20 (ball_tree)... 0.6942s (kd_tree)... 0.3176s (brute)... 0.0405s
  k=30 (ball_tree)... 0.7326s (kd_tree)... 0.3483s (brute)... 0.0452s
  k=40 (ball_tree)... 0.7604s (kd_tree)... 0.3748s (brute)... 0.0492s
  k=50 (ball_tree)... 0.7860s (kd_tree)... 0.4010s (brute)... 0.0539s

Baseline algorithms:
  LOF ball_tree (averaged): 0.7265s
  LOF kd_tree (averaged): 0.3444s
  LOF brute (averaged): 0.0452s

Using LOF brute as reference for FastLOF comparisons

Testing chunk sizes: [3500, 3400, 3300, 3200, 3100, 3000, 2900, 2800, 2700, 2600, 2500, 2400, 2300, 2200, 2100, 2000, 1900, 1800, 1700, 1600, 1500, 1400, 1300, 1200, 1100, 1000, 900, 800, 700, 600, 500, 400, 300, 200, 100]

--- Running FastLOF ---
Chunk size 3500:
  k=10... 0.0584s
  k=20... 0.0590s
  k=30... 0.0610s
  k=40... 0.0625s
  k=50... 0.0646s
  Averaged: 0.0611s, corr=1.0000
Chunk size 3400:
  k=10... 0.0581s
  k=20... 0.0611s
  k=30... 0.0637s
  k=40... 0.0650s
  k=50... 0.0645s
  Averaged: 0.0625s, corr=0.9998
Chunk size 3300:
  k=10... 0.0548s
  k=20... 0.0580s
  k=30... 0.0608s
  k=40... 0.0635s
  k=50... 0.0661s
  Averaged: 0.0606s, corr=0.9991
Chunk size 3200:
  k=10... 0.0539s
  k=20... 0.0572s
  k=30... 0.0600s
  k=40... 0.0613s
  k=50... 0.0657s
  Averaged: 0.0596s, corr=0.9988
Chunk size 3100:
  k=10... 0.0529s
  k=20... 0.0573s
  k=30... 0.0590s
  k=40... 0.0622s
  k=50... 0.0670s
  Averaged: 0.0597s, corr=0.9975
Chunk size 3000:
  k=10... 0.0543s
  k=20... 0.0566s
  k=30... 0.0586s
  k=40... 0.0616s
  k=50... 0.0661s
  Averaged: 0.0595s, corr=0.9987
Chunk size 2900:
  k=10... 0.0539s
  k=20... 0.0530s
  k=30... 0.0552s
  k=40... 0.0589s
  k=50... 0.0643s
  Averaged: 0.0570s, corr=0.9977
Chunk size 2800:
  k=10... 0.0471s
  k=20... 0.0488s
  k=30... 0.0507s
  k=40... 0.0554s
  k=50... 0.0604s
  Averaged: 0.0525s, corr=0.9986
Chunk size 2700:
  k=10... 0.0466s
  k=20... 0.0480s
  k=30... 0.0502s
  k=40... 0.0530s
  k=50... 0.0570s
  Averaged: 0.0509s, corr=0.9984
Chunk size 2600:
  k=10... 0.0458s
  k=20... 0.0476s
  k=30... 0.0497s
  k=40... 0.0555s
  k=50... 0.0600s
  Averaged: 0.0517s, corr=0.9980
Chunk size 2500:
  k=10... 0.0482s
  k=20... 0.0498s
  k=30... 0.0520s
  k=40... 0.0551s
  k=50... 0.0591s
  Averaged: 0.0528s, corr=0.9979
Chunk size 2400:
  k=10... 0.0488s
  k=20... 0.0493s
  k=30... 0.0515s
  k=40... 0.0554s
  k=50... 0.0604s
  Averaged: 0.0531s, corr=0.9985
Chunk size 2300:
  k=10... 0.0488s
  k=20... 0.0502s
  k=30... 0.0519s
  k=40... 0.0559s
  k=50... 0.0617s
  Averaged: 0.0537s, corr=0.9982
Chunk size 2200:
  k=10... 0.0476s
  k=20... 0.0527s
  k=30... 0.0560s
  k=40... 0.0566s
  k=50... 0.0638s
  Averaged: 0.0553s, corr=0.9951
Chunk size 2100:
  k=10... 0.0455s
  k=20... 0.0494s
  k=30... 0.0524s
  k=40... 0.0564s
  k=50... 0.0638s
  Averaged: 0.0535s, corr=0.9942
Chunk size 2000:
  k=10... 0.0441s
  k=20... 0.0478s
  k=30... 0.0524s
  k=40... 0.0543s
  k=50... 0.0632s
  Averaged: 0.0524s, corr=0.9909
Chunk size 1900:
  k=10... 0.0432s
  k=20... 0.0469s
  k=30... 0.0499s
  k=40... 0.0542s
  k=50... 0.0625s
  Averaged: 0.0513s, corr=0.9917
Chunk size 1800:
  k=10... 0.0418s
  k=20... 0.0435s
  k=30... 0.0459s
  k=40... 0.0517s
  k=50... 0.0594s
  Averaged: 0.0485s, corr=0.9918
Chunk size 1700:
  k=10... 0.0431s
  k=20... 0.0455s
  k=30... 0.0478s
  k=40... 0.0543s
  k=50... 0.0610s
  Averaged: 0.0503s, corr=0.9868
Chunk size 1600:
  k=10... 0.0408s
  k=20... 0.0458s
  k=30... 0.0501s
  k=40... 0.0537s
  k=50... 0.0587s
  Averaged: 0.0498s, corr=0.9832
Chunk size 1500:
  k=10... 0.0390s
  k=20... 0.0442s
  k=30... 0.0487s
  k=40... 0.0541s
  k=50... 0.0584s
  Averaged: 0.0489s, corr=0.9879
Chunk size 1400:
  k=10... 0.0390s
  k=20... 0.0440s
  k=30... 0.0475s
  k=40... 0.0505s
  k=50... 0.0568s
  Averaged: 0.0476s, corr=0.9874
Chunk size 1300:
  k=10... 0.0388s
  k=20... 0.0447s
  k=30... 0.0494s
  k=40... 0.0545s
  k=50... 0.0597s
  Averaged: 0.0494s, corr=0.9804
Chunk size 1200:
  k=10... 0.0377s
  k=20... 0.0447s
  k=30... 0.0484s
  k=40... 0.0515s
  k=50... 0.0581s
  Averaged: 0.0480s, corr=0.9808
Chunk size 1100:
  k=10... 0.0375s
  k=20... 0.0451s
  k=30... 0.0510s
  k=40... 0.0554s
  k=50... 0.0590s
  Averaged: 0.0496s, corr=0.9774
Chunk size 1000:
  k=10... 0.0383s
  k=20... 0.0445s
  k=30... 0.0490s
  k=40... 0.0514s
  k=50... 0.0573s
  Averaged: 0.0481s, corr=0.9759
Chunk size 900:
  k=10... 0.0387s
  k=20... 0.0459s
  k=30... 0.0507s
  k=40... 0.0527s
  k=50... 0.0560s
  Averaged: 0.0488s, corr=0.9719
Chunk size 800:
  k=10... 0.0393s
  k=20... 0.0458s
  k=30... 0.0501s
  k=40... 0.0511s
  k=50... 0.0547s
  Averaged: 0.0482s, corr=0.9647
Chunk size 700:
  k=10... 0.0388s
  k=20... 0.0451s
  k=30... 0.0491s
  k=40... 0.0500s
  k=50... 0.0538s
  Averaged: 0.0473s, corr=0.9553
Chunk size 600:
  k=10... 0.0406s
  k=20... 0.0451s
  k=30... 0.0502s
  k=40... 0.0525s
  k=50... 0.0566s
  Averaged: 0.0490s, corr=0.9490
Chunk size 500:
  k=10... 0.0418s
  k=20... 0.0451s
  k=30... 0.0504s
  k=40... 0.0534s
  k=50... 0.0585s
  Averaged: 0.0499s, corr=0.9498
Chunk size 400:
  k=10... 0.0450s
  k=20... 0.0497s
  k=30... 0.0561s
  k=40... 0.0609s
  k=50... 0.0676s
  Averaged: 0.0559s, corr=0.9314
Chunk size 300:
  k=10... 0.0521s
  k=20... 0.0582s
  k=30... 0.0662s
  k=40... 0.0718s
  k=50... 0.0805s
  Averaged: 0.0658s, corr=0.9202
Chunk size 200:
  k=10... 0.0710s
  k=20... 0.0842s
  k=30... 0.0960s
  k=40... 0.1059s
  k=50... 0.1173s
  Averaged: 0.0949s, corr=0.9227
Chunk size 100:
  k=10... 0.1711s
  k=20... 0.1915s
  k=30... 0.2140s
  k=40... 0.2309s
  k=50... 0.2533s
  Averaged: 0.2122s, corr=0.9244
Saved results to /pfs/data6/home/hu/hu_hu/hu_abdeal01/Final-FastLOF/results/annthyroid-unsupervised-ad/fastlof_experiments/k10-50_t1.1/fastlof_results.csv
/pfs/data6/home/hu/hu_hu/hu_abdeal01/Final-FastLOF/experiments.py:1634: UserWarning: No artists with labels found to put in legend.  Note that artists whose label start with an underscore are ignored when legend() is called with no argument.
  axes[0, 1].legend(loc='upper left', fontsize=8)
Saved Experiment B plots to /pfs/data6/home/hu/hu_hu/hu_abdeal01/Final-FastLOF/results/annthyroid-unsupervised-ad/fastlof_experiments/k10-50_t1.1/fastlof_summary.png
Saved detail plots to /pfs/data6/home/hu/hu_hu/hu_abdeal01/Final-FastLOF/results/annthyroid-unsupervised-ad/fastlof_experiments/k10-50_t1.1/fastlof_detail.png
Saved FastLOF scatter plots to /pfs/data6/home/hu/hu_hu/hu_abdeal01/Final-FastLOF/results/annthyroid-unsupervised-ad/fastlof_experiments/k10-50_t1.1/fastlof_scatter.png
Saved FastLOF timing pies to /pfs/data6/home/hu/hu_hu/hu_abdeal01/Final-FastLOF/results/annthyroid-unsupervised-ad/fastlof_experiments/k10-50_t1.1/fastlof_timing.png

=== Experiment B Complete ===

--------------------------------------------------------------------------------
Running with threshold = 1.2
--------------------------------------------------------------------------------


=== Experiment B: FastLOF Speed & Scalability ===
Using contamination parameter: 0.0361
Testing k values: [10, 20, 30, 40, 50]
Chunk sizes: 3500 to 100 (step=100)

--- Running baseline LOF ---
  k=10 (ball_tree)... 0.6532s (kd_tree)... 0.2779s (brute)... 0.0364s
  k=20 (ball_tree)... 0.6943s (kd_tree)... 0.3147s (brute)... 0.0405s
  k=30 (ball_tree)... 0.7293s (kd_tree)... 0.3444s (brute)... 0.0452s
  k=40 (ball_tree)... 0.7549s (kd_tree)... 0.3713s (brute)... 0.0495s
  k=50 (ball_tree)... 0.7858s (kd_tree)... 0.3975s (brute)... 0.0534s

Baseline algorithms:
  LOF ball_tree (averaged): 0.7235s
  LOF kd_tree (averaged): 0.3412s
  LOF brute (averaged): 0.0450s

Using LOF brute as reference for FastLOF comparisons

Testing chunk sizes: [3500, 3400, 3300, 3200, 3100, 3000, 2900, 2800, 2700, 2600, 2500, 2400, 2300, 2200, 2100, 2000, 1900, 1800, 1700, 1600, 1500, 1400, 1300, 1200, 1100, 1000, 900, 800, 700, 600, 500, 400, 300, 200, 100]

--- Running FastLOF ---
Chunk size 3500:
  k=10... 0.0570s
  k=20... 0.0597s
  k=30... 0.0616s
  k=40... 0.0637s
  k=50... 0.0654s
  Averaged: 0.0615s, corr=1.0000
Chunk size 3400:
  k=10... 0.0602s
  k=20... 0.0621s
  k=30... 0.0638s
  k=40... 0.0656s
  k=50... 0.0672s
  Averaged: 0.0638s, corr=0.9995
Chunk size 3300:
  k=10... 0.0576s
  k=20... 0.0572s
  k=30... 0.0604s
  k=40... 0.0630s
  k=50... 0.0650s
  Averaged: 0.0607s, corr=0.9990
Chunk size 3200:
  k=10... 0.0538s
  k=20... 0.0562s
  k=30... 0.0621s
  k=40... 0.0653s
  k=50... 0.0684s
  Averaged: 0.0611s, corr=0.9987
Chunk size 3100:
  k=10... 0.0542s
  k=20... 0.0569s
  k=30... 0.0610s
  k=40... 0.0636s
  k=50... 0.0662s
  Averaged: 0.0604s, corr=0.9986
Chunk size 3000:
  k=10... 0.0538s
  k=20... 0.0564s
  k=30... 0.0602s
  k=40... 0.0629s
  k=50... 0.0658s
  Averaged: 0.0598s, corr=0.9983
Chunk size 2900:
  k=10... 0.0532s
  k=20... 0.0554s
  k=30... 0.0565s
  k=40... 0.0589s
  k=50... 0.0615s
  Averaged: 0.0571s, corr=0.9986
Chunk size 2800:
  k=10... 0.0457s
  k=20... 0.0477s
  k=30... 0.0496s
  k=40... 0.0526s
  k=50... 0.0563s
  Averaged: 0.0504s, corr=0.9984
Chunk size 2700:
  k=10... 0.0452s
  k=20... 0.0473s
  k=30... 0.0493s
  k=40... 0.0518s
  k=50... 0.0551s
  Averaged: 0.0497s, corr=0.9980
Chunk size 2600:
  k=10... 0.0445s
  k=20... 0.0467s
  k=30... 0.0484s
  k=40... 0.0509s
  k=50... 0.0558s
  Averaged: 0.0493s, corr=0.9979
Chunk size 2500:
  k=10... 0.0445s
  k=20... 0.0472s
  k=30... 0.0480s
  k=40... 0.0517s
  k=50... 0.0568s
  Averaged: 0.0496s, corr=0.9982
Chunk size 2400:
  k=10... 0.0433s
  k=20... 0.0459s
  k=30... 0.0475s
  k=40... 0.0514s
  k=50... 0.0559s
  Averaged: 0.0488s, corr=0.9981
Chunk size 2300:
  k=10... 0.0445s
  k=20... 0.0466s
  k=30... 0.0489s
  k=40... 0.0512s
  k=50... 0.0569s
  Averaged: 0.0496s, corr=0.9986
Chunk size 2200:
  k=10... 0.0437s
  k=20... 0.0462s
  k=30... 0.0510s
  k=40... 0.0546s
  k=50... 0.0603s
  Averaged: 0.0512s, corr=0.9944
Chunk size 2100:
  k=10... 0.0434s
  k=20... 0.0462s
  k=30... 0.0499s
  k=40... 0.0556s
  k=50... 0.0604s
  Averaged: 0.0511s, corr=0.9922
Chunk size 2000:
  k=10... 0.0417s
  k=20... 0.0448s
  k=30... 0.0494s
  k=40... 0.0532s
  k=50... 0.0576s
  Averaged: 0.0493s, corr=0.9905
Chunk size 1900:
  k=10... 0.0413s
  k=20... 0.0434s
  k=30... 0.0476s
  k=40... 0.0519s
  k=50... 0.0596s
  Averaged: 0.0488s, corr=0.9898
Chunk size 1800:
  k=10... 0.0404s
  k=20... 0.0432s
  k=30... 0.0478s
  k=40... 0.0517s
  k=50... 0.0582s
  Averaged: 0.0483s, corr=0.9897
Chunk size 1700:
  k=10... 0.0394s
  k=20... 0.0429s
  k=30... 0.0476s
  k=40... 0.0507s
  k=50... 0.0588s
  Averaged: 0.0479s, corr=0.9878
Chunk size 1600:
  k=10... 0.0372s
  k=20... 0.0415s
  k=30... 0.0484s
  k=40... 0.0500s
  k=50... 0.0552s
  Averaged: 0.0465s, corr=0.9823
Chunk size 1500:
  k=10... 0.0368s
  k=20... 0.0398s
  k=30... 0.0454s
  k=40... 0.0494s
  k=50... 0.0543s
  Averaged: 0.0451s, corr=0.9845
Chunk size 1400:
  k=10... 0.0360s
  k=20... 0.0387s
  k=30... 0.0441s
  k=40... 0.0476s
  k=50... 0.0532s
  Averaged: 0.0439s, corr=0.9816
Chunk size 1300:
  k=10... 0.0376s
  k=20... 0.0419s
  k=30... 0.0465s
  k=40... 0.0513s
  k=50... 0.0554s
  Averaged: 0.0465s, corr=0.9755
Chunk size 1200:
  k=10... 0.0361s
  k=20... 0.0403s
  k=30... 0.0449s
  k=40... 0.0500s
  k=50... 0.0537s
  Averaged: 0.0450s, corr=0.9719
Chunk size 1100:
  k=10... 0.0365s
  k=20... 0.0415s
  k=30... 0.0460s
  k=40... 0.0507s
  k=50... 0.0550s
  Averaged: 0.0459s, corr=0.9728
Chunk size 1000:
  k=10... 0.0351s
  k=20... 0.0396s
  k=30... 0.0447s
  k=40... 0.0488s
  k=50... 0.0535s
  Averaged: 0.0443s, corr=0.9682
Chunk size 900:
  k=10... 0.0367s
  k=20... 0.0404s
  k=30... 0.0455s
  k=40... 0.0491s
  k=50... 0.0523s
  Averaged: 0.0448s, corr=0.9610
Chunk size 800:
  k=10... 0.0359s
  k=20... 0.0407s
  k=30... 0.0445s
  k=40... 0.0498s
  k=50... 0.0533s
  Averaged: 0.0448s, corr=0.9541
Chunk size 700:
  k=10... 0.0362s
  k=20... 0.0394s
  k=30... 0.0445s
  k=40... 0.0485s
  k=50... 0.0510s
  Averaged: 0.0439s, corr=0.9531
Chunk size 600:
  k=10... 0.0368s
  k=20... 0.0415s
  k=30... 0.0462s
  k=40... 0.0503s
  k=50... 0.0548s
  Averaged: 0.0459s, corr=0.9406
Chunk size 500:
  k=10... 0.0371s
  k=20... 0.0434s
  k=30... 0.0471s
  k=40... 0.0512s
  k=50... 0.0563s
  Averaged: 0.0470s, corr=0.9277
Chunk size 400:
  k=10... 0.0399s
  k=20... 0.0466s
  k=30... 0.0528s
  k=40... 0.0588s
  k=50... 0.0651s
  Averaged: 0.0527s, corr=0.9191
Chunk size 300:
  k=10... 0.0480s
  k=20... 0.0574s
  k=30... 0.0640s
  k=40... 0.0699s
  k=50... 0.0782s
  Averaged: 0.0635s, corr=0.9007
Chunk size 200:
  k=10... 0.0673s
  k=20... 0.0817s
  k=30... 0.0948s
  k=40... 0.1034s
  k=50... 0.1147s
  Averaged: 0.0924s, corr=0.8797
Chunk size 100:
  k=10... 0.1643s
  k=20... 0.1868s
  k=30... 0.2106s
  k=40... 0.2284s
  k=50... 0.2509s
  Averaged: 0.2082s, corr=0.8507
Saved results to /pfs/data6/home/hu/hu_hu/hu_abdeal01/Final-FastLOF/results/annthyroid-unsupervised-ad/fastlof_experiments/k10-50_t1.2/fastlof_results.csv
/pfs/data6/home/hu/hu_hu/hu_abdeal01/Final-FastLOF/experiments.py:1634: UserWarning: No artists with labels found to put in legend.  Note that artists whose label start with an underscore are ignored when legend() is called with no argument.
  axes[0, 1].legend(loc='upper left', fontsize=8)
Saved Experiment B plots to /pfs/data6/home/hu/hu_hu/hu_abdeal01/Final-FastLOF/results/annthyroid-unsupervised-ad/fastlof_experiments/k10-50_t1.2/fastlof_summary.png
Saved detail plots to /pfs/data6/home/hu/hu_hu/hu_abdeal01/Final-FastLOF/results/annthyroid-unsupervised-ad/fastlof_experiments/k10-50_t1.2/fastlof_detail.png
Saved FastLOF scatter plots to /pfs/data6/home/hu/hu_hu/hu_abdeal01/Final-FastLOF/results/annthyroid-unsupervised-ad/fastlof_experiments/k10-50_t1.2/fastlof_scatter.png
Saved FastLOF timing pies to /pfs/data6/home/hu/hu_hu/hu_abdeal01/Final-FastLOF/results/annthyroid-unsupervised-ad/fastlof_experiments/k10-50_t1.2/fastlof_timing.png

=== Experiment B Complete ===

================================================================================
All Experiments Complete!
================================================================================


========================================================================
Job Completion
========================================================================
Exit code: 0
Completed at: Sun Dec 14 05:19:06 PM CET 2025
========================================================================

============================= JOB FEEDBACK =============================

NodeName=uc3n002
Job ID: 2598518
Cluster: uc3
User/Group: hu_abdeal01/hu_hu
State: COMPLETED (exit code 0)
Nodes: 1
Cores per node: 16
CPU Utilized: 02:39:03
CPU Efficiency: 61.30% of 04:19:28 core-walltime
Job Wall-clock time: 00:16:13
Memory Utilized: 1.33 GB
Memory Efficiency: 4.16% of 32.00 GB (32.00 GB/node)
