========================================================================
Job Information
========================================================================
Job ID: 2459837
Job Name: fastlof_breast-cancer-unsupervised-ad
Node: uc3n048.localdomain
Started at: Mon Dec  8 05:07:50 PM CET 2025
CPUs allocated: 16
Memory allocated: 32G
Partition: cpu
Thread limit: 5
========================================================================

Working directory: /pfs/data6/home/hu/hu_hu/hu_abdeal01/Final-FastLOF

========================================================================
Environment Information
========================================================================
Python 3.9.18

matplotlib                    3.9.4
numpy                         2.0.2
pandas                        2.3.3
scikit-learn                  1.6.1
========================================================================

========================================================================
Starting Experiment: breast-cancer-unsupervised-ad - FastLOF
========================================================================


================================================================================
FastLOF Experiment - breast-cancer-unsupervised-ad
================================================================================

Loading dataset: data/breast-cancer-unsupervised-ad.csv

--- Dataset preview (first 5 rows) ---
   17.99  10.38   122.8  1001.0   0.1184  ...  0.7119  0.2654  0.4601   0.1189  o
0  20.57  17.77  132.90  1326.0  0.08474  ...  0.2416  0.1860  0.2750  0.08902  o
1  19.69  21.25  130.00  1203.0  0.10960  ...  0.4504  0.2430  0.3613  0.08758  o
2  11.42  20.38   77.58   386.1  0.14250  ...  0.6869  0.2575  0.6638  0.17300  o
3  20.29  14.34  135.10  1297.0  0.10030  ...  0.4000  0.1625  0.2364  0.07678  o
4  12.45  15.70   82.57   477.1  0.12780  ...  0.5355  0.1741  0.3985  0.12440  o

[5 rows x 31 columns]
--------------------------------------
Dataset shape: (367, 30)
Number of anomalies: 10 (2.72%)

Testing thresholds: [0, 1.0, 1.01, 1.1, 1.2]

--------------------------------------------------------------------------------
Running with threshold = 0
--------------------------------------------------------------------------------


=== Experiment B: FastLOF Speed & Scalability ===
Using contamination parameter: 0.0272
Testing k values: [10, 20, 30, 40, 50]
Chunk sizes: 180 to 20 (step=10)

--- Running baseline LOF ---
  k=10 (ball_tree)... 0.0044s (kd_tree)... 0.0054s (brute)... 0.0159s
  k=20 (ball_tree)... 0.0045s (kd_tree)... 0.0055s (brute)... 0.0028s
  k=30 (ball_tree)... 0.0050s (kd_tree)... 0.0059s (brute)... 0.0032s
  k=40 (ball_tree)... 0.0054s (kd_tree)... 0.0064s (brute)... 0.0030s
  k=50 (ball_tree)... 0.0058s (kd_tree)... 0.0068s (brute)... 0.0099s

Baseline algorithms:
  LOF ball_tree (averaged): 0.0050s
  LOF kd_tree (averaged): 0.0060s
  LOF brute (averaged): 0.0070s

Using LOF brute as reference for FastLOF comparisons

Testing chunk sizes: [180, 170, 160, 150, 140, 130, 120, 110, 100, 90, 80, 70, 60, 50, 40, 30, 20]

--- Running FastLOF ---
Chunk size 180:
  k=10... 0.6341s
  k=20... 0.0010s
  k=30... 0.0017s
  k=40... 0.0012s
  k=50... 0.0012s
  Averaged: 0.1278s, corr=1.0000
Chunk size 170:
  k=10... 0.0019s
  k=20... 0.0013s
  k=30... 0.0011s
  k=40... 0.0011s
  k=50... 0.0012s
  Averaged: 0.0013s, corr=1.0000
Chunk size 160:
  k=10... 0.0099s
  k=20... 0.0013s
  k=30... 0.0013s
  k=40... 0.0015s
  k=50... 0.0013s
  Averaged: 0.0031s, corr=1.0000
Chunk size 150:
  k=10... 0.0048s
  k=20... 0.0013s
  k=30... 0.0013s
  k=40... 0.0014s
  k=50... 0.0017s
  Averaged: 0.0021s, corr=1.0000
Chunk size 140:
  k=10... 0.0012s
  k=20... 0.0012s
  k=30... 0.0014s
  k=40... 0.0014s
  k=50... 0.0016s
  Averaged: 0.0014s, corr=1.0000
Chunk size 130:
  k=10... 0.0012s
  k=20... 0.0012s
  k=30... 0.0015s
  k=40... 0.0015s
  k=50... 0.0015s
  Averaged: 0.0014s, corr=1.0000
Chunk size 120:
  k=10... 0.0012s
  k=20... 0.0013s
  k=30... 0.0014s
  k=40... 0.0014s
  k=50... 0.0015s
  Averaged: 0.0014s, corr=1.0000
Chunk size 110:
  k=10... 0.0014s
  k=20... 0.0015s
  k=30... 0.0018s
  k=40... 0.0015s
  k=50... 0.0016s
  Averaged: 0.0016s, corr=1.0000
Chunk size 100:
  k=10... 0.0360s
  k=20... 0.0016s
  k=30... 0.0016s
  k=40... 0.0032s
  k=50... 0.0018s
  Averaged: 0.0089s, corr=1.0000
Chunk size 90:
  k=10... 0.0014s
  k=20... 0.0017s
  k=30... 0.0016s
  k=40... 0.0017s
  k=50... 0.0018s
  Averaged: 0.0017s, corr=1.0000
Chunk size 80:
  k=10... 0.0017s
  k=20... 0.0018s
  k=30... 0.0020s
  k=40... 0.0021s
  k=50... 0.0466s
  Averaged: 0.0108s, corr=1.0000
Chunk size 70:
  k=10... 0.0020s
  k=20... 0.0019s
  k=30... 0.0020s
  k=40... 0.0021s
  k=50... 0.0024s
  Averaged: 0.0021s, corr=1.0000
Chunk size 60:
  k=10... 0.0020s
  k=20... 0.0022s
  k=30... 0.0024s
  k=40... 0.0025s
  k=50... 0.0026s
  Averaged: 0.0023s, corr=1.0000
Chunk size 50:
  k=10... 0.0028s
  k=20... 0.0055s
  k=30... 0.0028s
  k=40... 0.0029s
  k=50... 0.0033s
  Averaged: 0.0035s, corr=1.0000
Chunk size 40:
  k=10... 0.0039s
  k=20... 0.0035s
  k=30... 0.0037s
  k=40... 0.0033s
  k=50... 0.0031s
  Averaged: 0.0035s, corr=1.0000
Chunk size 30:
  k=10... 0.0048s
  k=20... 0.0051s
  k=30... 0.0047s
  k=40... 0.0033s
  k=50... 0.0031s
  Averaged: 0.0042s, corr=1.0000
Chunk size 20:
  k=10... 0.0090s
  k=20... 0.0113s
  k=30... 0.0047s
  k=40... 0.0312s
  k=50... 0.0030s
  Averaged: 0.0118s, corr=1.0000
Saved results to /pfs/data6/home/hu/hu_hu/hu_abdeal01/Final-FastLOF/results/breast-cancer-unsupervised-ad/fastlof_experiments/k10-50_t0/fastlof_results.csv
/pfs/data6/home/hu/hu_hu/hu_abdeal01/Final-FastLOF/experiments.py:1471: UserWarning: No artists with labels found to put in legend.  Note that artists whose label start with an underscore are ignored when legend() is called with no argument.
  axes[0, 1].legend(loc='upper left', fontsize=8)
Saved Experiment B plots to /pfs/data6/home/hu/hu_hu/hu_abdeal01/Final-FastLOF/results/breast-cancer-unsupervised-ad/fastlof_experiments/k10-50_t0/fastlof_summary.png
Saved detail plots to /pfs/data6/home/hu/hu_hu/hu_abdeal01/Final-FastLOF/results/breast-cancer-unsupervised-ad/fastlof_experiments/k10-50_t0/fastlof_detail.png
Saved FastLOF scatter plots to /pfs/data6/home/hu/hu_hu/hu_abdeal01/Final-FastLOF/results/breast-cancer-unsupervised-ad/fastlof_experiments/k10-50_t0/fastlof_scatter.png
Saved FastLOF timing pies to /pfs/data6/home/hu/hu_hu/hu_abdeal01/Final-FastLOF/results/breast-cancer-unsupervised-ad/fastlof_experiments/k10-50_t0/fastlof_timing.png

=== Experiment B Complete ===

--------------------------------------------------------------------------------
Running with threshold = 1.0
--------------------------------------------------------------------------------


=== Experiment B: FastLOF Speed & Scalability ===
Using contamination parameter: 0.0272
Testing k values: [10, 20, 30, 40, 50]
Chunk sizes: 180 to 20 (step=10)

--- Running baseline LOF ---
  k=10 (ball_tree)... 0.0039s (kd_tree)... 0.0050s (brute)... 0.0259s
  k=20 (ball_tree)... 0.0045s (kd_tree)... 0.0055s (brute)... 0.0934s
  k=30 (ball_tree)... 0.0049s (kd_tree)... 0.0060s (brute)... 0.0883s
  k=40 (ball_tree)... 0.0054s (kd_tree)... 0.0064s (brute)... 0.0849s
  k=50 (ball_tree)... 0.0058s (kd_tree)... 0.0068s (brute)... 0.0825s

Baseline algorithms:
  LOF ball_tree (averaged): 0.0049s
  LOF kd_tree (averaged): 0.0059s
  LOF brute (averaged): 0.0750s

Using LOF brute as reference for FastLOF comparisons

Testing chunk sizes: [180, 170, 160, 150, 140, 130, 120, 110, 100, 90, 80, 70, 60, 50, 40, 30, 20]

--- Running FastLOF ---
Chunk size 180:
  k=10... 0.0040s
  k=20... 0.0011s
  k=30... 0.0012s
  k=40... 0.0036s
  k=50... 0.0015s
  Averaged: 0.0023s, corr=1.0000
Chunk size 170:
  k=10... 0.0012s
  k=20... 0.0013s
  k=30... 0.0012s
  k=40... 0.0013s
  k=50... 0.0014s
  Averaged: 0.0013s, corr=1.0000
Chunk size 160:
  k=10... 0.0012s
  k=20... 0.0013s
  k=30... 0.0014s
  k=40... 0.0017s
  k=50... 0.0015s
  Averaged: 0.0014s, corr=0.9999
Chunk size 150:
  k=10... 0.0012s
  k=20... 0.0014s
  k=30... 0.0016s
  k=40... 0.0017s
  k=50... 0.0018s
  Averaged: 0.0015s, corr=0.9998
Chunk size 140:
  k=10... 0.0012s
  k=20... 0.0014s
  k=30... 0.0016s
  k=40... 0.0017s
  k=50... 0.0018s
  Averaged: 0.0015s, corr=0.9998
Chunk size 130:
  k=10... 0.0012s
  k=20... 0.0013s
  k=30... 0.0016s
  k=40... 0.0017s
  k=50... 0.0017s
  Averaged: 0.0015s, corr=0.9997
Chunk size 120:
  k=10... 0.0012s
  k=20... 0.0013s
  k=30... 0.0015s
  k=40... 0.0017s
  k=50... 0.0018s
  Averaged: 0.0015s, corr=0.9997
Chunk size 110:
  k=10... 0.0015s
  k=20... 0.0017s
  k=30... 0.0018s
  k=40... 0.0016s
  k=50... 0.0017s
  Averaged: 0.0017s, corr=0.9996
Chunk size 100:
  k=10... 0.0015s
  k=20... 0.0017s
  k=30... 0.0018s
  k=40... 0.0020s
  k=50... 0.0020s
  Averaged: 0.0018s, corr=0.9992
Chunk size 90:
  k=10... 0.0015s
  k=20... 0.0017s
  k=30... 0.0018s
  k=40... 0.0018s
  k=50... 0.0019s
  Averaged: 0.0017s, corr=0.9992
Chunk size 80:
  k=10... 0.0017s
  k=20... 0.0020s
  k=30... 0.0022s
  k=40... 0.0022s
  k=50... 0.0020s
  Averaged: 0.0020s, corr=0.9987
Chunk size 70:
  k=10... 0.0021s
  k=20... 0.0020s
  k=30... 0.0021s
  k=40... 0.0022s
  k=50... 0.0022s
  Averaged: 0.0021s, corr=0.9983
Chunk size 60:
  k=10... 0.0020s
  k=20... 0.0024s
  k=30... 0.0025s
  k=40... 0.0024s
  k=50... 0.0026s
  Averaged: 0.0024s, corr=0.9970
Chunk size 50:
  k=10... 0.0029s
  k=20... 0.0027s
  k=30... 0.0028s
  k=40... 0.0028s
  k=50... 0.0030s
  Averaged: 0.0029s, corr=0.9964
Chunk size 40:
  k=10... 0.0034s
  k=20... 0.0035s
  k=30... 0.0036s
  k=40... 0.0033s
  k=50... 0.0030s
  Averaged: 0.0034s, corr=0.9941
Chunk size 30:
  k=10... 0.0049s
  k=20... 0.0050s
  k=30... 0.0047s
  k=40... 0.0033s
  k=50... 0.0030s
  Averaged: 0.0042s, corr=0.9941
Chunk size 20:
  k=10... 0.0090s
  k=20... 0.0111s
  k=30... 0.0047s
  k=40... 0.0033s
  k=50... 0.0030s
  Averaged: 0.0062s, corr=0.9927
Saved results to /pfs/data6/home/hu/hu_hu/hu_abdeal01/Final-FastLOF/results/breast-cancer-unsupervised-ad/fastlof_experiments/k10-50_t1.0/fastlof_results.csv
/pfs/data6/home/hu/hu_hu/hu_abdeal01/Final-FastLOF/experiments.py:1471: UserWarning: No artists with labels found to put in legend.  Note that artists whose label start with an underscore are ignored when legend() is called with no argument.
  axes[0, 1].legend(loc='upper left', fontsize=8)
Saved Experiment B plots to /pfs/data6/home/hu/hu_hu/hu_abdeal01/Final-FastLOF/results/breast-cancer-unsupervised-ad/fastlof_experiments/k10-50_t1.0/fastlof_summary.png
Saved detail plots to /pfs/data6/home/hu/hu_hu/hu_abdeal01/Final-FastLOF/results/breast-cancer-unsupervised-ad/fastlof_experiments/k10-50_t1.0/fastlof_detail.png
Saved FastLOF scatter plots to /pfs/data6/home/hu/hu_hu/hu_abdeal01/Final-FastLOF/results/breast-cancer-unsupervised-ad/fastlof_experiments/k10-50_t1.0/fastlof_scatter.png
Saved FastLOF timing pies to /pfs/data6/home/hu/hu_hu/hu_abdeal01/Final-FastLOF/results/breast-cancer-unsupervised-ad/fastlof_experiments/k10-50_t1.0/fastlof_timing.png

=== Experiment B Complete ===

--------------------------------------------------------------------------------
Running with threshold = 1.01
--------------------------------------------------------------------------------


=== Experiment B: FastLOF Speed & Scalability ===
Using contamination parameter: 0.0272
Testing k values: [10, 20, 30, 40, 50]
Chunk sizes: 180 to 20 (step=10)

--- Running baseline LOF ---
  k=10 (ball_tree)... 0.0040s (kd_tree)... 0.0050s (brute)... 0.0913s
  k=20 (ball_tree)... 0.0045s (kd_tree)... 0.0055s (brute)... 0.0920s
  k=30 (ball_tree)... 0.0050s (kd_tree)... 0.0060s (brute)... 0.0921s
  k=40 (ball_tree)... 0.0053s (kd_tree)... 0.0064s (brute)... 0.0914s
  k=50 (ball_tree)... 0.0057s (kd_tree)... 0.0068s (brute)... 0.0883s

Baseline algorithms:
  LOF ball_tree (averaged): 0.0049s
  LOF kd_tree (averaged): 0.0059s
  LOF brute (averaged): 0.0910s

Using LOF brute as reference for FastLOF comparisons

Testing chunk sizes: [180, 170, 160, 150, 140, 130, 120, 110, 100, 90, 80, 70, 60, 50, 40, 30, 20]

--- Running FastLOF ---
Chunk size 180:
  k=10... 0.0143s
  k=20... 0.0010s
  k=30... 0.0012s
  k=40... 0.0728s
  k=50... 0.0091s
  Averaged: 0.0197s, corr=1.0000
Chunk size 170:
  k=10... 0.0012s
  k=20... 0.0013s
  k=30... 0.0011s
  k=40... 0.0013s
  k=50... 0.0013s
  Averaged: 0.0013s, corr=1.0000
Chunk size 160:
  k=10... 0.0012s
  k=20... 0.0013s
  k=30... 0.0014s
  k=40... 0.0017s
  k=50... 0.0013s
  Averaged: 0.0014s, corr=0.9999
Chunk size 150:
  k=10... 0.0012s
  k=20... 0.0013s
  k=30... 0.0015s
  k=40... 0.0017s
  k=50... 0.0017s
  Averaged: 0.0015s, corr=0.9998
Chunk size 140:
  k=10... 0.0011s
  k=20... 0.0013s
  k=30... 0.0014s
  k=40... 0.0015s
  k=50... 0.0017s
  Averaged: 0.0014s, corr=0.9997
Chunk size 130:
  k=10... 0.0011s
  k=20... 0.0013s
  k=30... 0.0015s
  k=40... 0.0015s
  k=50... 0.0015s
  Averaged: 0.0014s, corr=0.9997
Chunk size 120:
  k=10... 0.0011s
  k=20... 0.0013s
  k=30... 0.1283s
  k=40... 0.0014s
  k=50... 0.0015s
  Averaged: 0.0267s, corr=0.9996
Chunk size 110:
  k=10... 0.0015s
  k=20... 0.0016s
  k=30... 0.0018s
  k=40... 0.0017s
  k=50... 0.0015s
  Averaged: 0.0016s, corr=0.9995
Chunk size 100:
  k=10... 0.0015s
  k=20... 0.0017s
  k=30... 0.0018s
  k=40... 0.0020s
  k=50... 0.0019s
  Averaged: 0.0018s, corr=0.9991
Chunk size 90:
  k=10... 0.0015s
  k=20... 0.0017s
  k=30... 0.0017s
  k=40... 0.0018s
  k=50... 0.0018s
  Averaged: 0.0017s, corr=0.9984
Chunk size 80:
  k=10... 0.0018s
  k=20... 0.0019s
  k=30... 0.0020s
  k=40... 0.0021s
  k=50... 0.0018s
  Averaged: 0.0019s, corr=0.9982
Chunk size 70:
  k=10... 0.0021s
  k=20... 0.0019s
  k=30... 0.0020s
  k=40... 0.0021s
  k=50... 0.0022s
  Averaged: 0.0021s, corr=0.9969
Chunk size 60:
  k=10... 0.0022s
  k=20... 0.0022s
  k=30... 0.0023s
  k=40... 0.0024s
  k=50... 0.0026s
  Averaged: 0.0023s, corr=0.9962
Chunk size 50:
  k=10... 0.0030s
  k=20... 0.0026s
  k=30... 0.0027s
  k=40... 0.0028s
  k=50... 0.0030s
  Averaged: 0.0028s, corr=0.9937
Chunk size 40:
  k=10... 0.0033s
  k=20... 0.0034s
  k=30... 0.0036s
  k=40... 0.0033s
  k=50... 0.0032s
  Averaged: 0.0034s, corr=0.9920
Chunk size 30:
  k=10... 0.0048s
  k=20... 0.0050s
  k=30... 0.0047s
  k=40... 0.0033s
  k=50... 0.0030s
  Averaged: 0.0041s, corr=0.9889
Chunk size 20:
  k=10... 0.0089s
  k=20... 0.0084s
  k=30... 0.0046s
  k=40... 0.0033s
  k=50... 0.0030s
  Averaged: 0.0056s, corr=0.9887
Saved results to /pfs/data6/home/hu/hu_hu/hu_abdeal01/Final-FastLOF/results/breast-cancer-unsupervised-ad/fastlof_experiments/k10-50_t1.01/fastlof_results.csv
/pfs/data6/home/hu/hu_hu/hu_abdeal01/Final-FastLOF/experiments.py:1471: UserWarning: No artists with labels found to put in legend.  Note that artists whose label start with an underscore are ignored when legend() is called with no argument.
  axes[0, 1].legend(loc='upper left', fontsize=8)
Saved Experiment B plots to /pfs/data6/home/hu/hu_hu/hu_abdeal01/Final-FastLOF/results/breast-cancer-unsupervised-ad/fastlof_experiments/k10-50_t1.01/fastlof_summary.png
Saved detail plots to /pfs/data6/home/hu/hu_hu/hu_abdeal01/Final-FastLOF/results/breast-cancer-unsupervised-ad/fastlof_experiments/k10-50_t1.01/fastlof_detail.png
Saved FastLOF scatter plots to /pfs/data6/home/hu/hu_hu/hu_abdeal01/Final-FastLOF/results/breast-cancer-unsupervised-ad/fastlof_experiments/k10-50_t1.01/fastlof_scatter.png
Saved FastLOF timing pies to /pfs/data6/home/hu/hu_hu/hu_abdeal01/Final-FastLOF/results/breast-cancer-unsupervised-ad/fastlof_experiments/k10-50_t1.01/fastlof_timing.png

=== Experiment B Complete ===

--------------------------------------------------------------------------------
Running with threshold = 1.1
--------------------------------------------------------------------------------


=== Experiment B: FastLOF Speed & Scalability ===
Using contamination parameter: 0.0272
Testing k values: [10, 20, 30, 40, 50]
Chunk sizes: 180 to 20 (step=10)

--- Running baseline LOF ---
  k=10 (ball_tree)... 0.0039s (kd_tree)... 0.0050s (brute)... 0.0909s
  k=20 (ball_tree)... 0.0045s (kd_tree)... 0.0055s (brute)... 0.0905s
  k=30 (ball_tree)... 0.0050s (kd_tree)... 0.0059s (brute)... 0.0923s
  k=40 (ball_tree)... 0.0054s (kd_tree)... 0.0064s (brute)... 0.0890s
  k=50 (ball_tree)... 0.0058s (kd_tree)... 0.0067s (brute)... 0.0893s

Baseline algorithms:
  LOF ball_tree (averaged): 0.0049s
  LOF kd_tree (averaged): 0.0059s
  LOF brute (averaged): 0.0904s

Using LOF brute as reference for FastLOF comparisons

Testing chunk sizes: [180, 170, 160, 150, 140, 130, 120, 110, 100, 90, 80, 70, 60, 50, 40, 30, 20]

--- Running FastLOF ---
Chunk size 180:
  k=10... 0.0026s
  k=20... 0.0010s
  k=30... 0.0011s
  k=40... 0.0012s
  k=50... 0.0012s
  Averaged: 0.0014s, corr=1.0000
Chunk size 170:
  k=10... 0.0011s
  k=20... 0.0012s
  k=30... 0.0011s
  k=40... 0.0011s
  k=50... 0.0012s
  Averaged: 0.0011s, corr=0.9999
Chunk size 160:
  k=10... 0.0011s
  k=20... 0.0012s
  k=30... 0.0014s
  k=40... 0.0014s
  k=50... 0.0012s
  Averaged: 0.0013s, corr=0.9996
Chunk size 150:
  k=10... 0.0011s
  k=20... 0.0013s
  k=30... 0.0014s
  k=40... 0.0014s
  k=50... 0.0016s
  Averaged: 0.0013s, corr=0.9994
Chunk size 140:
  k=10... 0.0012s
  k=20... 0.0013s
  k=30... 0.0014s
  k=40... 0.0014s
  k=50... 0.0015s
  Averaged: 0.0013s, corr=0.9991
Chunk size 130:
  k=10... 0.0011s
  k=20... 0.0012s
  k=30... 0.0014s
  k=40... 0.0014s
  k=50... 0.0015s
  Averaged: 0.0013s, corr=0.9992
Chunk size 120:
  k=10... 0.0011s
  k=20... 0.0012s
  k=30... 0.0014s
  k=40... 0.0014s
  k=50... 0.0014s
  Averaged: 0.0013s, corr=0.9989
Chunk size 110:
  k=10... 0.0013s
  k=20... 0.0015s
  k=30... 0.0017s
  k=40... 0.0014s
  k=50... 0.0015s
  Averaged: 0.0015s, corr=0.9980
Chunk size 100:
  k=10... 0.0014s
  k=20... 0.0015s
  k=30... 0.0017s
  k=40... 0.0016s
  k=50... 0.0017s
  Averaged: 0.0016s, corr=0.9975
Chunk size 90:
  k=10... 0.0014s
  k=20... 0.0014s
  k=30... 0.0016s
  k=40... 0.0016s
  k=50... 0.0017s
  Averaged: 0.0015s, corr=0.9967
Chunk size 80:
  k=10... 0.0016s
  k=20... 0.0017s
  k=30... 0.0019s
  k=40... 0.0019s
  k=50... 0.0017s
  Averaged: 0.0018s, corr=0.9958
Chunk size 70:
  k=10... 0.0020s
  k=20... 0.0017s
  k=30... 0.0019s
  k=40... 0.0019s
  k=50... 0.0020s
  Averaged: 0.0019s, corr=0.9943
Chunk size 60:
  k=10... 0.0019s
  k=20... 0.0020s
  k=30... 0.0022s
  k=40... 0.0022s
  k=50... 0.0024s
  Averaged: 0.0021s, corr=0.9924
Chunk size 50:
  k=10... 0.0026s
  k=20... 0.0024s
  k=30... 0.0025s
  k=40... 0.0026s
  k=50... 0.0027s
  Averaged: 0.0026s, corr=0.9899
Chunk size 40:
  k=10... 0.0030s
  k=20... 0.0031s
  k=30... 0.0033s
  k=40... 0.0030s
  k=50... 0.0027s
  Averaged: 0.0030s, corr=0.9870
Chunk size 30:
  k=10... 0.0043s
  k=20... 0.0045s
  k=30... 0.0043s
  k=40... 0.0030s
  k=50... 0.0027s
  Averaged: 0.0038s, corr=0.9817
Chunk size 20:
  k=10... 0.0078s
  k=20... 0.0073s
  k=30... 0.0042s
  k=40... 0.0031s
  k=50... 0.0027s
  Averaged: 0.0050s, corr=0.9788
Saved results to /pfs/data6/home/hu/hu_hu/hu_abdeal01/Final-FastLOF/results/breast-cancer-unsupervised-ad/fastlof_experiments/k10-50_t1.1/fastlof_results.csv
/pfs/data6/home/hu/hu_hu/hu_abdeal01/Final-FastLOF/experiments.py:1471: UserWarning: No artists with labels found to put in legend.  Note that artists whose label start with an underscore are ignored when legend() is called with no argument.
  axes[0, 1].legend(loc='upper left', fontsize=8)
Saved Experiment B plots to /pfs/data6/home/hu/hu_hu/hu_abdeal01/Final-FastLOF/results/breast-cancer-unsupervised-ad/fastlof_experiments/k10-50_t1.1/fastlof_summary.png
Saved detail plots to /pfs/data6/home/hu/hu_hu/hu_abdeal01/Final-FastLOF/results/breast-cancer-unsupervised-ad/fastlof_experiments/k10-50_t1.1/fastlof_detail.png
Saved FastLOF scatter plots to /pfs/data6/home/hu/hu_hu/hu_abdeal01/Final-FastLOF/results/breast-cancer-unsupervised-ad/fastlof_experiments/k10-50_t1.1/fastlof_scatter.png
Saved FastLOF timing pies to /pfs/data6/home/hu/hu_hu/hu_abdeal01/Final-FastLOF/results/breast-cancer-unsupervised-ad/fastlof_experiments/k10-50_t1.1/fastlof_timing.png

=== Experiment B Complete ===

--------------------------------------------------------------------------------
Running with threshold = 1.2
--------------------------------------------------------------------------------


=== Experiment B: FastLOF Speed & Scalability ===
Using contamination parameter: 0.0272
Testing k values: [10, 20, 30, 40, 50]
Chunk sizes: 180 to 20 (step=10)

--- Running baseline LOF ---
  k=10 (ball_tree)... 0.0040s (kd_tree)... 0.0050s (brute)... 0.0839s
  k=20 (ball_tree)... 0.0045s (kd_tree)... 0.0055s (brute)... 0.0769s
  k=30 (ball_tree)... 0.0050s (kd_tree)... 0.0059s (brute)... 0.0925s
  k=40 (ball_tree)... 0.0054s (kd_tree)... 0.0063s (brute)... 0.0936s
  k=50 (ball_tree)... 0.0058s (kd_tree)... 0.0068s (brute)... 0.0929s

Baseline algorithms:
  LOF ball_tree (averaged): 0.0049s
  LOF kd_tree (averaged): 0.0059s
  LOF brute (averaged): 0.0880s

Using LOF brute as reference for FastLOF comparisons

Testing chunk sizes: [180, 170, 160, 150, 140, 130, 120, 110, 100, 90, 80, 70, 60, 50, 40, 30, 20]

--- Running FastLOF ---
Chunk size 180:
  k=10... 0.0278s
  k=20... 0.0011s
  k=30... 0.0011s
  k=40... 0.0013s
  k=50... 0.0014s
  Averaged: 0.0065s, corr=1.0000
Chunk size 170:
  k=10... 0.0012s
  k=20... 0.0013s
  k=30... 0.0011s
  k=40... 0.0013s
  k=50... 0.0014s
  Averaged: 0.0013s, corr=0.9998
Chunk size 160:
  k=10... 0.0012s
  k=20... 0.0013s
  k=30... 0.0014s
  k=40... 0.0016s
  k=50... 0.0014s
  Averaged: 0.0014s, corr=0.9994
Chunk size 150:
  k=10... 0.0012s
  k=20... 0.0013s
  k=30... 0.0015s
  k=40... 0.0017s
  k=50... 0.0017s
  Averaged: 0.0015s, corr=0.9987
Chunk size 140:
  k=10... 0.0012s
  k=20... 0.0013s
  k=30... 0.0015s
  k=40... 0.0016s
  k=50... 0.0018s
  Averaged: 0.0015s, corr=0.9988
Chunk size 130:
  k=10... 0.0011s
  k=20... 0.0015s
  k=30... 0.0015s
  k=40... 0.0017s
  k=50... 0.0018s
  Averaged: 0.0015s, corr=0.9988
Chunk size 120:
  k=10... 0.0011s
  k=20... 0.0013s
  k=30... 0.0014s
  k=40... 0.0016s
  k=50... 0.0017s
  Averaged: 0.0014s, corr=0.9987
Chunk size 110:
  k=10... 0.0014s
  k=20... 0.0016s
  k=30... 0.0018s
  k=40... 0.0016s
  k=50... 0.0017s
  Averaged: 0.0016s, corr=0.9977
Chunk size 100:
  k=10... 0.0014s
  k=20... 0.0016s
  k=30... 0.0018s
  k=40... 0.0019s
  k=50... 0.0019s
  Averaged: 0.0017s, corr=0.9968
Chunk size 90:
  k=10... 0.0014s
  k=20... 0.0016s
  k=30... 0.0016s
  k=40... 0.0017s
  k=50... 0.0017s
  Averaged: 0.0016s, corr=0.9966
Chunk size 80:
  k=10... 0.0016s
  k=20... 0.0019s
  k=30... 0.0020s
  k=40... 0.0020s
  k=50... 0.0017s
  Averaged: 0.0019s, corr=0.9949
Chunk size 70:
  k=10... 0.0020s
  k=20... 0.0018s
  k=30... 0.0019s
  k=40... 0.0020s
  k=50... 0.0021s
  Averaged: 0.0020s, corr=0.9950
Chunk size 60:
  k=10... 0.0020s
  k=20... 0.0022s
  k=30... 0.0022s
  k=40... 0.0023s
  k=50... 0.0025s
  Averaged: 0.0022s, corr=0.9925
Chunk size 50:
  k=10... 0.0028s
  k=20... 0.0025s
  k=30... 0.0026s
  k=40... 0.0028s
  k=50... 0.0029s
  Averaged: 0.0027s, corr=0.9910
Chunk size 40:
  k=10... 0.0032s
  k=20... 0.0033s
  k=30... 0.0035s
  k=40... 0.0032s
  k=50... 0.0029s
  Averaged: 0.0032s, corr=0.9858
Chunk size 30:
  k=10... 0.0046s
  k=20... 0.0048s
  k=30... 0.0044s
  k=40... 0.0032s
  k=50... 0.0029s
  Averaged: 0.0040s, corr=0.9841
Chunk size 20:
  k=10... 0.0083s
  k=20... 0.0077s
  k=30... 0.0045s
  k=40... 0.0032s
  k=50... 0.0029s
  Averaged: 0.0053s, corr=0.9833
Saved results to /pfs/data6/home/hu/hu_hu/hu_abdeal01/Final-FastLOF/results/breast-cancer-unsupervised-ad/fastlof_experiments/k10-50_t1.2/fastlof_results.csv
/pfs/data6/home/hu/hu_hu/hu_abdeal01/Final-FastLOF/experiments.py:1471: UserWarning: No artists with labels found to put in legend.  Note that artists whose label start with an underscore are ignored when legend() is called with no argument.
  axes[0, 1].legend(loc='upper left', fontsize=8)
Saved Experiment B plots to /pfs/data6/home/hu/hu_hu/hu_abdeal01/Final-FastLOF/results/breast-cancer-unsupervised-ad/fastlof_experiments/k10-50_t1.2/fastlof_summary.png
Saved detail plots to /pfs/data6/home/hu/hu_hu/hu_abdeal01/Final-FastLOF/results/breast-cancer-unsupervised-ad/fastlof_experiments/k10-50_t1.2/fastlof_detail.png
Saved FastLOF scatter plots to /pfs/data6/home/hu/hu_hu/hu_abdeal01/Final-FastLOF/results/breast-cancer-unsupervised-ad/fastlof_experiments/k10-50_t1.2/fastlof_scatter.png
Saved FastLOF timing pies to /pfs/data6/home/hu/hu_hu/hu_abdeal01/Final-FastLOF/results/breast-cancer-unsupervised-ad/fastlof_experiments/k10-50_t1.2/fastlof_timing.png

=== Experiment B Complete ===

================================================================================
All Experiments Complete!
================================================================================


========================================================================
Job Completion
========================================================================
Exit code: 0
Completed at: Mon Dec  8 05:09:19 PM CET 2025
========================================================================

============================= JOB FEEDBACK =============================

NodeName=uc3n048
Job ID: 2459837
Cluster: uc3
User/Group: hu_abdeal01/hu_hu
State: COMPLETED (exit code 0)
Nodes: 1
Cores per node: 16
CPU Utilized: 00:06:44
CPU Efficiency: 23.82% of 00:28:16 core-walltime
Job Wall-clock time: 00:01:46
Memory Utilized: 676.55 MB
Memory Efficiency: 2.06% of 32.00 GB (32.00 GB/node)
