========================================================================
Job Information
========================================================================
Job ID: 2598520
Job Name: fastlof_dfki-artificial-3000-unsupervised-ad
Node: uc3n003.localdomain
Started at: Sun Dec 14 05:03:08 PM CET 2025
CPUs allocated: 16
Memory allocated: 32G
Partition: cpu
Thread limit: 5
========================================================================

Working directory: /pfs/data6/home/hu/hu_hu/hu_abdeal01/Final-FastLOF

========================================================================
Environment Information
========================================================================
Python 3.9.18

matplotlib                    3.9.4
numpy                         2.0.2
pandas                        2.3.3
scikit-learn                  1.6.1
========================================================================

========================================================================
Starting Experiment: dfki-artificial-3000-unsupervised-ad - FastLOF
========================================================================


================================================================================
FastLOF Experiment - dfki-artificial-3000-unsupervised-ad
================================================================================

Loading dataset: data/dfki-artificial-3000-unsupervised-ad.csv

--- Dataset preview (first 5 rows) ---
   attribute_1  attribute_2 outlier_label
0    -9.798577   -14.403255       outlier
1   -10.605577   -14.356258       outlier
2    -9.958577   -14.101245       outlier
3    -9.515671   -13.903235       outlier
4    -8.798111   -14.451255       outlier
--------------------------------------
Dataset shape: (3000, 2)
Number of anomalies: 37 (1.23%)

Testing thresholds: [0, 1.0, 1.01, 1.1, 1.2]

--------------------------------------------------------------------------------
Running with threshold = 0
--------------------------------------------------------------------------------


=== Experiment B: FastLOF Speed & Scalability ===
Using contamination parameter: 0.0123
Testing k values: [10, 20, 30, 40, 50]
Chunk sizes: 1500 to 50 (step=50)

--- Running baseline LOF ---
  k=10 (ball_tree)... 0.0209s (kd_tree)... 0.0070s (brute)... 0.0246s
  k=20 (ball_tree)... 0.0279s (kd_tree)... 0.0095s (brute)... 0.0150s
  k=30 (ball_tree)... 0.0348s (kd_tree)... 0.0124s (brute)... 0.0202s
  k=40 (ball_tree)... 0.0404s (kd_tree)... 0.0152s (brute)... 0.0242s
  k=50 (ball_tree)... 0.0467s (kd_tree)... 0.0185s (brute)... 0.0291s

Baseline algorithms:
  LOF ball_tree (averaged): 0.0342s
  LOF kd_tree (averaged): 0.0125s
  LOF brute (averaged): 0.0226s

Using LOF brute as reference for FastLOF comparisons

Testing chunk sizes: [1500, 1450, 1400, 1350, 1300, 1250, 1200, 1150, 1100, 1050, 1000, 950, 900, 850, 800, 750, 700, 650, 600, 550, 500, 450, 400, 350, 300, 250, 200, 150, 100, 50]

--- Running FastLOF ---
Chunk size 1500:
  k=10... 0.4357s
  k=20... 0.0052s
  k=30... 0.0059s
  k=40... 0.0065s
  k=50... 0.0076s
  Averaged: 0.0922s, corr=1.0000
Chunk size 1450:
  k=10... 0.0051s
  k=20... 0.0062s
  k=30... 0.0075s
  k=40... 0.0086s
  k=50... 0.0101s
  Averaged: 0.0075s, corr=1.0000
Chunk size 1400:
  k=10... 0.0052s
  k=20... 0.0060s
  k=30... 0.0072s
  k=40... 0.0086s
  k=50... 0.0099s
  Averaged: 0.0074s, corr=1.0000
Chunk size 1350:
  k=10... 0.0052s
  k=20... 0.0061s
  k=30... 0.0074s
  k=40... 0.0088s
  k=50... 0.0104s
  Averaged: 0.0076s, corr=1.0000
Chunk size 1300:
  k=10... 0.0051s
  k=20... 0.0060s
  k=30... 0.0073s
  k=40... 0.0092s
  k=50... 0.0104s
  Averaged: 0.0076s, corr=1.0000
Chunk size 1250:
  k=10... 0.0052s
  k=20... 0.0060s
  k=30... 0.0074s
  k=40... 0.0089s
  k=50... 0.0105s
  Averaged: 0.0076s, corr=1.0000
Chunk size 1200:
  k=10... 0.0057s
  k=20... 0.0063s
  k=30... 0.0076s
  k=40... 0.0089s
  k=50... 0.0098s
  Averaged: 0.0076s, corr=1.0000
Chunk size 1150:
  k=10... 0.0056s
  k=20... 0.0064s
  k=30... 0.0075s
  k=40... 0.0087s
  k=50... 0.0105s
  Averaged: 0.0077s, corr=1.0000
Chunk size 1100:
  k=10... 0.0053s
  k=20... 0.0061s
  k=30... 0.0074s
  k=40... 0.0089s
  k=50... 0.0101s
  Averaged: 0.0076s, corr=1.0000
Chunk size 1050:
  k=10... 0.0054s
  k=20... 0.0062s
  k=30... 0.0079s
  k=40... 0.0096s
  k=50... 0.0099s
  Averaged: 0.0078s, corr=1.0000
Chunk size 1000:
  k=10... 0.0049s
  k=20... 0.0057s
  k=30... 0.0071s
  k=40... 0.0086s
  k=50... 0.0100s
  Averaged: 0.0073s, corr=1.0000
Chunk size 950:
  k=10... 0.0057s
  k=20... 0.0075s
  k=30... 0.0090s
  k=40... 0.0103s
  k=50... 0.0117s
  Averaged: 0.0089s, corr=1.0000
Chunk size 900:
  k=10... 0.0057s
  k=20... 0.0067s
  k=30... 0.0083s
  k=40... 0.0101s
  k=50... 0.0114s
  Averaged: 0.0085s, corr=1.0000
Chunk size 850:
  k=10... 0.0058s
  k=20... 0.0068s
  k=30... 0.0088s
  k=40... 0.0108s
  k=50... 0.0124s
  Averaged: 0.0089s, corr=1.0000
Chunk size 800:
  k=10... 0.0056s
  k=20... 0.0066s
  k=30... 0.0085s
  k=40... 0.0108s
  k=50... 0.0125s
  Averaged: 0.0088s, corr=1.0000
Chunk size 750:
  k=10... 0.0058s
  k=20... 0.0068s
  k=30... 0.0086s
  k=40... 0.0110s
  k=50... 0.0122s
  Averaged: 0.0089s, corr=1.0000
Chunk size 700:
  k=10... 0.0064s
  k=20... 0.0083s
  k=30... 0.0103s
  k=40... 0.0126s
  k=50... 0.0139s
  Averaged: 0.0103s, corr=1.0000
Chunk size 650:
  k=10... 0.0065s
  k=20... 0.0076s
  k=30... 0.0100s
  k=40... 0.0129s
  k=50... 0.0142s
  Averaged: 0.0102s, corr=1.0000
Chunk size 600:
  k=10... 0.0064s
  k=20... 0.0075s
  k=30... 0.0099s
  k=40... 0.0129s
  k=50... 0.0129s
  Averaged: 0.0099s, corr=1.0000
Chunk size 550:
  k=10... 0.0073s
  k=20... 0.0092s
  k=30... 0.0122s
  k=40... 0.0148s
  k=50... 0.0159s
  Averaged: 0.0119s, corr=1.0000
Chunk size 500:
  k=10... 0.0072s
  k=20... 0.0084s
  k=30... 0.0123s
  k=40... 0.0138s
  k=50... 0.0136s
  Averaged: 0.0111s, corr=1.0000
Chunk size 450:
  k=10... 0.0079s
  k=20... 0.0110s
  k=30... 0.0146s
  k=40... 0.0157s
  k=50... 0.0159s
  Averaged: 0.0130s, corr=1.0000
Chunk size 400:
  k=10... 0.0085s
  k=20... 0.0127s
  k=30... 0.0152s
  k=40... 0.0176s
  k=50... 0.0177s
  Averaged: 0.0143s, corr=1.0000
Chunk size 350:
  k=10... 0.0097s
  k=20... 0.0137s
  k=30... 0.0156s
  k=40... 0.0173s
  k=50... 0.0189s
  Averaged: 0.0150s, corr=1.0000
Chunk size 300:
  k=10... 0.0101s
  k=20... 0.0144s
  k=30... 0.0147s
  k=40... 0.0153s
  k=50... 0.0168s
  Averaged: 0.0143s, corr=1.0000
Chunk size 250:
  k=10... 0.0118s
  k=20... 0.0149s
  k=30... 0.0161s
  k=40... 0.0176s
  k=50... 0.0196s
  Averaged: 0.0160s, corr=1.0000
Chunk size 200:
  k=10... 0.0148s
  k=20... 0.0172s
  k=30... 0.0197s
  k=40... 0.0215s
  k=50... 0.0238s
  Averaged: 0.0194s, corr=1.0000
Chunk size 150:
  k=10... 0.0201s
  k=20... 0.0235s
  k=30... 0.0267s
  k=40... 0.0290s
  k=50... 0.0319s
  Averaged: 0.0262s, corr=1.0000
Chunk size 100:
  k=10... 0.0347s
  k=20... 0.0379s
  k=30... 0.0425s
  k=40... 0.0458s
  k=50... 0.0501s
  Averaged: 0.0422s, corr=1.0000
Chunk size 50:
  k=10... 0.0916s
  k=20... 0.1007s
  k=30... 0.1106s
  k=40... 0.1166s
  k=50... 0.1207s
  Averaged: 0.1080s, corr=1.0000
Saved results to /pfs/data6/home/hu/hu_hu/hu_abdeal01/Final-FastLOF/results/dfki-artificial-3000-unsupervised-ad/fastlof_experiments/k10-50_t0/fastlof_results.csv
/pfs/data6/home/hu/hu_hu/hu_abdeal01/Final-FastLOF/experiments.py:1634: UserWarning: No artists with labels found to put in legend.  Note that artists whose label start with an underscore are ignored when legend() is called with no argument.
  axes[0, 1].legend(loc='upper left', fontsize=8)
Saved Experiment B plots to /pfs/data6/home/hu/hu_hu/hu_abdeal01/Final-FastLOF/results/dfki-artificial-3000-unsupervised-ad/fastlof_experiments/k10-50_t0/fastlof_summary.png
Saved detail plots to /pfs/data6/home/hu/hu_hu/hu_abdeal01/Final-FastLOF/results/dfki-artificial-3000-unsupervised-ad/fastlof_experiments/k10-50_t0/fastlof_detail.png
Saved FastLOF scatter plots to /pfs/data6/home/hu/hu_hu/hu_abdeal01/Final-FastLOF/results/dfki-artificial-3000-unsupervised-ad/fastlof_experiments/k10-50_t0/fastlof_scatter.png
Saved FastLOF timing pies to /pfs/data6/home/hu/hu_hu/hu_abdeal01/Final-FastLOF/results/dfki-artificial-3000-unsupervised-ad/fastlof_experiments/k10-50_t0/fastlof_timing.png

=== Experiment B Complete ===

--------------------------------------------------------------------------------
Running with threshold = 1.0
--------------------------------------------------------------------------------


=== Experiment B: FastLOF Speed & Scalability ===
Using contamination parameter: 0.0123
Testing k values: [10, 20, 30, 40, 50]
Chunk sizes: 1500 to 50 (step=50)

--- Running baseline LOF ---
  k=10 (ball_tree)... 0.0203s (kd_tree)... 0.0066s (brute)... 0.0103s
  k=20 (ball_tree)... 0.0279s (kd_tree)... 0.0095s (brute)... 0.0147s
  k=30 (ball_tree)... 0.0348s (kd_tree)... 0.0124s (brute)... 0.0198s
  k=40 (ball_tree)... 0.0404s (kd_tree)... 0.0152s (brute)... 0.0238s
  k=50 (ball_tree)... 0.0463s (kd_tree)... 0.0184s (brute)... 0.0283s

Baseline algorithms:
  LOF ball_tree (averaged): 0.0339s
  LOF kd_tree (averaged): 0.0124s
  LOF brute (averaged): 0.0194s

Using LOF brute as reference for FastLOF comparisons

Testing chunk sizes: [1500, 1450, 1400, 1350, 1300, 1250, 1200, 1150, 1100, 1050, 1000, 950, 900, 850, 800, 750, 700, 650, 600, 550, 500, 450, 400, 350, 300, 250, 200, 150, 100, 50]

--- Running FastLOF ---
Chunk size 1500:
  k=10... 0.0048s
  k=20... 0.0053s
  k=30... 0.0064s
  k=40... 0.0071s
  k=50... 0.0079s
  Averaged: 0.0063s, corr=1.0000
Chunk size 1450:
  k=10... 0.0060s
  k=20... 0.0070s
  k=30... 0.0083s
  k=40... 0.0093s
  k=50... 0.0109s
  Averaged: 0.0083s, corr=0.9997
Chunk size 1400:
  k=10... 0.0058s
  k=20... 0.0069s
  k=30... 0.0081s
  k=40... 0.0089s
  k=50... 0.0106s
  Averaged: 0.0081s, corr=0.9993
Chunk size 1350:
  k=10... 0.0059s
  k=20... 0.0068s
  k=30... 0.0085s
  k=40... 0.0097s
  k=50... 0.0105s
  Averaged: 0.0083s, corr=0.9985
Chunk size 1300:
  k=10... 0.0058s
  k=20... 0.0067s
  k=30... 0.0086s
  k=40... 0.0091s
  k=50... 0.0102s
  Averaged: 0.0081s, corr=0.9981
Chunk size 1250:
  k=10... 0.0057s
  k=20... 0.0067s
  k=30... 0.0080s
  k=40... 0.0090s
  k=50... 0.0103s
  Averaged: 0.0079s, corr=0.9997
Chunk size 1200:
  k=10... 0.0056s
  k=20... 0.0064s
  k=30... 0.0072s
  k=40... 0.0087s
  k=50... 0.0089s
  Averaged: 0.0074s, corr=0.9976
Chunk size 1150:
  k=10... 0.0056s
  k=20... 0.0068s
  k=30... 0.0077s
  k=40... 0.0088s
  k=50... 0.0102s
  Averaged: 0.0078s, corr=0.9986
Chunk size 1100:
  k=10... 0.0053s
  k=20... 0.0065s
  k=30... 0.0075s
  k=40... 0.0084s
  k=50... 0.0097s
  Averaged: 0.0075s, corr=0.9962
Chunk size 1050:
  k=10... 0.0054s
  k=20... 0.0066s
  k=30... 0.0083s
  k=40... 0.0090s
  k=50... 0.0098s
  Averaged: 0.0078s, corr=0.9999
Chunk size 1000:
  k=10... 0.0052s
  k=20... 0.0062s
  k=30... 0.0075s
  k=40... 0.0086s
  k=50... 0.0100s
  Averaged: 0.0075s, corr=0.9999
Chunk size 950:
  k=10... 0.0062s
  k=20... 0.0074s
  k=30... 0.0088s
  k=40... 0.0108s
  k=50... 0.0117s
  Averaged: 0.0090s, corr=0.9998
Chunk size 900:
  k=10... 0.0059s
  k=20... 0.0076s
  k=30... 0.0089s
  k=40... 0.0103s
  k=50... 0.0115s
  Averaged: 0.0088s, corr=0.9980
Chunk size 850:
  k=10... 0.0059s
  k=20... 0.0077s
  k=30... 0.0091s
  k=40... 0.0106s
  k=50... 0.0117s
  Averaged: 0.0090s, corr=0.9974
Chunk size 800:
  k=10... 0.0057s
  k=20... 0.0075s
  k=30... 0.0092s
  k=40... 0.0103s
  k=50... 0.0121s
  Averaged: 0.0090s, corr=0.9980
Chunk size 750:
  k=10... 0.0058s
  k=20... 0.0076s
  k=30... 0.0093s
  k=40... 0.0107s
  k=50... 0.0118s
  Averaged: 0.0090s, corr=0.9974
Chunk size 700:
  k=10... 0.0065s
  k=20... 0.0086s
  k=30... 0.0106s
  k=40... 0.0120s
  k=50... 0.0136s
  Averaged: 0.0103s, corr=0.9959
Chunk size 650:
  k=10... 0.0072s
  k=20... 0.0091s
  k=30... 0.0107s
  k=40... 0.0124s
  k=50... 0.0136s
  Averaged: 0.0106s, corr=0.9958
Chunk size 600:
  k=10... 0.0063s
  k=20... 0.0089s
  k=30... 0.0108s
  k=40... 0.0121s
  k=50... 0.0127s
  Averaged: 0.0101s, corr=0.9952
Chunk size 550:
  k=10... 0.0074s
  k=20... 0.0100s
  k=30... 0.0122s
  k=40... 0.0138s
  k=50... 0.0156s
  Averaged: 0.0118s, corr=0.9954
Chunk size 500:
  k=10... 0.0080s
  k=20... 0.0095s
  k=30... 0.0119s
  k=40... 0.0131s
  k=50... 0.0135s
  Averaged: 0.0112s, corr=0.9942
Chunk size 450:
  k=10... 0.0090s
  k=20... 0.0113s
  k=30... 0.0134s
  k=40... 0.0139s
  k=50... 0.0152s
  Averaged: 0.0126s, corr=0.9924
Chunk size 400:
  k=10... 0.0096s
  k=20... 0.0120s
  k=30... 0.0131s
  k=40... 0.0143s
  k=50... 0.0159s
  Averaged: 0.0130s, corr=0.9950
Chunk size 350:
  k=10... 0.0109s
  k=20... 0.0133s
  k=30... 0.0141s
  k=40... 0.0152s
  k=50... 0.0159s
  Averaged: 0.0139s, corr=0.9919
Chunk size 300:
  k=10... 0.0121s
  k=20... 0.0131s
  k=30... 0.0144s
  k=40... 0.0148s
  k=50... 0.0163s
  Averaged: 0.0141s, corr=0.9881
Chunk size 250:
  k=10... 0.0139s
  k=20... 0.0159s
  k=30... 0.0160s
  k=40... 0.0173s
  k=50... 0.0190s
  Averaged: 0.0164s, corr=0.9906
Chunk size 200:
  k=10... 0.0156s
  k=20... 0.0165s
  k=30... 0.0189s
  k=40... 0.0206s
  k=50... 0.0229s
  Averaged: 0.0189s, corr=0.9927
Chunk size 150:
  k=10... 0.0199s
  k=20... 0.0226s
  k=30... 0.0258s
  k=40... 0.0279s
  k=50... 0.0309s
  Averaged: 0.0254s, corr=0.9907
Chunk size 100:
  k=10... 0.0328s
  k=20... 0.0373s
  k=30... 0.0415s
  k=40... 0.0447s
  k=50... 0.0489s
  Averaged: 0.0410s, corr=0.9848
Chunk size 50:
  k=10... 0.0904s
  k=20... 0.0998s
  k=30... 0.1085s
  k=40... 0.1144s
  k=50... 0.1177s
  Averaged: 0.1061s, corr=0.9855
Saved results to /pfs/data6/home/hu/hu_hu/hu_abdeal01/Final-FastLOF/results/dfki-artificial-3000-unsupervised-ad/fastlof_experiments/k10-50_t1.0/fastlof_results.csv
/pfs/data6/home/hu/hu_hu/hu_abdeal01/Final-FastLOF/experiments.py:1634: UserWarning: No artists with labels found to put in legend.  Note that artists whose label start with an underscore are ignored when legend() is called with no argument.
  axes[0, 1].legend(loc='upper left', fontsize=8)
Saved Experiment B plots to /pfs/data6/home/hu/hu_hu/hu_abdeal01/Final-FastLOF/results/dfki-artificial-3000-unsupervised-ad/fastlof_experiments/k10-50_t1.0/fastlof_summary.png
Saved detail plots to /pfs/data6/home/hu/hu_hu/hu_abdeal01/Final-FastLOF/results/dfki-artificial-3000-unsupervised-ad/fastlof_experiments/k10-50_t1.0/fastlof_detail.png
Saved FastLOF scatter plots to /pfs/data6/home/hu/hu_hu/hu_abdeal01/Final-FastLOF/results/dfki-artificial-3000-unsupervised-ad/fastlof_experiments/k10-50_t1.0/fastlof_scatter.png
Saved FastLOF timing pies to /pfs/data6/home/hu/hu_hu/hu_abdeal01/Final-FastLOF/results/dfki-artificial-3000-unsupervised-ad/fastlof_experiments/k10-50_t1.0/fastlof_timing.png

=== Experiment B Complete ===

--------------------------------------------------------------------------------
Running with threshold = 1.01
--------------------------------------------------------------------------------


=== Experiment B: FastLOF Speed & Scalability ===
Using contamination parameter: 0.0123
Testing k values: [10, 20, 30, 40, 50]
Chunk sizes: 1500 to 50 (step=50)

--- Running baseline LOF ---
  k=10 (ball_tree)... 0.0203s (kd_tree)... 0.0066s (brute)... 0.0102s
  k=20 (ball_tree)... 0.0279s (kd_tree)... 0.0095s (brute)... 0.0146s
  k=30 (ball_tree)... 0.0348s (kd_tree)... 0.0124s (brute)... 0.0198s
  k=40 (ball_tree)... 0.0404s (kd_tree)... 0.0152s (brute)... 0.0237s
  k=50 (ball_tree)... 0.0465s (kd_tree)... 0.0185s (brute)... 0.0284s

Baseline algorithms:
  LOF ball_tree (averaged): 0.0340s
  LOF kd_tree (averaged): 0.0124s
  LOF brute (averaged): 0.0193s

Using LOF brute as reference for FastLOF comparisons

Testing chunk sizes: [1500, 1450, 1400, 1350, 1300, 1250, 1200, 1150, 1100, 1050, 1000, 950, 900, 850, 800, 750, 700, 650, 600, 550, 500, 450, 400, 350, 300, 250, 200, 150, 100, 50]

--- Running FastLOF ---
Chunk size 1500:
  k=10... 0.0050s
  k=20... 0.0053s
  k=30... 0.0060s
  k=40... 0.0066s
  k=50... 0.0073s
  Averaged: 0.0060s, corr=1.0000
Chunk size 1450:
  k=10... 0.0057s
  k=20... 0.0066s
  k=30... 0.0073s
  k=40... 0.0078s
  k=50... 0.0084s
  Averaged: 0.0072s, corr=0.9999
Chunk size 1400:
  k=10... 0.0055s
  k=20... 0.0060s
  k=30... 0.0074s
  k=40... 0.0083s
  k=50... 0.0087s
  Averaged: 0.0072s, corr=0.9993
Chunk size 1350:
  k=10... 0.0053s
  k=20... 0.0065s
  k=30... 0.0076s
  k=40... 0.0085s
  k=50... 0.0092s
  Averaged: 0.0074s, corr=0.9994
Chunk size 1300:
  k=10... 0.0051s
  k=20... 0.0059s
  k=30... 0.0069s
  k=40... 0.0084s
  k=50... 0.0097s
  Averaged: 0.0072s, corr=0.9984
Chunk size 1250:
  k=10... 0.0051s
  k=20... 0.0062s
  k=30... 0.0070s
  k=40... 0.0083s
  k=50... 0.0094s
  Averaged: 0.0072s, corr=0.9984
Chunk size 1200:
  k=10... 0.0050s
  k=20... 0.0057s
  k=30... 0.0069s
  k=40... 0.0082s
  k=50... 0.0096s
  Averaged: 0.0071s, corr=0.9991
Chunk size 1150:
  k=10... 0.0050s
  k=20... 0.0058s
  k=30... 0.0069s
  k=40... 0.0081s
  k=50... 0.0092s
  Averaged: 0.0070s, corr=0.9993
Chunk size 1100:
  k=10... 0.0050s
  k=20... 0.0059s
  k=30... 0.0068s
  k=40... 0.0080s
  k=50... 0.0086s
  Averaged: 0.0069s, corr=0.9999
Chunk size 1050:
  k=10... 0.0053s
  k=20... 0.0061s
  k=30... 0.0072s
  k=40... 0.0077s
  k=50... 0.0087s
  Averaged: 0.0070s, corr=0.9998
Chunk size 1000:
  k=10... 0.0048s
  k=20... 0.0056s
  k=30... 0.0065s
  k=40... 0.0090s
  k=50... 0.0085s
  Averaged: 0.0069s, corr=0.9999
Chunk size 950:
  k=10... 0.0060s
  k=20... 0.0068s
  k=30... 0.0078s
  k=40... 0.0087s
  k=50... 0.0105s
  Averaged: 0.0079s, corr=0.9993
Chunk size 900:
  k=10... 0.0061s
  k=20... 0.0072s
  k=30... 0.0085s
  k=40... 0.0098s
  k=50... 0.0112s
  Averaged: 0.0085s, corr=0.9976
Chunk size 850:
  k=10... 0.0057s
  k=20... 0.0074s
  k=30... 0.0089s
  k=40... 0.0101s
  k=50... 0.0114s
  Averaged: 0.0087s, corr=0.9980
Chunk size 800:
  k=10... 0.0058s
  k=20... 0.0071s
  k=30... 0.0083s
  k=40... 0.0101s
  k=50... 0.0115s
  Averaged: 0.0086s, corr=0.9964
Chunk size 750:
  k=10... 0.0060s
  k=20... 0.0069s
  k=30... 0.0082s
  k=40... 0.0102s
  k=50... 0.0116s
  Averaged: 0.0086s, corr=0.9973
Chunk size 700:
  k=10... 0.0066s
  k=20... 0.0077s
  k=30... 0.0100s
  k=40... 0.0114s
  k=50... 0.0132s
  Averaged: 0.0098s, corr=0.9956
Chunk size 650:
  k=10... 0.0069s
  k=20... 0.0084s
  k=30... 0.0103s
  k=40... 0.0122s
  k=50... 0.0137s
  Averaged: 0.0103s, corr=0.9945
Chunk size 600:
  k=10... 0.0065s
  k=20... 0.0080s
  k=30... 0.0100s
  k=40... 0.0120s
  k=50... 0.0126s
  Averaged: 0.0098s, corr=0.9985
Chunk size 550:
  k=10... 0.0078s
  k=20... 0.0095s
  k=30... 0.0115s
  k=40... 0.0126s
  k=50... 0.0146s
  Averaged: 0.0112s, corr=0.9962
Chunk size 500:
  k=10... 0.0077s
  k=20... 0.0095s
  k=30... 0.0105s
  k=40... 0.0123s
  k=50... 0.0133s
  Averaged: 0.0107s, corr=0.9925
Chunk size 450:
  k=10... 0.0087s
  k=20... 0.0109s
  k=30... 0.0125s
  k=40... 0.0131s
  k=50... 0.0147s
  Averaged: 0.0120s, corr=0.9944
Chunk size 400:
  k=10... 0.0092s
  k=20... 0.0114s
  k=30... 0.0126s
  k=40... 0.0137s
  k=50... 0.0154s
  Averaged: 0.0124s, corr=0.9924
Chunk size 350:
  k=10... 0.0102s
  k=20... 0.0123s
  k=30... 0.0132s
  k=40... 0.0140s
  k=50... 0.0155s
  Averaged: 0.0130s, corr=0.9919
Chunk size 300:
  k=10... 0.0113s
  k=20... 0.0126s
  k=30... 0.0136s
  k=40... 0.0141s
  k=50... 0.0158s
  Averaged: 0.0135s, corr=0.9915
Chunk size 250:
  k=10... 0.0126s
  k=20... 0.0141s
  k=30... 0.0150s
  k=40... 0.0162s
  k=50... 0.0182s
  Averaged: 0.0152s, corr=0.9904
Chunk size 200:
  k=10... 0.0143s
  k=20... 0.0161s
  k=30... 0.0228s
  k=40... 0.0198s
  k=50... 0.0222s
  Averaged: 0.0191s, corr=0.9910
Chunk size 150:
  k=10... 0.0191s
  k=20... 0.0219s
  k=30... 0.0249s
  k=40... 0.0272s
  k=50... 0.0299s
  Averaged: 0.0246s, corr=0.9857
Chunk size 100:
  k=10... 0.0319s
  k=20... 0.0362s
  k=30... 0.0407s
  k=40... 0.0436s
  k=50... 0.0479s
  Averaged: 0.0400s, corr=0.9841
Chunk size 50:
  k=10... 0.0899s
  k=20... 0.0987s
  k=30... 0.1076s
  k=40... 0.1139s
  k=50... 0.1162s
  Averaged: 0.1053s, corr=0.9852
Saved results to /pfs/data6/home/hu/hu_hu/hu_abdeal01/Final-FastLOF/results/dfki-artificial-3000-unsupervised-ad/fastlof_experiments/k10-50_t1.01/fastlof_results.csv
/pfs/data6/home/hu/hu_hu/hu_abdeal01/Final-FastLOF/experiments.py:1634: UserWarning: No artists with labels found to put in legend.  Note that artists whose label start with an underscore are ignored when legend() is called with no argument.
  axes[0, 1].legend(loc='upper left', fontsize=8)
Saved Experiment B plots to /pfs/data6/home/hu/hu_hu/hu_abdeal01/Final-FastLOF/results/dfki-artificial-3000-unsupervised-ad/fastlof_experiments/k10-50_t1.01/fastlof_summary.png
Saved detail plots to /pfs/data6/home/hu/hu_hu/hu_abdeal01/Final-FastLOF/results/dfki-artificial-3000-unsupervised-ad/fastlof_experiments/k10-50_t1.01/fastlof_detail.png
Saved FastLOF scatter plots to /pfs/data6/home/hu/hu_hu/hu_abdeal01/Final-FastLOF/results/dfki-artificial-3000-unsupervised-ad/fastlof_experiments/k10-50_t1.01/fastlof_scatter.png
Saved FastLOF timing pies to /pfs/data6/home/hu/hu_hu/hu_abdeal01/Final-FastLOF/results/dfki-artificial-3000-unsupervised-ad/fastlof_experiments/k10-50_t1.01/fastlof_timing.png

=== Experiment B Complete ===

--------------------------------------------------------------------------------
Running with threshold = 1.1
--------------------------------------------------------------------------------


=== Experiment B: FastLOF Speed & Scalability ===
Using contamination parameter: 0.0123
Testing k values: [10, 20, 30, 40, 50]
Chunk sizes: 1500 to 50 (step=50)

--- Running baseline LOF ---
  k=10 (ball_tree)... 0.0203s (kd_tree)... 0.0066s (brute)... 0.0113s
  k=20 (ball_tree)... 0.0279s (kd_tree)... 0.0095s (brute)... 0.0145s
  k=30 (ball_tree)... 0.0349s (kd_tree)... 0.0124s (brute)... 0.0197s
  k=40 (ball_tree)... 0.0403s (kd_tree)... 0.0152s (brute)... 0.0239s
  k=50 (ball_tree)... 0.0463s (kd_tree)... 0.0184s (brute)... 0.0284s

Baseline algorithms:
  LOF ball_tree (averaged): 0.0339s
  LOF kd_tree (averaged): 0.0124s
  LOF brute (averaged): 0.0196s

Using LOF brute as reference for FastLOF comparisons

Testing chunk sizes: [1500, 1450, 1400, 1350, 1300, 1250, 1200, 1150, 1100, 1050, 1000, 950, 900, 850, 800, 750, 700, 650, 600, 550, 500, 450, 400, 350, 300, 250, 200, 150, 100, 50]

--- Running FastLOF ---
Chunk size 1500:
  k=10... 0.0049s
  k=20... 0.0053s
  k=30... 0.0060s
  k=40... 0.0066s
  k=50... 0.0073s
  Averaged: 0.0061s, corr=1.0000
Chunk size 1450:
  k=10... 0.0052s
  k=20... 0.0064s
  k=30... 0.0073s
  k=40... 0.0076s
  k=50... 0.0084s
  Averaged: 0.0070s, corr=0.9998
Chunk size 1400:
  k=10... 0.0050s
  k=20... 0.0058s
  k=30... 0.0066s
  k=40... 0.0074s
  k=50... 0.0082s
  Averaged: 0.0066s, corr=0.9990
Chunk size 1350:
  k=10... 0.0051s
  k=20... 0.0059s
  k=30... 0.0071s
  k=40... 0.0084s
  k=50... 0.0090s
  Averaged: 0.0071s, corr=0.9984
Chunk size 1300:
  k=10... 0.0049s
  k=20... 0.0058s
  k=30... 0.0067s
  k=40... 0.0075s
  k=50... 0.0082s
  Averaged: 0.0066s, corr=0.9989
Chunk size 1250:
  k=10... 0.0050s
  k=20... 0.0059s
  k=30... 0.0069s
  k=40... 0.0076s
  k=50... 0.0084s
  Averaged: 0.0068s, corr=0.9984
Chunk size 1200:
  k=10... 0.0048s
  k=20... 0.0057s
  k=30... 0.0067s
  k=40... 0.0076s
  k=50... 0.0081s
  Averaged: 0.0066s, corr=0.9963
Chunk size 1150:
  k=10... 0.0049s
  k=20... 0.0060s
  k=30... 0.0068s
  k=40... 0.0079s
  k=50... 0.0085s
  Averaged: 0.0068s, corr=0.9951
Chunk size 1100:
  k=10... 0.0047s
  k=20... 0.0056s
  k=30... 0.0066s
  k=40... 0.0079s
  k=50... 0.0086s
  Averaged: 0.0067s, corr=0.9952
Chunk size 1050:
  k=10... 0.0049s
  k=20... 0.0058s
  k=30... 0.0066s
  k=40... 0.0086s
  k=50... 0.0094s
  Averaged: 0.0071s, corr=0.9994
Chunk size 1000:
  k=10... 0.0046s
  k=20... 0.0056s
  k=30... 0.0063s
  k=40... 0.0079s
  k=50... 0.0093s
  Averaged: 0.0067s, corr=0.9996
Chunk size 950:
  k=10... 0.0052s
  k=20... 0.0065s
  k=30... 0.0077s
  k=40... 0.0091s
  k=50... 0.0097s
  Averaged: 0.0076s, corr=0.9956
Chunk size 900:
  k=10... 0.0051s
  k=20... 0.0062s
  k=30... 0.0073s
  k=40... 0.0088s
  k=50... 0.0103s
  Averaged: 0.0075s, corr=0.9971
Chunk size 850:
  k=10... 0.0051s
  k=20... 0.0063s
  k=30... 0.0128s
  k=40... 0.0091s
  k=50... 0.0102s
  Averaged: 0.0087s, corr=0.9907
Chunk size 800:
  k=10... 0.0047s
  k=20... 0.0060s
  k=30... 0.0074s
  k=40... 0.0090s
  k=50... 0.0107s
  Averaged: 0.0076s, corr=0.9938
Chunk size 750:
  k=10... 0.0049s
  k=20... 0.0063s
  k=30... 0.0075s
  k=40... 0.0086s
  k=50... 0.0101s
  Averaged: 0.0075s, corr=0.9973
Chunk size 700:
  k=10... 0.0053s
  k=20... 0.0069s
  k=30... 0.0085s
  k=40... 0.0098s
  k=50... 0.0109s
  Averaged: 0.0083s, corr=0.9900
Chunk size 650:
  k=10... 0.0053s
  k=20... 0.0067s
  k=30... 0.0085s
  k=40... 0.0100s
  k=50... 0.0119s
  Averaged: 0.0085s, corr=0.9943
Chunk size 600:
  k=10... 0.0051s
  k=20... 0.0067s
  k=30... 0.0080s
  k=40... 0.0101s
  k=50... 0.0110s
  Averaged: 0.0082s, corr=0.9917
Chunk size 550:
  k=10... 0.0057s
  k=20... 0.0080s
  k=30... 0.0092s
  k=40... 0.0111s
  k=50... 0.0121s
  Averaged: 0.0092s, corr=0.9937
Chunk size 500:
  k=10... 0.0057s
  k=20... 0.0072s
  k=30... 0.0084s
  k=40... 0.0102s
  k=50... 0.0115s
  Averaged: 0.0086s, corr=0.9894
Chunk size 450:
  k=10... 0.0063s
  k=20... 0.0084s
  k=30... 0.0101s
  k=40... 0.0112s
  k=50... 0.0122s
  Averaged: 0.0096s, corr=0.9873
Chunk size 400:
  k=10... 0.0068s
  k=20... 0.0087s
  k=30... 0.0108s
  k=40... 0.0120s
  k=50... 0.0131s
  Averaged: 0.0103s, corr=0.9923
Chunk size 350:
  k=10... 0.0076s
  k=20... 0.0093s
  k=30... 0.0115s
  k=40... 0.0125s
  k=50... 0.0140s
  Averaged: 0.0110s, corr=0.9889
Chunk size 300:
  k=10... 0.0080s
  k=20... 0.0097s
  k=30... 0.0115s
  k=40... 0.0127s
  k=50... 0.0143s
  Averaged: 0.0112s, corr=0.9907
Chunk size 250:
  k=10... 0.0093s
  k=20... 0.0114s
  k=30... 0.0133s
  k=40... 0.0147s
  k=50... 0.0166s
  Averaged: 0.0131s, corr=0.9927
Chunk size 200:
  k=10... 0.0116s
  k=20... 0.0141s
  k=30... 0.0165s
  k=40... 0.0181s
  k=50... 0.0204s
  Averaged: 0.0161s, corr=0.9838
Chunk size 150:
  k=10... 0.0163s
  k=20... 0.0194s
  k=30... 0.0224s
  k=40... 0.0246s
  k=50... 0.0274s
  Averaged: 0.0220s, corr=0.9841
Chunk size 100:
  k=10... 0.0278s
  k=20... 0.0322s
  k=30... 0.0372s
  k=40... 0.0392s
  k=50... 0.0434s
  Averaged: 0.0359s, corr=0.9832
Chunk size 50:
  k=10... 0.0702s
  k=20... 0.0778s
  k=30... 0.0869s
  k=40... 0.0922s
  k=50... 0.0992s
  Averaged: 0.0853s, corr=0.9812
Saved results to /pfs/data6/home/hu/hu_hu/hu_abdeal01/Final-FastLOF/results/dfki-artificial-3000-unsupervised-ad/fastlof_experiments/k10-50_t1.1/fastlof_results.csv
/pfs/data6/home/hu/hu_hu/hu_abdeal01/Final-FastLOF/experiments.py:1634: UserWarning: No artists with labels found to put in legend.  Note that artists whose label start with an underscore are ignored when legend() is called with no argument.
  axes[0, 1].legend(loc='upper left', fontsize=8)
Saved Experiment B plots to /pfs/data6/home/hu/hu_hu/hu_abdeal01/Final-FastLOF/results/dfki-artificial-3000-unsupervised-ad/fastlof_experiments/k10-50_t1.1/fastlof_summary.png
Saved detail plots to /pfs/data6/home/hu/hu_hu/hu_abdeal01/Final-FastLOF/results/dfki-artificial-3000-unsupervised-ad/fastlof_experiments/k10-50_t1.1/fastlof_detail.png
Saved FastLOF scatter plots to /pfs/data6/home/hu/hu_hu/hu_abdeal01/Final-FastLOF/results/dfki-artificial-3000-unsupervised-ad/fastlof_experiments/k10-50_t1.1/fastlof_scatter.png
Saved FastLOF timing pies to /pfs/data6/home/hu/hu_hu/hu_abdeal01/Final-FastLOF/results/dfki-artificial-3000-unsupervised-ad/fastlof_experiments/k10-50_t1.1/fastlof_timing.png

=== Experiment B Complete ===

--------------------------------------------------------------------------------
Running with threshold = 1.2
--------------------------------------------------------------------------------


=== Experiment B: FastLOF Speed & Scalability ===
Using contamination parameter: 0.0123
Testing k values: [10, 20, 30, 40, 50]
Chunk sizes: 1500 to 50 (step=50)

--- Running baseline LOF ---
  k=10 (ball_tree)... 0.0203s (kd_tree)... 0.0066s (brute)... 0.0111s
  k=20 (ball_tree)... 0.0278s (kd_tree)... 0.0095s (brute)... 0.0147s
  k=30 (ball_tree)... 0.0349s (kd_tree)... 0.0124s (brute)... 0.0201s
  k=40 (ball_tree)... 0.0404s (kd_tree)... 0.0152s (brute)... 0.0242s
  k=50 (ball_tree)... 0.0464s (kd_tree)... 0.0184s (brute)... 0.0290s

Baseline algorithms:
  LOF ball_tree (averaged): 0.0339s
  LOF kd_tree (averaged): 0.0124s
  LOF brute (averaged): 0.0198s

Using LOF brute as reference for FastLOF comparisons

Testing chunk sizes: [1500, 1450, 1400, 1350, 1300, 1250, 1200, 1150, 1100, 1050, 1000, 950, 900, 850, 800, 750, 700, 650, 600, 550, 500, 450, 400, 350, 300, 250, 200, 150, 100, 50]

--- Running FastLOF ---
Chunk size 1500:
  k=10... 0.0047s
  k=20... 0.0052s
  k=30... 0.0059s
  k=40... 0.0066s
  k=50... 0.0072s
  Averaged: 0.0059s, corr=1.0000
Chunk size 1450:
  k=10... 0.0050s
  k=20... 0.0058s
  k=30... 0.0073s
  k=40... 0.0074s
  k=50... 0.0083s
  Averaged: 0.0068s, corr=0.9996
Chunk size 1400:
  k=10... 0.0049s
  k=20... 0.0057s
  k=30... 0.0065s
  k=40... 0.0078s
  k=50... 0.0081s
  Averaged: 0.0066s, corr=0.9991
Chunk size 1350:
  k=10... 0.0050s
  k=20... 0.0058s
  k=30... 0.0065s
  k=40... 0.0072s
  k=50... 0.0086s
  Averaged: 0.0066s, corr=0.9991
Chunk size 1300:
  k=10... 0.0048s
  k=20... 0.0056s
  k=30... 0.0065s
  k=40... 0.0071s
  k=50... 0.0079s
  Averaged: 0.0064s, corr=0.9975
Chunk size 1250:
  k=10... 0.0048s
  k=20... 0.0056s
  k=30... 0.0064s
  k=40... 0.0073s
  k=50... 0.0081s
  Averaged: 0.0065s, corr=0.9987
Chunk size 1200:
  k=10... 0.0046s
  k=20... 0.0055s
  k=30... 0.0062s
  k=40... 0.0070s
  k=50... 0.0081s
  Averaged: 0.0063s, corr=0.9967
Chunk size 1150:
  k=10... 0.0047s
  k=20... 0.0056s
  k=30... 0.0063s
  k=40... 0.0072s
  k=50... 0.0079s
  Averaged: 0.0063s, corr=0.9983
Chunk size 1100:
  k=10... 0.0046s
  k=20... 0.0055s
  k=30... 0.0066s
  k=40... 0.0071s
  k=50... 0.0081s
  Averaged: 0.0064s, corr=0.9963
Chunk size 1050:
  k=10... 0.0047s
  k=20... 0.0055s
  k=30... 0.0066s
  k=40... 0.0072s
  k=50... 0.0081s
  Averaged: 0.0064s, corr=0.9990
Chunk size 1000:
  k=10... 0.0044s
  k=20... 0.0053s
  k=30... 0.0062s
  k=40... 0.0068s
  k=50... 0.0076s
  Averaged: 0.0061s, corr=0.9987
Chunk size 950:
  k=10... 0.0050s
  k=20... 0.0059s
  k=30... 0.0076s
  k=40... 0.0081s
  k=50... 0.0086s
  Averaged: 0.0070s, corr=0.9982
Chunk size 900:
  k=10... 0.0049s
  k=20... 0.0060s
  k=30... 0.0070s
  k=40... 0.0081s
  k=50... 0.0089s
  Averaged: 0.0070s, corr=0.9923
Chunk size 850:
  k=10... 0.0050s
  k=20... 0.0060s
  k=30... 0.0070s
  k=40... 0.0079s
  k=50... 0.0091s
  Averaged: 0.0070s, corr=0.9922
Chunk size 800:
  k=10... 0.0048s
  k=20... 0.0059s
  k=30... 0.0068s
  k=40... 0.0073s
  k=50... 0.0095s
  Averaged: 0.0069s, corr=0.9900
Chunk size 750:
  k=10... 0.0051s
  k=20... 0.0060s
  k=30... 0.0070s
  k=40... 0.0075s
  k=50... 0.0084s
  Averaged: 0.0068s, corr=0.9947
Chunk size 700:
  k=10... 0.0055s
  k=20... 0.0067s
  k=30... 0.0078s
  k=40... 0.0087s
  k=50... 0.0094s
  Averaged: 0.0076s, corr=0.9949
Chunk size 650:
  k=10... 0.0054s
  k=20... 0.0067s
  k=30... 0.0078s
  k=40... 0.0089s
  k=50... 0.0099s
  Averaged: 0.0077s, corr=0.9913
Chunk size 600:
  k=10... 0.0053s
  k=20... 0.0064s
  k=30... 0.0072s
  k=40... 0.0081s
  k=50... 0.0107s
  Averaged: 0.0075s, corr=0.9969
Chunk size 550:
  k=10... 0.0058s
  k=20... 0.0072s
  k=30... 0.0080s
  k=40... 0.0090s
  k=50... 0.0113s
  Averaged: 0.0083s, corr=0.9897
Chunk size 500:
  k=10... 0.0057s
  k=20... 0.0069s
  k=30... 0.0081s
  k=40... 0.0095s
  k=50... 0.0106s
  Averaged: 0.0081s, corr=0.9895
Chunk size 450:
  k=10... 0.0062s
  k=20... 0.0078s
  k=30... 0.0099s
  k=40... 0.0108s
  k=50... 0.0122s
  Averaged: 0.0094s, corr=0.9914
Chunk size 400:
  k=10... 0.0068s
  k=20... 0.0089s
  k=30... 0.0102s
  k=40... 0.0111s
  k=50... 0.0128s
  Averaged: 0.0100s, corr=0.9839
Chunk size 350:
  k=10... 0.0072s
  k=20... 0.0094s
  k=30... 0.0111s
  k=40... 0.0122s
  k=50... 0.0130s
  Averaged: 0.0106s, corr=0.9908
Chunk size 300:
  k=10... 0.0081s
  k=20... 0.0100s
  k=30... 0.0113s
  k=40... 0.0124s
  k=50... 0.0140s
  Averaged: 0.0112s, corr=0.9831
Chunk size 250:
  k=10... 0.0094s
  k=20... 0.0114s
  k=30... 0.0135s
  k=40... 0.0144s
  k=50... 0.0163s
  Averaged: 0.0130s, corr=0.9874
Chunk size 200:
  k=10... 0.0115s
  k=20... 0.0138s
  k=30... 0.0161s
  k=40... 0.0178s
  k=50... 0.0200s
  Averaged: 0.0159s, corr=0.9831
Chunk size 150:
  k=10... 0.0159s
  k=20... 0.0190s
  k=30... 0.0220s
  k=40... 0.0241s
  k=50... 0.0269s
  Averaged: 0.0216s, corr=0.9836
Chunk size 100:
  k=10... 0.0259s
  k=20... 0.0308s
  k=30... 0.0352s
  k=40... 0.0383s
  k=50... 0.0426s
  Averaged: 0.0345s, corr=0.9752
Chunk size 50:
  k=10... 0.0583s
  k=20... 0.0727s
  k=30... 0.0786s
  k=40... 0.0902s
  k=50... 0.1000s
  Averaged: 0.0800s, corr=0.9675
Saved results to /pfs/data6/home/hu/hu_hu/hu_abdeal01/Final-FastLOF/results/dfki-artificial-3000-unsupervised-ad/fastlof_experiments/k10-50_t1.2/fastlof_results.csv
/pfs/data6/home/hu/hu_hu/hu_abdeal01/Final-FastLOF/experiments.py:1634: UserWarning: No artists with labels found to put in legend.  Note that artists whose label start with an underscore are ignored when legend() is called with no argument.
  axes[0, 1].legend(loc='upper left', fontsize=8)
Saved Experiment B plots to /pfs/data6/home/hu/hu_hu/hu_abdeal01/Final-FastLOF/results/dfki-artificial-3000-unsupervised-ad/fastlof_experiments/k10-50_t1.2/fastlof_summary.png
Saved detail plots to /pfs/data6/home/hu/hu_hu/hu_abdeal01/Final-FastLOF/results/dfki-artificial-3000-unsupervised-ad/fastlof_experiments/k10-50_t1.2/fastlof_detail.png
Saved FastLOF scatter plots to /pfs/data6/home/hu/hu_hu/hu_abdeal01/Final-FastLOF/results/dfki-artificial-3000-unsupervised-ad/fastlof_experiments/k10-50_t1.2/fastlof_scatter.png
Saved FastLOF timing pies to /pfs/data6/home/hu/hu_hu/hu_abdeal01/Final-FastLOF/results/dfki-artificial-3000-unsupervised-ad/fastlof_experiments/k10-50_t1.2/fastlof_timing.png

=== Experiment B Complete ===

================================================================================
All Experiments Complete!
================================================================================


========================================================================
Job Completion
========================================================================
Exit code: 0
Completed at: Sun Dec 14 05:06:30 PM CET 2025
========================================================================

============================= JOB FEEDBACK =============================

NodeName=uc3n003
Job ID: 2598520
Cluster: uc3
User/Group: hu_abdeal01/hu_hu
State: COMPLETED (exit code 0)
Nodes: 1
Cores per node: 16
CPU Utilized: 00:32:38
CPU Efficiency: 55.37% of 00:58:56 core-walltime
Job Wall-clock time: 00:03:41
Memory Utilized: 1.22 GB
Memory Efficiency: 3.81% of 32.00 GB (32.00 GB/node)
