========================================================================
Job Information
========================================================================
Job ID: 2463214
Job Name: fastlof_kdd99-unsupervised-ad
Node: uc3n003.localdomain
Started at: Tue Dec  9 06:04:14 AM CET 2025
CPUs allocated: 24
Memory allocated: 64G
Partition: cpu
Thread limit: 5
========================================================================

Working directory: /pfs/data6/home/hu/hu_hu/hu_abdeal01/Final-FastLOF

========================================================================
Environment Information
========================================================================
Python 3.9.18

matplotlib                    3.9.4
numpy                         2.0.2
pandas                        2.3.3
scikit-learn                  1.6.1
========================================================================

========================================================================
Starting Experiment: kdd99-unsupervised-ad - FastLOF
========================================================================


================================================================================
FastLOF Experiment - kdd99-unsupervised-ad
================================================================================

Loading dataset: data/kdd99-unsupervised-ad.csv (fraction=1)

--- Dataset preview (first 5 rows) ---
   0.0  215.0  45076.0  0.0.1  1.0  ...  0.0.19  0.0.20  0.0.21  0.0.22  n
0  0.0  162.0   4528.0    0.0  1.0  ...     0.0     0.0     0.0     0.0  n
1  0.0  236.0   1228.0    0.0  1.0  ...     0.0     0.0     0.0     0.0  n
2  0.0  233.0   2032.0    0.0  1.0  ...     0.0     0.0     0.0     0.0  n
3  0.0  239.0    486.0    0.0  1.0  ...     0.0     0.0     0.0     0.0  n
4  0.0  238.0   1282.0    0.0  1.0  ...     0.0     0.0     0.0     0.0  n

[5 rows x 30 columns]
--------------------------------------
Dataset shape: (620098, 29)
Number of anomalies: 1052 (0.17%)

Testing thresholds: [1.1]

--------------------------------------------------------------------------------
Running with threshold = 1.1
--------------------------------------------------------------------------------


=== Experiment B: FastLOF Speed & Scalability ===
Using contamination parameter: 0.0017
Testing k values: [10, 20, 30, 40, 50]
Chunk sizes: 10000 to 500 (step=500)

--- Running baseline LOF ---
  k=10 (ball_tree)...
============================= JOB FEEDBACK =============================

NodeName=uc3n003
Job ID: 2463214
Cluster: uc3
User/Group: hu_abdeal01/hu_hu
State: CANCELLED (exit code 0)
Nodes: 1
Cores per node: 24
CPU Utilized: 00:00:00
CPU Efficiency: 0.00% of 8-17:44:24 core-walltime
Job Wall-clock time: 08:44:21
Memory Utilized: 567.01 MB
Memory Efficiency: 0.87% of 64.00 GB (64.00 GB/node)
