========================================================================
Job Information
========================================================================
Job ID: 2478953
Job Name: fastlof_kdd99-unsupervised-ad
Node: uc3n066.localdomain
Started at: Tue Dec  9 02:52:41 PM CET 2025
CPUs allocated: 24
Memory allocated: 64G
Partition: cpu
Thread limit: 5
========================================================================

Working directory: /pfs/data6/home/hu/hu_hu/hu_abdeal01/Final-FastLOF

========================================================================
Environment Information
========================================================================
Python 3.9.18

matplotlib                    3.9.4
numpy                         2.0.2
pandas                        2.3.3
scikit-learn                  1.6.1
========================================================================

========================================================================
Starting Experiment: kdd99-unsupervised-ad - FastLOF
========================================================================


================================================================================
FastLOF Experiment - kdd99-unsupervised-ad
================================================================================

Loading dataset: data/kdd99-unsupervised-ad.csv (fraction=1)

--- Dataset preview (first 5 rows) ---
   0.0  215.0  45076.0  0.0.1  1.0  ...  0.0.19  0.0.20  0.0.21  0.0.22  n
0  0.0  162.0   4528.0    0.0  1.0  ...     0.0     0.0     0.0     0.0  n
1  0.0  236.0   1228.0    0.0  1.0  ...     0.0     0.0     0.0     0.0  n
2  0.0  233.0   2032.0    0.0  1.0  ...     0.0     0.0     0.0     0.0  n
3  0.0  239.0    486.0    0.0  1.0  ...     0.0     0.0     0.0     0.0  n
4  0.0  238.0   1282.0    0.0  1.0  ...     0.0     0.0     0.0     0.0  n

[5 rows x 30 columns]
--------------------------------------
Dataset shape: (620098, 29)
Number of anomalies: 1052 (0.17%)

Testing thresholds: [1.1]

--------------------------------------------------------------------------------
Running with threshold = 1.1
--------------------------------------------------------------------------------


=== Experiment B: FastLOF Speed & Scalability ===
Using contamination parameter: 0.0017
Testing k values: [10, 20, 30, 40, 50]
Chunk sizes: 10000 to 500 (step=500)

--- Running baseline LOF ---
  k=10 (ball_tree)... 8478.6828s (kd_tree)... 1367.9967s (brute)... 242.8006s
  k=20 (ball_tree)... 16654.9679s (kd_tree)... 1976.2584s (brute)... 244.0947s
  k=30 (ball_tree)... 53925.6099s (kd_tree)...