========================================================================
Job Information
========================================================================
Job ID: 2660008
Job Name: fastlof_mammography
Node: uc3n006.localdomain
Started at: Mon Dec 22 04:57:25 PM CET 2025
CPUs allocated: 24
Memory allocated: 64G
Partition: cpu
Thread limit: 5
========================================================================

Working directory: /pfs/data6/home/hu/hu_hu/hu_abdeal01/Final-FastLOF

========================================================================
Environment Information
========================================================================
Python 3.9.18

matplotlib                    3.9.4
numpy                         2.0.2
pandas                        2.3.3
scikit-learn                  1.6.1
========================================================================

========================================================================
Starting Experiment: mammography - FastLOF
========================================================================


================================================================================
FastLOF Experiment - mammography
================================================================================

Loading dataset: data/mammography.mat

--- Dataset preview (first 5 rows) [from .mat X] ---
         f0        f1        f2        f3        f4        f5
0  0.230020  5.072578 -0.276061  0.832444 -0.377866  0.480322
1  0.155491 -0.169390  0.670652 -0.859553 -0.377866 -0.945723
2 -0.784415 -0.443654  5.674705 -0.859553 -0.377866 -0.945723
3  0.546088  0.131415 -0.456387 -0.859553 -0.377866 -0.945723
4 -0.102987 -0.394994 -0.140816  0.979703 -0.377866  1.013566
--------------------------------------
Dataset shape: (11183, 6)
Number of anomalies: 260 (2.32%)

Testing thresholds: [0, 1.0, 1.01, 1.1, 1.2]

--------------------------------------------------------------------------------
Running with threshold = 0
--------------------------------------------------------------------------------


=== Experiment B: FastLOF Speed & Scalability ===
Using contamination parameter: 0.0232
Testing k values: [10, 20, 30, 40, 50]
Chunk sizes: 3000 to 100 (step=100)

--- Running baseline LOF ---
  k=10 (ball_tree)... 4.5206s (kd_tree)... 0.1473s (brute)... 0.0857s
  k=20 (ball_tree)... 0.2892s (kd_tree)... 0.1789s (brute)... 0.0740s
  k=30 (ball_tree)... 0.3217s (kd_tree)... 0.2003s (brute)... 0.0907s
  k=40 (ball_tree)... 0.3494s (kd_tree)... 0.2196s (brute)... 0.0862s
  k=50 (ball_tree)... 0.3786s (kd_tree)... 0.2443s (brute)... 0.0919s

Baseline algorithms:
  LOF ball_tree (averaged): 1.1719s
  LOF kd_tree (averaged): 0.1981s
  LOF brute (averaged): 0.0857s

Using LOF brute as reference for FastLOF comparisons

Testing chunk sizes: [3000, 2900, 2800, 2700, 2600, 2500, 2400, 2300, 2200, 2100, 2000, 1900, 1800, 1700, 1600, 1500, 1400, 1300, 1200, 1100, 1000, 900, 800, 700, 600, 500, 400, 300, 200, 100]

--- Running FastLOF ---
Chunk size 3000:
  k=10... 0.6185s
  k=20... 0.0616s
  k=30... 0.0673s
  k=40... 0.1109s
  k=50... 0.0753s
  Averaged: 0.1867s, corr=1.0000
Chunk size 2900:
  k=10... 0.0532s
  k=20... 0.0621s
  k=30... 0.0728s
  k=40... 0.0721s
  k=50... 0.1868s
  Averaged: 0.0894s, corr=1.0000
Chunk size 2800:
  k=10... 0.0479s
  k=20... 0.0592s
  k=30... 0.0666s
  k=40... 0.0719s
  k=50... 0.0747s
  Averaged: 0.0640s, corr=1.0000
Chunk size 2700:
  k=10... 0.0476s
  k=20... 0.0635s
  k=30... 0.0889s
  k=40... 0.0810s
  k=50... 0.0877s
  Averaged: 0.0737s, corr=1.0000
Chunk size 2600:
  k=10... 0.2701s
  k=20... 0.3570s
  k=30... 0.0893s
  k=40... 0.2739s
  k=50... 0.3185s
  Averaged: 0.2618s, corr=1.0000
Chunk size 2500:
  k=10... 0.3355s
  k=20... 0.2360s
  k=30... 0.0739s
  k=40... 0.0790s
  k=50... 0.0845s
  Averaged: 0.1618s, corr=1.0000
Chunk size 2400:
  k=10... 0.0480s
  k=20... 0.0631s
  k=30... 0.0721s
  k=40... 0.0775s
  k=50... 0.1012s
  Averaged: 0.0724s, corr=1.0000
Chunk size 2300:
  k=10... 0.0648s
  k=20... 0.0632s
  k=30... 0.0731s
  k=40... 0.0770s
  k=50... 0.0836s
  Averaged: 0.0723s, corr=1.0000
Chunk size 2200:
  k=10... 0.0483s
  k=20... 0.0659s
  k=30... 0.0772s
  k=40... 0.0845s
  k=50... 0.0912s
  Averaged: 0.0734s, corr=1.0000
Chunk size 2100:
  k=10... 0.0496s
  k=20... 0.0686s
  k=30... 0.0795s
  k=40... 0.0860s
  k=50... 0.0928s
  Averaged: 0.0753s, corr=1.0000
Chunk size 2000:
  k=10... 0.0477s
  k=20... 0.0673s
  k=30... 0.0786s
  k=40... 0.0848s
  k=50... 0.0916s
  Averaged: 0.0740s, corr=1.0000
Chunk size 1900:
  k=10... 0.0490s
  k=20... 0.0680s
  k=30... 0.0791s
  k=40... 0.0857s
  k=50... 0.0929s
  Averaged: 0.0749s, corr=1.0000
Chunk size 1800:
  k=10... 0.0496s
  k=20... 0.0720s
  k=30... 0.0831s
  k=40... 0.0895s
  k=50... 0.0969s
  Averaged: 0.0782s, corr=1.0000
Chunk size 1700:
  k=10... 0.0504s
  k=20... 0.0700s
  k=30... 0.0833s
  k=40... 0.0908s
  k=50... 0.0976s
  Averaged: 0.0784s, corr=1.0000
Chunk size 1600:
  k=10... 0.0496s
  k=20... 0.0688s
  k=30... 0.0793s
  k=40... 0.0879s
  k=50... 0.0969s
  Averaged: 0.0765s, corr=1.0000
Chunk size 1500:
  k=10... 0.0515s
  k=20... 0.0739s
  k=30... 0.0868s
  k=40... 0.0960s
  k=50... 0.0978s
  Averaged: 0.0812s, corr=1.0000
Chunk size 1400:
  k=10... 0.0511s
  k=20... 0.0725s
  k=30... 0.0852s
  k=40... 0.0955s
  k=50... 0.1006s
  Averaged: 0.0810s, corr=1.0000
Chunk size 1300:
  k=10... 0.0538s
  k=20... 0.0803s
  k=30... 0.0925s
  k=40... 0.1035s
  k=50... 0.1281s
  Averaged: 0.0916s, corr=1.0000
Chunk size 1200:
  k=10... 0.0549s
  k=20... 1.0479s
  k=30... 0.4581s
  k=40... 0.1063s
  k=50... 0.1165s
  Averaged: 0.3568s, corr=1.0000
Chunk size 1100:
  k=10... 0.0638s
  k=20... 0.0890s
  k=30... 0.1065s
  k=40... 0.1154s
  k=50... 0.5832s
  Averaged: 0.1916s, corr=1.0000
Chunk size 1000:
  k=10... 0.0674s
  k=20... 0.0967s
  k=30... 0.1133s
  k=40... 0.1252s
  k=50... 0.1357s
  Averaged: 0.1077s, corr=1.0000
Chunk size 900:
  k=10... 0.0638s
  k=20... 0.1032s
  k=30... 0.1219s
  k=40... 0.1200s
  k=50... 0.5010s
  Averaged: 0.1820s, corr=1.0000
Chunk size 800:
  k=10... 0.0654s
  k=20... 0.1013s
  k=30... 0.1089s
  k=40... 0.1145s
  k=50... 0.5103s
  Averaged: 0.1801s, corr=1.0000
Chunk size 700:
  k=10... 0.0713s
  k=20... 0.1130s
  k=30... 0.1159s
  k=40... 0.1275s
  k=50... 0.1089s
  Averaged: 0.1073s, corr=1.0000
Chunk size 600:
  k=10... 0.0923s
  k=20... 0.1189s
  k=30... 0.1395s
  k=40... 0.1461s
  k=50... 0.1457s
  Averaged: 0.1285s, corr=1.0000
Chunk size 500:
  k=10... 0.0971s
  k=20... 0.1391s
  k=30... 0.1491s
  k=40... 0.1432s
  k=50... 0.1420s
  Averaged: 0.1341s, corr=1.0000
Chunk size 400:
  k=10... 0.1180s
  k=20... 0.1255s
  k=30... 0.1341s
  k=40... 0.1455s
  k=50... 0.1607s
  Averaged: 0.1368s, corr=1.0000
Chunk size 300:
  k=10... 0.1342s
  k=20... 0.1557s
  k=30... 0.1768s
  k=40... 0.1911s
  k=50... 0.2106s
  Averaged: 0.1737s, corr=1.0000
Chunk size 200:
  k=10... 0.1975s
  k=20... 0.2292s
  k=30... 0.5077s
  k=40... 0.2790s
  k=50... 0.3064s
  Averaged: 0.3040s, corr=1.0000
Chunk size 100:
  k=10... 0.5026s
  k=20... 0.5597s
  k=30... 0.6161s
  k=40... 0.6575s
  k=50... 0.7131s
  Averaged: 0.6098s, corr=1.0000
Saved results to /pfs/data6/home/hu/hu_hu/hu_abdeal01/Final-FastLOF/results/mammography/fastlof_experiments/k10-50_t0/fastlof_results.csv
/pfs/data6/home/hu/hu_hu/hu_abdeal01/Final-FastLOF/experiments.py:1634: UserWarning: No artists with labels found to put in legend.  Note that artists whose label start with an underscore are ignored when legend() is called with no argument.
  axes[0, 1].legend(loc='upper left', fontsize=8)
Saved Experiment B plots to /pfs/data6/home/hu/hu_hu/hu_abdeal01/Final-FastLOF/results/mammography/fastlof_experiments/k10-50_t0/fastlof_summary.png
Saved detail plots to /pfs/data6/home/hu/hu_hu/hu_abdeal01/Final-FastLOF/results/mammography/fastlof_experiments/k10-50_t0/fastlof_detail.png
Saved FastLOF scatter plots to /pfs/data6/home/hu/hu_hu/hu_abdeal01/Final-FastLOF/results/mammography/fastlof_experiments/k10-50_t0/fastlof_scatter.png
Saved FastLOF timing pies to /pfs/data6/home/hu/hu_hu/hu_abdeal01/Final-FastLOF/results/mammography/fastlof_experiments/k10-50_t0/fastlof_timing.png

=== Experiment B Complete ===

--------------------------------------------------------------------------------
Running with threshold = 1.0
--------------------------------------------------------------------------------


=== Experiment B: FastLOF Speed & Scalability ===
Using contamination parameter: 0.0232
Testing k values: [10, 20, 30, 40, 50]
Chunk sizes: 3000 to 100 (step=100)

--- Running baseline LOF ---
  k=10 (ball_tree)... 0.2557s (kd_tree)... 0.1512s (brute)... 0.0682s
  k=20 (ball_tree)... 0.2915s (kd_tree)... 0.1756s (brute)... 0.0731s
  k=30 (ball_tree)... 0.3257s (kd_tree)... 0.1976s (brute)... 0.0784s
  k=40 (ball_tree)... 0.3552s (kd_tree)... 0.2181s (brute)... 0.0838s
  k=50 (ball_tree)... 0.3825s (kd_tree)... 0.2382s (brute)... 0.0888s

Baseline algorithms:
  LOF ball_tree (averaged): 0.3221s
  LOF kd_tree (averaged): 0.1961s
  LOF brute (averaged): 0.0785s

Using LOF brute as reference for FastLOF comparisons

Testing chunk sizes: [3000, 2900, 2800, 2700, 2600, 2500, 2400, 2300, 2200, 2100, 2000, 1900, 1800, 1700, 1600, 1500, 1400, 1300, 1200, 1100, 1000, 900, 800, 700, 600, 500, 400, 300, 200, 100]

--- Running FastLOF ---
Chunk size 3000:
  k=10... 0.0441s
  k=20... 0.0522s
  k=30... 0.0610s
  k=40... 0.0583s
  k=50... 0.0602s
  Averaged: 0.0552s, corr=0.9996
Chunk size 2900:
  k=10... 0.0427s
  k=20... 0.0497s
  k=30... 0.0515s
  k=40... 0.0559s
  k=50... 0.0605s
  Averaged: 0.0521s, corr=1.0000
Chunk size 2800:
  k=10... 0.0428s
  k=20... 0.0471s
  k=30... 0.0508s
  k=40... 0.0552s
  k=50... 0.0599s
  Averaged: 0.0512s, corr=0.9999
Chunk size 2700:
  k=10... 0.0445s
  k=20... 0.0522s
  k=30... 0.0570s
  k=40... 0.0626s
  k=50... 0.0671s
  Averaged: 0.0567s, corr=1.0000
Chunk size 2600:
  k=10... 0.0438s
  k=20... 0.0550s
  k=30... 0.0582s
  k=40... 0.0626s
  k=50... 0.0649s
  Averaged: 0.0569s, corr=1.0000
Chunk size 2500:
  k=10... 0.0438s
  k=20... 0.0570s
  k=30... 0.0636s
  k=40... 0.0622s
  k=50... 0.0690s
  Averaged: 0.0591s, corr=1.0000
Chunk size 2400:
  k=10... 0.0427s
  k=20... 0.0559s
  k=30... 0.0635s
  k=40... 0.0631s
  k=50... 0.0714s
  Averaged: 0.0593s, corr=1.0000
Chunk size 2300:
  k=10... 0.0455s
  k=20... 0.0592s
  k=30... 0.0692s
  k=40... 0.0675s
  k=50... 0.0745s
  Averaged: 0.0632s, corr=1.0000
Chunk size 2200:
  k=10... 0.0446s
  k=20... 0.0582s
  k=30... 0.0691s
  k=40... 0.0638s
  k=50... 0.3925s
  Averaged: 0.1256s, corr=0.9999
Chunk size 2100:
  k=10... 0.0462s
  k=20... 0.0617s
  k=30... 0.0727s
  k=40... 0.0710s
  k=50... 0.0767s
  Averaged: 0.0657s, corr=0.9997
Chunk size 2000:
  k=10... 0.0436s
  k=20... 0.0609s
  k=30... 0.0724s
  k=40... 0.3630s
  k=50... 0.4401s
  Averaged: 0.1960s, corr=1.0000
Chunk size 1900:
  k=10... 0.0445s
  k=20... 0.0596s
  k=30... 0.0682s
  k=40... 0.0700s
  k=50... 0.1873s
  Averaged: 0.0859s, corr=0.9999
Chunk size 1800:
  k=10... 0.0459s
  k=20... 0.0600s
  k=30... 0.0708s
  k=40... 0.0727s
  k=50... 0.0814s
  Averaged: 0.0662s, corr=0.9999
Chunk size 1700:
  k=10... 0.0463s
  k=20... 0.0585s
  k=30... 0.0672s
  k=40... 0.0755s
  k=50... 0.0820s
  Averaged: 0.0659s, corr=0.9995
Chunk size 1600:
  k=10... 0.0452s
  k=20... 0.0585s
  k=30... 0.0684s
  k=40... 0.0694s
  k=50... 0.0767s
  Averaged: 0.0637s, corr=0.9969
Chunk size 1500:
  k=10... 0.0485s
  k=20... 0.0670s
  k=30... 0.0800s
  k=40... 0.0806s
  k=50... 0.0842s
  Averaged: 0.0721s, corr=0.9997
Chunk size 1400:
  k=10... 0.0484s
  k=20... 0.0664s
  k=30... 0.0777s
  k=40... 0.0781s
  k=50... 0.0853s
  Averaged: 0.0712s, corr=0.9982
Chunk size 1300:
  k=10... 0.0484s
  k=20... 0.0739s
  k=30... 0.0835s
  k=40... 0.0852s
  k=50... 0.0921s
  Averaged: 0.0766s, corr=0.9993
Chunk size 1200:
  k=10... 0.0495s
  k=20... 0.0773s
  k=30... 0.0893s
  k=40... 0.0898s
  k=50... 0.0961s
  Averaged: 0.0804s, corr=0.9993
Chunk size 1100:
  k=10... 0.0546s
  k=20... 0.0854s
  k=30... 0.1011s
  k=40... 0.0948s
  k=50... 0.9441s
  Averaged: 0.2560s, corr=0.9998
Chunk size 1000:
  k=10... 0.0598s
  k=20... 0.0880s
  k=30... 0.1068s
  k=40... 0.0987s
  k=50... 0.1048s
  Averaged: 0.0916s, corr=0.9989
Chunk size 900:
  k=10... 0.0611s
  k=20... 0.0964s
  k=30... 1.4653s
  k=40... 0.1001s
  k=50... 0.1023s
  Averaged: 0.3650s, corr=0.9982
Chunk size 800:
  k=10... 0.0687s
  k=20... 0.0988s
  k=30... 0.1074s
  k=40... 0.0895s
  k=50... 0.0933s
  Averaged: 0.0915s, corr=0.9986
Chunk size 700:
  k=10... 0.0770s
  k=20... 0.1057s
  k=30... 2.3267s
  k=40... 0.2435s
  k=50... 0.0951s
  Averaged: 0.5696s, corr=0.9972
Chunk size 600:
  k=10... 0.0880s
  k=20... 0.1134s
  k=30... 0.1240s
  k=40... 0.0969s
  k=50... 0.1047s
  Averaged: 0.1054s, corr=1.0000
Chunk size 500:
  k=10... 0.1000s
  k=20... 0.1314s
  k=30... 0.1419s
  k=40... 0.1092s
  k=50... 0.1199s
  Averaged: 0.1205s, corr=0.9982
Chunk size 400:
  k=10... 0.1046s
  k=20... 0.1175s
  k=30... 0.1272s
  k=40... 0.1244s
  k=50... 0.1397s
  Averaged: 0.1227s, corr=0.9955
Chunk size 300:
  k=10... 0.9140s
  k=20... 0.1512s
  k=30... 0.1694s
  k=40... 0.8454s
  k=50... 0.1863s
  Averaged: 0.4533s, corr=0.9997
Chunk size 200:
  k=10... 0.1798s
  k=20... 0.2222s
  k=30... 0.2510s
  k=40... 0.2566s
  k=50... 1.8834s
  Averaged: 0.5586s, corr=0.9992
Chunk size 100:
  k=10... 0.4924s
  k=20... 0.5699s
  k=30... 0.6251s
  k=40... 0.6470s
  k=50... 0.7034s
  Averaged: 0.6076s, corr=0.9974
Saved results to /pfs/data6/home/hu/hu_hu/hu_abdeal01/Final-FastLOF/results/mammography/fastlof_experiments/k10-50_t1.0/fastlof_results.csv
/pfs/data6/home/hu/hu_hu/hu_abdeal01/Final-FastLOF/experiments.py:1634: UserWarning: No artists with labels found to put in legend.  Note that artists whose label start with an underscore are ignored when legend() is called with no argument.
  axes[0, 1].legend(loc='upper left', fontsize=8)
Saved Experiment B plots to /pfs/data6/home/hu/hu_hu/hu_abdeal01/Final-FastLOF/results/mammography/fastlof_experiments/k10-50_t1.0/fastlof_summary.png
Saved detail plots to /pfs/data6/home/hu/hu_hu/hu_abdeal01/Final-FastLOF/results/mammography/fastlof_experiments/k10-50_t1.0/fastlof_detail.png
Saved FastLOF scatter plots to /pfs/data6/home/hu/hu_hu/hu_abdeal01/Final-FastLOF/results/mammography/fastlof_experiments/k10-50_t1.0/fastlof_scatter.png
Saved FastLOF timing pies to /pfs/data6/home/hu/hu_hu/hu_abdeal01/Final-FastLOF/results/mammography/fastlof_experiments/k10-50_t1.0/fastlof_timing.png

=== Experiment B Complete ===

--------------------------------------------------------------------------------
Running with threshold = 1.01
--------------------------------------------------------------------------------


=== Experiment B: FastLOF Speed & Scalability ===
Using contamination parameter: 0.0232
Testing k values: [10, 20, 30, 40, 50]
Chunk sizes: 3000 to 100 (step=100)

--- Running baseline LOF ---
  k=10 (ball_tree)... 0.2369s (kd_tree)... 0.1445s (brute)... 0.0762s
  k=20 (ball_tree)... 0.2795s (kd_tree)... 0.1681s (brute)... 0.0730s
  k=30 (ball_tree)... 0.3090s (kd_tree)... 0.1890s (brute)... 0.0785s
  k=40 (ball_tree)... 0.3363s (kd_tree)... 0.2090s (brute)... 0.0837s
  k=50 (ball_tree)... 0.3645s (kd_tree)... 0.2296s (brute)... 0.0889s

Baseline algorithms:
  LOF ball_tree (averaged): 0.3052s
  LOF kd_tree (averaged): 0.1881s
  LOF brute (averaged): 0.0801s

Using LOF brute as reference for FastLOF comparisons

Testing chunk sizes: [3000, 2900, 2800, 2700, 2600, 2500, 2400, 2300, 2200, 2100, 2000, 1900, 1800, 1700, 1600, 1500, 1400, 1300, 1200, 1100, 1000, 900, 800, 700, 600, 500, 400, 300, 200, 100]

--- Running FastLOF ---
Chunk size 3000:
  k=10... 0.0399s
  k=20... 0.0430s
  k=30... 0.0472s
  k=40... 0.0488s
  k=50... 0.0523s
  Averaged: 0.0462s, corr=1.0000
Chunk size 2900:
  k=10... 0.0402s
  k=20... 0.0432s
  k=30... 0.0465s
  k=40... 0.0491s
  k=50... 0.0522s
  Averaged: 0.0463s, corr=1.0000
Chunk size 2800:
  k=10... 0.0388s
  k=20... 0.0417s
  k=30... 0.0450s
  k=40... 0.0476s
  k=50... 0.0507s
  Averaged: 0.0448s, corr=0.9998
Chunk size 2700:
  k=10... 0.0417s
  k=20... 0.0475s
  k=30... 0.0496s
  k=40... 0.0541s
  k=50... 0.0551s
  Averaged: 0.0496s, corr=1.0000
Chunk size 2600:
  k=10... 0.0388s
  k=20... 0.0435s
  k=30... 0.4182s
  k=40... 0.1058s
  k=50... 0.0547s
  Averaged: 0.1322s, corr=1.0000
Chunk size 2500:
  k=10... 0.0396s
  k=20... 0.0452s
  k=30... 0.0484s
  k=40... 0.0544s
  k=50... 0.0576s
  Averaged: 0.0490s, corr=1.0000
Chunk size 2400:
  k=10... 0.0398s
  k=20... 0.0430s
  k=30... 0.0474s
  k=40... 0.0548s
  k=50... 0.0612s
  Averaged: 0.0492s, corr=0.9989
Chunk size 2300:
  k=10... 0.0399s
  k=20... 0.0432s
  k=30... 0.0489s
  k=40... 0.0540s
  k=50... 0.0621s
  Averaged: 0.0496s, corr=1.0000
Chunk size 2200:
  k=10... 0.0409s
  k=20... 0.0443s
  k=30... 0.0520s
  k=40... 0.0591s
  k=50... 0.0621s
  Averaged: 0.0517s, corr=1.0000
Chunk size 2100:
  k=10... 0.0393s
  k=20... 0.0483s
  k=30... 0.0583s
  k=40... 0.0605s
  k=50... 0.0673s
  Averaged: 0.0548s, corr=1.0000
Chunk size 2000:
  k=10... 0.0389s
  k=20... 0.0506s
  k=30... 0.0584s
  k=40... 0.0602s
  k=50... 0.0679s
  Averaged: 0.0552s, corr=0.9964
Chunk size 1900:
  k=10... 0.0400s
  k=20... 0.0488s
  k=30... 0.0515s
  k=40... 0.0638s
  k=50... 0.0693s
  Averaged: 0.0547s, corr=0.9993
Chunk size 1800:
  k=10... 0.0416s
  k=20... 0.0471s
  k=30... 0.0534s
  k=40... 0.0681s
  k=50... 0.0720s
  Averaged: 0.0564s, corr=0.9989
Chunk size 1700:
  k=10... 0.0411s
  k=20... 0.0530s
  k=30... 0.4062s
  k=40... 0.1685s
  k=50... 0.1201s
  Averaged: 0.1578s, corr=0.9997
Chunk size 1600:
  k=10... 0.0394s
  k=20... 0.0500s
  k=30... 0.0596s
  k=40... 0.0661s
  k=50... 0.0679s
  Averaged: 0.0566s, corr=0.9956
Chunk size 1500:
  k=10... 0.0425s
  k=20... 0.0556s
  k=30... 0.0642s
  k=40... 0.0690s
  k=50... 0.0750s
  Averaged: 0.0613s, corr=0.9999
Chunk size 1400:
  k=10... 0.0414s
  k=20... 0.0538s
  k=30... 0.0662s
  k=40... 0.0697s
  k=50... 0.0785s
  Averaged: 0.0619s, corr=0.9988
Chunk size 1300:
  k=10... 0.0440s
  k=20... 0.0628s
  k=30... 0.0743s
  k=40... 0.0823s
  k=50... 0.1319s
  Averaged: 0.0790s, corr=0.9970
Chunk size 1200:
  k=10... 0.0829s
  k=20... 0.0642s
  k=30... 0.0755s
  k=40... 0.0865s
  k=50... 0.0903s
  Averaged: 0.0799s, corr=0.9965
Chunk size 1100:
  k=10... 0.0508s
  k=20... 0.0695s
  k=30... 0.0800s
  k=40... 0.0857s
  k=50... 0.0906s
  Averaged: 0.0753s, corr=0.9969
Chunk size 1000:
  k=10... 0.0533s
  k=20... 0.1094s
  k=30... 0.0919s
  k=40... 0.1814s
  k=50... 0.2312s
  Averaged: 0.1334s, corr=0.9998
Chunk size 900:
  k=10... 0.0626s
  k=20... 0.0777s
  k=30... 0.0874s
  k=40... 0.0839s
  k=50... 0.1154s
  Averaged: 0.0854s, corr=0.9937
Chunk size 800:
  k=10... 0.0636s
  k=20... 0.0755s
  k=30... 0.0785s
  k=40... 0.0745s
  k=50... 0.0840s
  Averaged: 0.0752s, corr=0.9958
Chunk size 700:
  k=10... 0.0692s
  k=20... 0.0759s
  k=30... 0.0783s
  k=40... 0.0805s
  k=50... 0.0851s
  Averaged: 0.0778s, corr=0.9977
Chunk size 600:
  k=10... 0.0805s
  k=20... 0.0754s
  k=30... 7.8401s
  k=40... 0.0863s
  k=50... 0.0975s
  Averaged: 1.6360s, corr=0.9935
Chunk size 500:
  k=10... 0.0880s
  k=20... 0.0834s
  k=30... 0.0947s
  k=40... 0.1008s
  k=50... 0.1126s
  Averaged: 0.0959s, corr=0.9938
Chunk size 400:
  k=10... 0.0843s
  k=20... 0.0982s
  k=30... 0.1081s
  k=40... 0.1184s
  k=50... 0.1337s
  Averaged: 0.1085s, corr=0.9966
Chunk size 300:
  k=10... 0.1146s
  k=20... 0.1326s
  k=30... 0.1505s
  k=40... 0.1628s
  k=50... 0.1823s
  Averaged: 0.1486s, corr=0.9949
Chunk size 200:
  k=10... 0.1791s
  k=20... 0.2064s
  k=30... 0.2331s
  k=40... 0.2480s
  k=50... 0.3753s
  Averaged: 0.2484s, corr=0.9992
Chunk size 100:
  k=10... 0.4858s
  k=20... 0.5491s
  k=30... 8.8603s
  k=40... 0.6326s
  k=50... 0.6936s
  Averaged: 2.2443s, corr=0.9885
Saved results to /pfs/data6/home/hu/hu_hu/hu_abdeal01/Final-FastLOF/results/mammography/fastlof_experiments/k10-50_t1.01/fastlof_results.csv
/pfs/data6/home/hu/hu_hu/hu_abdeal01/Final-FastLOF/experiments.py:1634: UserWarning: No artists with labels found to put in legend.  Note that artists whose label start with an underscore are ignored when legend() is called with no argument.
  axes[0, 1].legend(loc='upper left', fontsize=8)
Saved Experiment B plots to /pfs/data6/home/hu/hu_hu/hu_abdeal01/Final-FastLOF/results/mammography/fastlof_experiments/k10-50_t1.01/fastlof_summary.png
Saved detail plots to /pfs/data6/home/hu/hu_hu/hu_abdeal01/Final-FastLOF/results/mammography/fastlof_experiments/k10-50_t1.01/fastlof_detail.png
Saved FastLOF scatter plots to /pfs/data6/home/hu/hu_hu/hu_abdeal01/Final-FastLOF/results/mammography/fastlof_experiments/k10-50_t1.01/fastlof_scatter.png
Saved FastLOF timing pies to /pfs/data6/home/hu/hu_hu/hu_abdeal01/Final-FastLOF/results/mammography/fastlof_experiments/k10-50_t1.01/fastlof_timing.png

=== Experiment B Complete ===

--------------------------------------------------------------------------------
Running with threshold = 1.1
--------------------------------------------------------------------------------


=== Experiment B: FastLOF Speed & Scalability ===
Using contamination parameter: 0.0232
Testing k values: [10, 20, 30, 40, 50]
Chunk sizes: 3000 to 100 (step=100)

--- Running baseline LOF ---
  k=10 (ball_tree)... 0.2431s (kd_tree)... 0.1448s (brute)... 0.0737s
  k=20 (ball_tree)... 0.2731s (kd_tree)... 0.1675s (brute)... 0.0732s
  k=30 (ball_tree)... 0.3053s (kd_tree)... 0.1885s (brute)... 0.0786s
  k=40 (ball_tree)... 0.3321s (kd_tree)... 0.2084s (brute)... 0.0838s
  k=50 (ball_tree)... 0.3592s (kd_tree)... 0.2290s (brute)... 0.0888s

Baseline algorithms:
  LOF ball_tree (averaged): 0.3026s
  LOF kd_tree (averaged): 0.1876s
  LOF brute (averaged): 0.0796s

Using LOF brute as reference for FastLOF comparisons

Testing chunk sizes: [3000, 2900, 2800, 2700, 2600, 2500, 2400, 2300, 2200, 2100, 2000, 1900, 1800, 1700, 1600, 1500, 1400, 1300, 1200, 1100, 1000, 900, 800, 700, 600, 500, 400, 300, 200, 100]

--- Running FastLOF ---
Chunk size 3000:
  k=10... 0.0364s
  k=20... 0.0405s
  k=30... 0.0462s
  k=40... 0.0515s
  k=50... 0.0554s
  Averaged: 0.0460s, corr=0.9980
Chunk size 2900:
  k=10... 0.0364s
  k=20... 0.0407s
  k=30... 0.0468s
  k=40... 0.0521s
  k=50... 0.1903s
  Averaged: 0.0733s, corr=0.9999
Chunk size 2800:
  k=10... 0.3008s
  k=20... 0.3067s
  k=30... 0.1765s
  k=40... 0.0525s
  k=50... 0.0920s
  Averaged: 0.1857s, corr=0.9994
Chunk size 2700:
  k=10... 0.0361s
  k=20... 0.0443s
  k=30... 0.0519s
  k=40... 0.0551s
  k=50... 0.0607s
  Averaged: 0.0496s, corr=0.9971
Chunk size 2600:
  k=10... 0.0357s
  k=20... 0.0451s
  k=30... 0.0512s
  k=40... 0.0675s
  k=50... 0.0616s
  Averaged: 0.0522s, corr=0.9967
Chunk size 2500:
  k=10... 0.0845s
  k=20... 0.0444s
  k=30... 0.0524s
  k=40... 0.0571s
  k=50... 0.0646s
  Averaged: 0.0606s, corr=0.9983
Chunk size 2400:
  k=10... 0.0680s
  k=20... 0.0413s
  k=30... 0.0528s
  k=40... 0.0524s
  k=50... 0.0588s
  Averaged: 0.0547s, corr=0.9950
Chunk size 2300:
  k=10... 0.0334s
  k=20... 0.0411s
  k=30... 0.0518s
  k=40... 0.0949s
  k=50... 0.1833s
  Averaged: 0.0809s, corr=0.9989
Chunk size 2200:
  k=10... 0.0333s
  k=20... 0.0407s
  k=30... 0.0493s
  k=40... 0.0530s
  k=50... 0.0569s
  Averaged: 0.0466s, corr=0.9975
Chunk size 2100:
  k=10... 0.0335s
  k=20... 0.0432s
  k=30... 0.1928s
  k=40... 0.0541s
  k=50... 0.0600s
  Averaged: 0.0767s, corr=0.9972
Chunk size 2000:
  k=10... 0.0336s
  k=20... 0.0455s
  k=30... 0.0555s
  k=40... 0.0539s
  k=50... 0.0626s
  Averaged: 0.0502s, corr=0.9938
Chunk size 1900:
  k=10... 0.0348s
  k=20... 0.0438s
  k=30... 0.0552s
  k=40... 0.0587s
  k=50... 0.0597s
  Averaged: 0.0505s, corr=0.9844
Chunk size 1800:
  k=10... 0.0351s
  k=20... 0.0449s
  k=30... 0.0557s
  k=40... 0.0713s
  k=50... 0.0555s
  Averaged: 0.0525s, corr=0.9968
Chunk size 1700:
  k=10... 0.1407s
  k=20... 0.0466s
  k=30... 0.0545s
  k=40... 0.0569s
  k=50... 0.0632s
  Averaged: 0.0724s, corr=0.9813
Chunk size 1600:
  k=10... 0.0350s
  k=20... 0.0417s
  k=30... 0.0477s
  k=40... 0.0566s
  k=50... 0.0622s
  Averaged: 0.0487s, corr=0.9868
Chunk size 1500:
  k=10... 0.0381s
  k=20... 0.0440s
  k=30... 0.0515s
  k=40... 0.0565s
  k=50... 0.0633s
  Averaged: 0.0507s, corr=0.9968
Chunk size 1400:
  k=10... 0.0369s
  k=20... 0.0423s
  k=30... 0.1481s
  k=40... 0.0540s
  k=50... 0.0616s
  Averaged: 0.0686s, corr=0.9904
Chunk size 1300:
  k=10... 0.2079s
  k=20... 0.0443s
  k=30... 0.0517s
  k=40... 0.0552s
  k=50... 0.0630s
  Averaged: 0.0844s, corr=0.9881
Chunk size 1200:
  k=10... 0.0380s
  k=20... 0.1525s
  k=30... 0.0518s
  k=40... 0.0583s
  k=50... 0.0654s
  Averaged: 0.0732s, corr=0.9796
Chunk size 1100:
  k=10... 0.0396s
  k=20... 0.0460s
  k=30... 0.0546s
  k=40... 0.0593s
  k=50... 0.0671s
  Averaged: 0.0533s, corr=0.9934
Chunk size 1000:
  k=10... 0.0396s
  k=20... 0.0453s
  k=30... 0.0548s
  k=40... 0.0617s
  k=50... 0.0691s
  Averaged: 0.0541s, corr=0.9733
Chunk size 900:
  k=10... 0.0400s
  k=20... 0.0493s
  k=30... 0.0580s
  k=40... 0.0640s
  k=50... 0.1534s
  Averaged: 0.0729s, corr=0.9473
Chunk size 800:
  k=10... 0.0383s
  k=20... 0.0494s
  k=30... 0.0563s
  k=40... 0.0620s
  k=50... 0.0708s
  Averaged: 0.0554s, corr=0.9752
Chunk size 700:
  k=10... 0.0414s
  k=20... 0.0504s
  k=30... 0.0608s
  k=40... 0.0699s
  k=50... 0.3648s
  Averaged: 0.1175s, corr=0.9753
Chunk size 600:
  k=10... 0.0479s
  k=20... 0.0562s
  k=30... 0.0692s
  k=40... 0.0739s
  k=50... 0.0841s
  Averaged: 0.0663s, corr=0.9781
Chunk size 500:
  k=10... 0.0552s
  k=20... 0.0676s
  k=30... 0.0777s
  k=40... 0.0870s
  k=50... 0.0992s
  Averaged: 0.0773s, corr=0.9658
Chunk size 400:
  k=10... 0.0670s
  k=20... 0.0792s
  k=30... 0.0934s
  k=40... 0.1048s
  k=50... 0.1194s
  Averaged: 0.0928s, corr=0.9506
Chunk size 300:
  k=10... 0.2939s
  k=20... 0.1138s
  k=30... 0.1340s
  k=40... 0.1483s
  k=50... 0.1677s
  Averaged: 0.1715s, corr=0.9513
Chunk size 200:
  k=10... 0.1504s
  k=20... 0.1805s
  k=30... 0.2080s
  k=40... 0.2319s
  k=50... 0.2589s
  Averaged: 0.2060s, corr=0.9658
Chunk size 100:
  k=10... 0.3900s
  k=20... 0.4558s
  k=30... 0.5153s
  k=40... 0.5687s
  k=50... 0.6277s
  Averaged: 0.5115s, corr=0.9747
Saved results to /pfs/data6/home/hu/hu_hu/hu_abdeal01/Final-FastLOF/results/mammography/fastlof_experiments/k10-50_t1.1/fastlof_results.csv
/pfs/data6/home/hu/hu_hu/hu_abdeal01/Final-FastLOF/experiments.py:1634: UserWarning: No artists with labels found to put in legend.  Note that artists whose label start with an underscore are ignored when legend() is called with no argument.
  axes[0, 1].legend(loc='upper left', fontsize=8)
Saved Experiment B plots to /pfs/data6/home/hu/hu_hu/hu_abdeal01/Final-FastLOF/results/mammography/fastlof_experiments/k10-50_t1.1/fastlof_summary.png
Saved detail plots to /pfs/data6/home/hu/hu_hu/hu_abdeal01/Final-FastLOF/results/mammography/fastlof_experiments/k10-50_t1.1/fastlof_detail.png
Saved FastLOF scatter plots to /pfs/data6/home/hu/hu_hu/hu_abdeal01/Final-FastLOF/results/mammography/fastlof_experiments/k10-50_t1.1/fastlof_scatter.png
Saved FastLOF timing pies to /pfs/data6/home/hu/hu_hu/hu_abdeal01/Final-FastLOF/results/mammography/fastlof_experiments/k10-50_t1.1/fastlof_timing.png

=== Experiment B Complete ===

--------------------------------------------------------------------------------
Running with threshold = 1.2
--------------------------------------------------------------------------------


=== Experiment B: FastLOF Speed & Scalability ===
Using contamination parameter: 0.0232
Testing k values: [10, 20, 30, 40, 50]
Chunk sizes: 3000 to 100 (step=100)

--- Running baseline LOF ---
  k=10 (ball_tree)... 0.2456s (kd_tree)... 0.1445s (brute)... 0.0700s
  k=20 (ball_tree)... 0.2727s (kd_tree)... 0.1679s (brute)... 0.0731s
  k=30 (ball_tree)... 0.3082s (kd_tree)... 0.1892s (brute)... 0.0786s
  k=40 (ball_tree)... 0.3392s (kd_tree)... 0.2090s (brute)... 0.0836s
  k=50 (ball_tree)... 0.3663s (kd_tree)... 0.2298s (brute)... 0.0887s

Baseline algorithms:
  LOF ball_tree (averaged): 0.3064s
  LOF kd_tree (averaged): 0.1881s
  LOF brute (averaged): 0.0788s

Using LOF brute as reference for FastLOF comparisons

Testing chunk sizes: [3000, 2900, 2800, 2700, 2600, 2500, 2400, 2300, 2200, 2100, 2000, 1900, 1800, 1700, 1600, 1500, 1400, 1300, 1200, 1100, 1000, 900, 800, 700, 600, 500, 400, 300, 200, 100]

--- Running FastLOF ---
Chunk size 3000:
  k=10... 0.0438s
  k=20... 0.0410s
  k=30... 0.0431s
  k=40... 0.0470s
  k=50... 0.0516s
  Averaged: 0.0453s, corr=0.9980
Chunk size 2900:
  k=10... 0.2269s
  k=20... 0.3047s
  k=30... 0.3078s
  k=40... 0.3134s
  k=50... 0.3116s
  Averaged: 0.2929s, corr=0.9888
Chunk size 2800:
  k=10... 0.2665s
  k=20... 0.0392s
  k=30... 0.0429s
  k=40... 0.0462s
  k=50... 0.0506s
  Averaged: 0.0891s, corr=0.9976
Chunk size 2700:
  k=10... 0.0361s
  k=20... 0.0774s
  k=30... 0.0451s
  k=40... 0.2568s
  k=50... 0.0659s
  Averaged: 0.0963s, corr=0.9962
Chunk size 2600:
  k=10... 0.0348s
  k=20... 0.0390s
  k=30... 0.0443s
  k=40... 0.0460s
  k=50... 0.0518s
  Averaged: 0.0432s, corr=0.9861
Chunk size 2500:
  k=10... 0.0351s
  k=20... 0.0398s
  k=30... 0.0449s
  k=40... 0.0469s
  k=50... 0.0515s
  Averaged: 0.0436s, corr=0.9992
Chunk size 2400:
  k=10... 0.0358s
  k=20... 0.0406s
  k=30... 0.0450s
  k=40... 0.0476s
  k=50... 0.0489s
  Averaged: 0.0436s, corr=0.9866
Chunk size 2300:
  k=10... 0.0367s
  k=20... 0.0411s
  k=30... 0.0447s
  k=40... 0.0471s
  k=50... 0.0491s
  Averaged: 0.0438s, corr=0.9948
Chunk size 2200:
  k=10... 0.0347s
  k=20... 0.0412s
  k=30... 0.0438s
  k=40... 0.0471s
  k=50... 0.0490s
  Averaged: 0.0432s, corr=0.9923
Chunk size 2100:
  k=10... 0.0355s
  k=20... 0.0413s
  k=30... 0.0442s
  k=40... 0.0487s
  k=50... 0.0576s
  Averaged: 0.0455s, corr=0.9881
Chunk size 2000:
  k=10... 0.0338s
  k=20... 0.0386s
  k=30... 0.0412s
  k=40... 0.0440s
  k=50... 0.0506s
  Averaged: 0.0416s, corr=0.9897
Chunk size 1900:
  k=10... 0.0342s
  k=20... 0.0385s
  k=30... 0.0395s
  k=40... 0.0432s
  k=50... 0.0452s
  Averaged: 0.0401s, corr=0.9855
Chunk size 1800:
  k=10... 0.0348s
  k=20... 0.0403s
  k=30... 0.0430s
  k=40... 0.0464s
  k=50... 0.0522s
  Averaged: 0.0433s, corr=0.9881
Chunk size 1700:
  k=10... 0.0336s
  k=20... 0.0392s
  k=30... 0.0420s
  k=40... 0.0506s
  k=50... 0.0562s
  Averaged: 0.0443s, corr=0.9793
Chunk size 1600:
  k=10... 0.0331s
  k=20... 0.0356s
  k=30... 0.0383s
  k=40... 0.0425s
  k=50... 0.0454s
  Averaged: 0.0390s, corr=0.9844
Chunk size 1500:
  k=10... 0.0342s
  k=20... 0.0391s
  k=30... 0.0428s
  k=40... 0.0464s
  k=50... 0.5374s
  Averaged: 0.1400s, corr=0.9832
Chunk size 1400:
  k=10... 0.0327s
  k=20... 0.0363s
  k=30... 0.0391s
  k=40... 0.0444s
  k=50... 0.5691s
  Averaged: 0.1443s, corr=0.9865
Chunk size 1300:
  k=10... 0.2424s
  k=20... 0.0386s
  k=30... 0.0478s
  k=40... 0.0530s
  k=50... 0.0573s
  Averaged: 0.0878s, corr=0.9848
Chunk size 1200:
  k=10... 0.0322s
  k=20... 0.0404s
  k=30... 0.0497s
  k=40... 0.0567s
  k=50... 0.0589s
  Averaged: 0.0476s, corr=0.9899
Chunk size 1100:
  k=10... 0.0334s
  k=20... 0.0403s
  k=30... 0.0501s
  k=40... 0.0562s
  k=50... 0.0608s
  Averaged: 0.0481s, corr=0.9771
Chunk size 1000:
  k=10... 0.0338s
  k=20... 0.0431s
  k=30... 0.0496s
  k=40... 0.0597s
  k=50... 0.0618s
  Averaged: 0.0496s, corr=0.9761
Chunk size 900:
  k=10... 0.0359s
  k=20... 0.0445s
  k=30... 0.0501s
  k=40... 0.0587s
  k=50... 0.0676s
  Averaged: 0.0514s, corr=0.9851
Chunk size 800:
  k=10... 0.0376s
  k=20... 0.0452s
  k=30... 0.0539s
  k=40... 0.0601s
  k=50... 0.0654s
  Averaged: 0.0524s, corr=0.9828
Chunk size 700:
  k=10... 0.0404s
  k=20... 0.0502s
  k=30... 0.0582s
  k=40... 0.0724s
  k=50... 0.0707s
  Averaged: 0.0584s, corr=0.9638
Chunk size 600:
  k=10... 0.6671s
  k=20... 0.0565s
  k=30... 0.0675s
  k=40... 0.0730s
  k=50... 0.0814s
  Averaged: 0.1891s, corr=0.9788
Chunk size 500:
  k=10... 0.0540s
  k=20... 0.0650s
  k=30... 0.0777s
  k=40... 0.0857s
  k=50... 0.0961s
  Averaged: 0.0757s, corr=0.9919
Chunk size 400:
  k=10... 0.0636s
  k=20... 0.0778s
  k=30... 0.0916s
  k=40... 0.1028s
  k=50... 0.1169s
  Averaged: 0.0905s, corr=0.9637
Chunk size 300:
  k=10... 0.0904s
  k=20... 0.1109s
  k=30... 0.1287s
  k=40... 0.1437s
  k=50... 0.1629s
  Averaged: 0.1273s, corr=0.9393
Chunk size 200:
  k=10... 0.1358s
  k=20... 0.1731s
  k=30... 0.2028s
  k=40... 0.2248s
  k=50... 0.2523s
  Averaged: 0.1978s, corr=0.9540
Chunk size 100:
  k=10... 0.2942s
  k=20... 0.3831s
  k=30... 0.4821s
  k=40... 0.5350s
  k=50... 0.5928s
  Averaged: 0.4574s, corr=0.9863
Saved results to /pfs/data6/home/hu/hu_hu/hu_abdeal01/Final-FastLOF/results/mammography/fastlof_experiments/k10-50_t1.2/fastlof_results.csv
/pfs/data6/home/hu/hu_hu/hu_abdeal01/Final-FastLOF/experiments.py:1634: UserWarning: No artists with labels found to put in legend.  Note that artists whose label start with an underscore are ignored when legend() is called with no argument.
  axes[0, 1].legend(loc='upper left', fontsize=8)
Saved Experiment B plots to /pfs/data6/home/hu/hu_hu/hu_abdeal01/Final-FastLOF/results/mammography/fastlof_experiments/k10-50_t1.2/fastlof_summary.png
Saved detail plots to /pfs/data6/home/hu/hu_hu/hu_abdeal01/Final-FastLOF/results/mammography/fastlof_experiments/k10-50_t1.2/fastlof_detail.png
Saved FastLOF scatter plots to /pfs/data6/home/hu/hu_hu/hu_abdeal01/Final-FastLOF/results/mammography/fastlof_experiments/k10-50_t1.2/fastlof_scatter.png
Saved FastLOF timing pies to /pfs/data6/home/hu/hu_hu/hu_abdeal01/Final-FastLOF/results/mammography/fastlof_experiments/k10-50_t1.2/fastlof_timing.png

=== Experiment B Complete ===

================================================================================
All Experiments Complete!
================================================================================


========================================================================
Job Completion
========================================================================
Exit code: 0
Completed at: Mon Dec 22 05:36:56 PM CET 2025
========================================================================

============================= JOB FEEDBACK =============================

NodeName=uc3n006
Job ID: 2660008
Cluster: uc3
User/Group: hu_abdeal01/hu_hu
State: COMPLETED (exit code 0)
Nodes: 1
Cores per node: 24
CPU Utilized: 05:54:16
CPU Efficiency: 36.67% of 16:06:00 core-walltime
Job Wall-clock time: 00:40:15
Memory Utilized: 1.19 GB
Memory Efficiency: 1.86% of 64.00 GB (64.00 GB/node)
