========================================================================
Job Information
========================================================================
Job ID: 2460250
Job Name: fastlof_mammography
Node: uc3n033.localdomain
Started at: Mon Dec  8 05:32:16 PM CET 2025
CPUs allocated: 24
Memory allocated: 64G
Partition: cpu
Thread limit: 5
========================================================================

Working directory: /pfs/data6/home/hu/hu_hu/hu_abdeal01/Final-FastLOF

========================================================================
Environment Information
========================================================================
Python 3.9.18

matplotlib                    3.9.4
numpy                         2.0.2
pandas                        2.3.3
scikit-learn                  1.6.1
========================================================================

========================================================================
Starting Experiment: mammography - FastLOF
========================================================================


================================================================================
FastLOF Experiment - mammography
================================================================================

Loading dataset: data/mammography.mat

--- Dataset preview (first 5 rows) [from .mat X] ---
         f0        f1        f2        f3        f4        f5
0  0.230020  5.072578 -0.276061  0.832444 -0.377866  0.480322
1  0.155491 -0.169390  0.670652 -0.859553 -0.377866 -0.945723
2 -0.784415 -0.443654  5.674705 -0.859553 -0.377866 -0.945723
3  0.546088  0.131415 -0.456387 -0.859553 -0.377866 -0.945723
4 -0.102987 -0.394994 -0.140816  0.979703 -0.377866  1.013566
--------------------------------------
Dataset shape: (11183, 6)
Number of anomalies: 260 (2.32%)

Testing thresholds: [0, 1.0, 1.01, 1.1, 1.2]

--------------------------------------------------------------------------------
Running with threshold = 0
--------------------------------------------------------------------------------


=== Experiment B: FastLOF Speed & Scalability ===
Using contamination parameter: 0.0232
Testing k values: [10, 20, 30, 40, 50]
Chunk sizes: 3000 to 100 (step=100)

--- Running baseline LOF ---
  k=10 (ball_tree)... 0.3301s (kd_tree)... 0.1442s (brute)... 0.0774s
  k=20 (ball_tree)... 0.3861s (kd_tree)... 0.1725s (brute)... 0.0741s
  k=30 (ball_tree)... 0.4209s (kd_tree)... 0.1943s (brute)... 0.0826s
  k=40 (ball_tree)... 0.4501s (kd_tree)... 0.2130s (brute)... 0.0878s
  k=50 (ball_tree)... 0.4828s (kd_tree)... 0.2368s (brute)... 0.0943s

Baseline algorithms:
  LOF ball_tree (averaged): 0.4140s
  LOF kd_tree (averaged): 0.1922s
  LOF brute (averaged): 0.0832s

Using LOF brute as reference for FastLOF comparisons

Testing chunk sizes: [3000, 2900, 2800, 2700, 2600, 2500, 2400, 2300, 2200, 2100, 2000, 1900, 1800, 1700, 1600, 1500, 1400, 1300, 1200, 1100, 1000, 900, 800, 700, 600, 500, 400, 300, 200, 100]

--- Running FastLOF ---
Chunk size 3000:
  k=10... 0.4882s
  k=20... 0.0636s
  k=30... 0.0674s
  k=40... 0.0715s
  k=50... 0.0753s
  Averaged: 0.1532s, corr=1.0000
Chunk size 2900:
  k=10... 0.0534s
  k=20... 0.0611s
  k=30... 0.0671s
  k=40... 0.0707s
  k=50... 0.0814s
  Averaged: 0.0667s, corr=1.0000
Chunk size 2800:
  k=10... 0.0473s
  k=20... 0.0563s
  k=30... 0.0672s
  k=40... 0.0726s
  k=50... 0.0765s
  Averaged: 0.0640s, corr=1.0000
Chunk size 2700:
  k=10... 0.0475s
  k=20... 0.0612s
  k=30... 0.0725s
  k=40... 0.0797s
  k=50... 0.0869s
  Averaged: 0.0696s, corr=1.0000
Chunk size 2600:
  k=10... 0.0487s
  k=20... 0.0651s
  k=30... 0.0744s
  k=40... 0.0824s
  k=50... 0.0870s
  Averaged: 0.0715s, corr=1.0000
Chunk size 2500:
  k=10... 0.0506s
  k=20... 0.0644s
  k=30... 0.0760s
  k=40... 0.0822s
  k=50... 0.0885s
  Averaged: 0.0723s, corr=1.0000
Chunk size 2400:
  k=10... 0.0480s
  k=20... 0.0662s
  k=30... 0.0747s
  k=40... 0.0810s
  k=50... 0.0879s
  Averaged: 0.0716s, corr=1.0000
Chunk size 2300:
  k=10... 0.0494s
  k=20... 0.0667s
  k=30... 0.0746s
  k=40... 0.0810s
  k=50... 0.0888s
  Averaged: 0.0721s, corr=1.0000
Chunk size 2200:
  k=10... 0.0477s
  k=20... 0.0674s
  k=30... 0.0773s
  k=40... 0.0855s
  k=50... 0.0937s
  Averaged: 0.0743s, corr=1.0000
Chunk size 2100:
  k=10... 0.0487s
  k=20... 0.0699s
  k=30... 0.0809s
  k=40... 0.1031s
  k=50... 0.0965s
  Averaged: 0.0798s, corr=1.0000
Chunk size 2000:
  k=10... 0.0482s
  k=20... 0.0686s
  k=30... 0.0804s
  k=40... 0.0858s
  k=50... 0.0943s
  Averaged: 0.0755s, corr=1.0000
Chunk size 1900:
  k=10... 0.0493s
  k=20... 0.0699s
  k=30... 0.0797s
  k=40... 0.0880s
  k=50... 0.0958s
  Averaged: 0.0765s, corr=1.0000
Chunk size 1800:
  k=10... 0.0497s
  k=20... 0.0729s
  k=30... 0.0836s
  k=40... 0.0924s
  k=50... 0.0984s
  Averaged: 0.0794s, corr=1.0000
Chunk size 1700:
  k=10... 0.0508s
  k=20... 0.0736s
  k=30... 0.1042s
  k=40... 0.2308s
  k=50... 0.1006s
  Averaged: 0.1120s, corr=1.0000
Chunk size 1600:
  k=10... 0.0481s
  k=20... 0.0692s
  k=30... 0.0825s
  k=40... 0.0905s
  k=50... 0.0974s
  Averaged: 0.0775s, corr=1.0000
Chunk size 1500:
  k=10... 0.0504s
  k=20... 0.0744s
  k=30... 0.0879s
  k=40... 0.0971s
  k=50... 0.1028s
  Averaged: 0.0825s, corr=1.0000
Chunk size 1400:
  k=10... 0.0501s
  k=20... 0.0733s
  k=30... 0.0872s
  k=40... 0.0965s
  k=50... 0.1021s
  Averaged: 0.0818s, corr=1.0000
Chunk size 1300:
  k=10... 0.0539s
  k=20... 0.0798s
  k=30... 0.0939s
  k=40... 0.1036s
  k=50... 0.1121s
  Averaged: 0.0887s, corr=1.0000
Chunk size 1200:
  k=10... 0.0535s
  k=20... 0.0825s
  k=30... 0.0985s
  k=40... 0.1068s
  k=50... 0.1185s
  Averaged: 0.0919s, corr=1.0000
Chunk size 1100:
  k=10... 0.0633s
  k=20... 0.0904s
  k=30... 0.1073s
  k=40... 0.1162s
  k=50... 0.1288s
  Averaged: 0.1012s, corr=1.0000
Chunk size 1000:
  k=10... 0.0655s
  k=20... 0.0947s
  k=30... 0.1128s
  k=40... 0.1250s
  k=50... 0.1964s
  Averaged: 0.1189s, corr=1.0000
Chunk size 900:
  k=10... 0.0624s
  k=20... 0.1020s
  k=30... 0.1214s
  k=40... 0.1181s
  k=50... 0.1283s
  Averaged: 0.1064s, corr=1.0000
Chunk size 800:
  k=10... 0.0640s
  k=20... 0.0997s
  k=30... 0.1079s
  k=40... 0.1142s
  k=50... 0.1201s
  Averaged: 0.1012s, corr=1.0000
Chunk size 700:
  k=10... 0.0704s
  k=20... 0.1115s
  k=30... 0.1153s
  k=40... 0.1346s
  k=50... 0.1082s
  Averaged: 0.1080s, corr=1.0000
Chunk size 600:
  k=10... 0.0898s
  k=20... 0.1176s
  k=30... 0.1393s
  k=40... 0.1169s
  k=50... 0.1226s
  Averaged: 0.1172s, corr=1.0000
Chunk size 500:
  k=10... 0.0898s
  k=20... 0.1372s
  k=30... 0.1476s
  k=40... 0.1422s
  k=50... 0.1432s
  Averaged: 0.1320s, corr=1.0000
Chunk size 400:
  k=10... 0.1141s
  k=20... 0.1274s
  k=30... 0.1315s
  k=40... 0.1438s
  k=50... 0.1595s
  Averaged: 0.1353s, corr=1.0000
Chunk size 300:
  k=10... 0.1585s
  k=20... 0.1547s
  k=30... 0.1736s
  k=40... 0.1884s
  k=50... 0.2077s
  Averaged: 0.1766s, corr=1.0000
Chunk size 200:
  k=10... 0.2037s
  k=20... 0.2311s
  k=30... 0.2599s
  k=40... 0.2809s
  k=50... 0.3092s
  Averaged: 0.2570s, corr=1.0000
Chunk size 100:
  k=10... 0.5035s
  k=20... 0.5642s
  k=30... 0.6229s
  k=40... 0.6641s
  k=50... 0.7191s
  Averaged: 0.6147s, corr=1.0000
Saved results to /pfs/data6/home/hu/hu_hu/hu_abdeal01/Final-FastLOF/results/mammography/fastlof_experiments/k10-50_t0/fastlof_results.csv
/pfs/data6/home/hu/hu_hu/hu_abdeal01/Final-FastLOF/experiments.py:1471: UserWarning: No artists with labels found to put in legend.  Note that artists whose label start with an underscore are ignored when legend() is called with no argument.
  axes[0, 1].legend(loc='upper left', fontsize=8)
Saved Experiment B plots to /pfs/data6/home/hu/hu_hu/hu_abdeal01/Final-FastLOF/results/mammography/fastlof_experiments/k10-50_t0/fastlof_summary.png
Saved detail plots to /pfs/data6/home/hu/hu_hu/hu_abdeal01/Final-FastLOF/results/mammography/fastlof_experiments/k10-50_t0/fastlof_detail.png
Saved FastLOF scatter plots to /pfs/data6/home/hu/hu_hu/hu_abdeal01/Final-FastLOF/results/mammography/fastlof_experiments/k10-50_t0/fastlof_scatter.png
Saved FastLOF timing pies to /pfs/data6/home/hu/hu_hu/hu_abdeal01/Final-FastLOF/results/mammography/fastlof_experiments/k10-50_t0/fastlof_timing.png

=== Experiment B Complete ===

--------------------------------------------------------------------------------
Running with threshold = 1.0
--------------------------------------------------------------------------------


=== Experiment B: FastLOF Speed & Scalability ===
Using contamination parameter: 0.0232
Testing k values: [10, 20, 30, 40, 50]
Chunk sizes: 3000 to 100 (step=100)

--- Running baseline LOF ---
  k=10 (ball_tree)... 0.3290s (kd_tree)... 0.1432s (brute)... 0.0686s
  k=20 (ball_tree)... 0.3831s (kd_tree)... 0.1656s (brute)... 0.0736s
  k=30 (ball_tree)... 0.4148s (kd_tree)... 0.1857s (brute)... 0.0793s
  k=40 (ball_tree)... 0.4456s (kd_tree)... 0.2047s (brute)... 0.0844s
  k=50 (ball_tree)... 0.4751s (kd_tree)... 0.2253s (brute)... 0.0897s

Baseline algorithms:
  LOF ball_tree (averaged): 0.4095s
  LOF kd_tree (averaged): 0.1849s
  LOF brute (averaged): 0.0791s

Using LOF brute as reference for FastLOF comparisons

Testing chunk sizes: [3000, 2900, 2800, 2700, 2600, 2500, 2400, 2300, 2200, 2100, 2000, 1900, 1800, 1700, 1600, 1500, 1400, 1300, 1200, 1100, 1000, 900, 800, 700, 600, 500, 400, 300, 200, 100]

--- Running FastLOF ---
Chunk size 3000:
  k=10... 0.0434s
  k=20... 0.0540s
  k=30... 0.0626s
  k=40... 0.0602s
  k=50... 0.0611s
  Averaged: 0.0563s, corr=1.0000
Chunk size 2900:
  k=10... 0.0468s
  k=20... 0.0522s
  k=30... 0.0518s
  k=40... 0.0573s
  k=50... 0.0628s
  Averaged: 0.0542s, corr=1.0000
Chunk size 2800:
  k=10... 0.0415s
  k=20... 0.0473s
  k=30... 0.0503s
  k=40... 0.0608s
  k=50... 0.0620s
  Averaged: 0.0524s, corr=1.0000
Chunk size 2700:
  k=10... 0.0439s
  k=20... 0.0531s
  k=30... 0.0580s
  k=40... 0.0630s
  k=50... 0.0855s
  Averaged: 0.0607s, corr=1.0000
Chunk size 2600:
  k=10... 0.0418s
  k=20... 0.0590s
  k=30... 0.0766s
  k=40... 0.0664s
  k=50... 0.0686s
  Averaged: 0.0625s, corr=1.0000
Chunk size 2500:
  k=10... 0.0427s
  k=20... 0.0612s
  k=30... 0.0691s
  k=40... 0.0661s
  k=50... 0.0726s
  Averaged: 0.0624s, corr=1.0000
Chunk size 2400:
  k=10... 0.0414s
  k=20... 0.0549s
  k=30... 0.0656s
  k=40... 0.0645s
  k=50... 0.0755s
  Averaged: 0.0604s, corr=0.9999
Chunk size 2300:
  k=10... 0.0424s
  k=20... 0.0592s
  k=30... 0.0705s
  k=40... 0.0713s
  k=50... 0.0707s
  Averaged: 0.0628s, corr=1.0000
Chunk size 2200:
  k=10... 0.0449s
  k=20... 0.0605s
  k=30... 0.0730s
  k=40... 0.0669s
  k=50... 0.0727s
  Averaged: 0.0636s, corr=1.0000
Chunk size 2100:
  k=10... 0.0469s
  k=20... 0.0665s
  k=30... 0.0762s
  k=40... 0.0708s
  k=50... 0.0791s
  Averaged: 0.0679s, corr=1.0000
Chunk size 2000:
  k=10... 0.0450s
  k=20... 0.0643s
  k=30... 0.0754s
  k=40... 0.0746s
  k=50... 0.0807s
  Averaged: 0.0680s, corr=1.0000
Chunk size 1900:
  k=10... 0.0466s
  k=20... 0.0631s
  k=30... 0.0705s
  k=40... 0.0756s
  k=50... 0.0803s
  Averaged: 0.0672s, corr=0.9999
Chunk size 1800:
  k=10... 0.0483s
  k=20... 0.0616s
  k=30... 0.0684s
  k=40... 0.0744s
  k=50... 0.0870s
  Averaged: 0.0680s, corr=1.0000
Chunk size 1700:
  k=10... 0.0475s
  k=20... 0.0605s
  k=30... 0.0718s
  k=40... 0.0791s
  k=50... 0.0845s
  Averaged: 0.0687s, corr=1.0000
Chunk size 1600:
  k=10... 0.0462s
  k=20... 0.0613s
  k=30... 0.0733s
  k=40... 0.0731s
  k=50... 0.0810s
  Averaged: 0.0670s, corr=1.0000
Chunk size 1500:
  k=10... 0.0500s
  k=20... 0.0697s
  k=30... 0.0831s
  k=40... 0.0843s
  k=50... 0.0916s
  Averaged: 0.0757s, corr=1.0000
Chunk size 1400:
  k=10... 0.0498s
  k=20... 0.0699s
  k=30... 0.0791s
  k=40... 0.0824s
  k=50... 0.0916s
  Averaged: 0.0746s, corr=1.0000
Chunk size 1300:
  k=10... 0.0491s
  k=20... 0.0764s
  k=30... 0.0874s
  k=40... 0.0882s
  k=50... 0.1398s
  Averaged: 0.0882s, corr=1.0000
Chunk size 1200:
  k=10... 0.5396s
  k=20... 0.0786s
  k=30... 0.0949s
  k=40... 0.0939s
  k=50... 0.1309s
  Averaged: 0.1876s, corr=1.0000
Chunk size 1100:
  k=10... 0.0568s
  k=20... 0.0862s
  k=30... 0.1004s
  k=40... 0.0973s
  k=50... 0.1062s
  Averaged: 0.0894s, corr=1.0000
Chunk size 1000:
  k=10... 0.0577s
  k=20... 0.0892s
  k=30... 0.1090s
  k=40... 0.1000s
  k=50... 0.1075s
  Averaged: 0.0927s, corr=1.0000
Chunk size 900:
  k=10... 0.0678s
  k=20... 0.0987s
  k=30... 0.1139s
  k=40... 0.1013s
  k=50... 0.1059s
  Averaged: 0.0975s, corr=1.0000
Chunk size 800:
  k=10... 0.0692s
  k=20... 0.1013s
  k=30... 0.1067s
  k=40... 0.0889s
  k=50... 0.0889s
  Averaged: 0.0910s, corr=1.0000
Chunk size 700:
  k=10... 0.0784s
  k=20... 0.1087s
  k=30... 0.1139s
  k=40... 0.0969s
  k=50... 0.0969s
  Averaged: 0.0990s, corr=1.0000
Chunk size 600:
  k=10... 0.0881s
  k=20... 0.1221s
  k=30... 0.1282s
  k=40... 0.0971s
  k=50... 0.1060s
  Averaged: 0.1083s, corr=0.9998
Chunk size 500:
  k=10... 0.1008s
  k=20... 0.1328s
  k=30... 0.1432s
  k=40... 0.1099s
  k=50... 0.1207s
  Averaged: 0.1215s, corr=1.0000
Chunk size 400:
  k=10... 0.1012s
  k=20... 0.1280s
  k=30... 0.1329s
  k=40... 0.1269s
  k=50... 0.1403s
  Averaged: 0.1259s, corr=0.9988
Chunk size 300:
  k=10... 0.1183s
  k=20... 0.1525s
  k=30... 0.1699s
  k=40... 0.1691s
  k=50... 0.1895s
  Averaged: 0.1599s, corr=0.9997
Chunk size 200:
  k=10... 0.1816s
  k=20... 0.2247s
  k=30... 0.2546s
  k=40... 0.2600s
  k=50... 0.2885s
  Averaged: 0.2419s, corr=0.9991
Chunk size 100:
  k=10... 0.4918s
  k=20... 0.5810s
  k=30... 0.6377s
  k=40... 0.6472s
  k=50... 0.7050s
  Averaged: 0.6125s, corr=1.0000
Saved results to /pfs/data6/home/hu/hu_hu/hu_abdeal01/Final-FastLOF/results/mammography/fastlof_experiments/k10-50_t1.0/fastlof_results.csv
/pfs/data6/home/hu/hu_hu/hu_abdeal01/Final-FastLOF/experiments.py:1471: UserWarning: No artists with labels found to put in legend.  Note that artists whose label start with an underscore are ignored when legend() is called with no argument.
  axes[0, 1].legend(loc='upper left', fontsize=8)
Saved Experiment B plots to /pfs/data6/home/hu/hu_hu/hu_abdeal01/Final-FastLOF/results/mammography/fastlof_experiments/k10-50_t1.0/fastlof_summary.png
Saved detail plots to /pfs/data6/home/hu/hu_hu/hu_abdeal01/Final-FastLOF/results/mammography/fastlof_experiments/k10-50_t1.0/fastlof_detail.png
Saved FastLOF scatter plots to /pfs/data6/home/hu/hu_hu/hu_abdeal01/Final-FastLOF/results/mammography/fastlof_experiments/k10-50_t1.0/fastlof_scatter.png
Saved FastLOF timing pies to /pfs/data6/home/hu/hu_hu/hu_abdeal01/Final-FastLOF/results/mammography/fastlof_experiments/k10-50_t1.0/fastlof_timing.png

=== Experiment B Complete ===

--------------------------------------------------------------------------------
Running with threshold = 1.01
--------------------------------------------------------------------------------


=== Experiment B: FastLOF Speed & Scalability ===
Using contamination parameter: 0.0232
Testing k values: [10, 20, 30, 40, 50]
Chunk sizes: 3000 to 100 (step=100)

--- Running baseline LOF ---
  k=10 (ball_tree)... 0.3224s (kd_tree)... 0.1400s (brute)... 0.0685s
  k=20 (ball_tree)... 0.3608s (kd_tree)... 0.1614s (brute)... 0.0736s
  k=30 (ball_tree)... 0.3906s (kd_tree)... 0.1820s (brute)... 0.0792s
  k=40 (ball_tree)... 0.4197s (kd_tree)... 0.2020s (brute)... 0.0843s
  k=50 (ball_tree)... 0.4520s (kd_tree)... 0.2202s (brute)... 0.0901s

Baseline algorithms:
  LOF ball_tree (averaged): 0.3891s
  LOF kd_tree (averaged): 0.1811s
  LOF brute (averaged): 0.0791s

Using LOF brute as reference for FastLOF comparisons

Testing chunk sizes: [3000, 2900, 2800, 2700, 2600, 2500, 2400, 2300, 2200, 2100, 2000, 1900, 1800, 1700, 1600, 1500, 1400, 1300, 1200, 1100, 1000, 900, 800, 700, 600, 500, 400, 300, 200, 100]

--- Running FastLOF ---
Chunk size 3000:
  k=10... 0.0396s
  k=20... 0.0440s
  k=30... 0.0468s
  k=40... 0.0496s
  k=50... 0.0529s
  Averaged: 0.0466s, corr=1.0000
Chunk size 2900:
  k=10... 0.0404s
  k=20... 0.0436s
  k=30... 0.0470s
  k=40... 0.0498s
  k=50... 0.0533s
  Averaged: 0.0468s, corr=1.0000
Chunk size 2800:
  k=10... 0.0388s
  k=20... 0.0424s
  k=30... 0.0458s
  k=40... 0.0485s
  k=50... 0.0514s
  Averaged: 0.0454s, corr=1.0000
Chunk size 2700:
  k=10... 0.0411s
  k=20... 0.0469s
  k=30... 0.0540s
  k=40... 0.0566s
  k=50... 0.0578s
  Averaged: 0.0513s, corr=1.0000
Chunk size 2600:
  k=10... 0.0518s
  k=20... 0.0463s
  k=30... 0.0531s
  k=40... 0.0581s
  k=50... 0.0645s
  Averaged: 0.0548s, corr=1.0000
Chunk size 2500:
  k=10... 0.0399s
  k=20... 0.0438s
  k=30... 0.0477s
  k=40... 0.0553s
  k=50... 0.0604s
  Averaged: 0.0494s, corr=1.0000
Chunk size 2400:
  k=10... 0.0412s
  k=20... 0.0440s
  k=30... 0.0493s
  k=40... 0.0511s
  k=50... 0.0635s
  Averaged: 0.0498s, corr=1.0000
Chunk size 2300:
  k=10... 0.0413s
  k=20... 0.0445s
  k=30... 0.0483s
  k=40... 0.0517s
  k=50... 0.0642s
  Averaged: 0.0500s, corr=1.0000
Chunk size 2200:
  k=10... 0.0407s
  k=20... 0.0435s
  k=30... 0.0496s
  k=40... 0.0509s
  k=50... 0.0577s
  Averaged: 0.0485s, corr=1.0000
Chunk size 2100:
  k=10... 0.0404s
  k=20... 0.0479s
  k=30... 0.0540s
  k=40... 0.0620s
  k=50... 0.0667s
  Averaged: 0.0542s, corr=1.0000
Chunk size 2000:
  k=10... 0.0382s
  k=20... 0.0438s
  k=30... 0.0540s
  k=40... 0.0638s
  k=50... 0.0702s
  Averaged: 0.0540s, corr=1.0000
Chunk size 1900:
  k=10... 0.0392s
  k=20... 0.0457s
  k=30... 0.0503s
  k=40... 0.0590s
  k=50... 0.0801s
  Averaged: 0.0549s, corr=1.0000
Chunk size 1800:
  k=10... 0.0422s
  k=20... 0.0456s
  k=30... 0.0567s
  k=40... 0.0649s
  k=50... 0.0746s
  Averaged: 0.0568s, corr=1.0000
Chunk size 1700:
  k=10... 0.0409s
  k=20... 0.0488s
  k=30... 0.0657s
  k=40... 0.0715s
  k=50... 0.0782s
  Averaged: 0.0610s, corr=1.0000
Chunk size 1600:
  k=10... 0.0393s
  k=20... 0.0478s
  k=30... 0.0613s
  k=40... 0.0670s
  k=50... 0.0769s
  Averaged: 0.0584s, corr=1.0000
Chunk size 1500:
  k=10... 0.0411s
  k=20... 0.0571s
  k=30... 0.0669s
  k=40... 0.0751s
  k=50... 0.0809s
  Averaged: 0.0642s, corr=1.0000
Chunk size 1400:
  k=10... 0.0419s
  k=20... 0.0577s
  k=30... 0.0672s
  k=40... 0.0724s
  k=50... 0.0822s
  Averaged: 0.0643s, corr=0.9992
Chunk size 1300:
  k=10... 0.0449s
  k=20... 0.0649s
  k=30... 0.0759s
  k=40... 0.0810s
  k=50... 0.0846s
  Averaged: 0.0703s, corr=1.0000
Chunk size 1200:
  k=10... 0.0513s
  k=20... 0.0656s
  k=30... 0.0740s
  k=40... 0.0838s
  k=50... 0.0890s
  Averaged: 0.0728s, corr=0.9994
Chunk size 1100:
  k=10... 0.0499s
  k=20... 0.0709s
  k=30... 0.0769s
  k=40... 0.0915s
  k=50... 0.0933s
  Averaged: 0.0765s, corr=0.9998
Chunk size 1000:
  k=10... 0.0525s
  k=20... 0.0742s
  k=30... 0.0839s
  k=40... 0.0949s
  k=50... 0.0901s
  Averaged: 0.0791s, corr=1.0000
Chunk size 900:
  k=10... 0.0623s
  k=20... 0.0763s
  k=30... 0.0865s
  k=40... 0.0924s
  k=50... 0.0877s
  Averaged: 0.0811s, corr=0.9992
Chunk size 800:
  k=10... 0.0654s
  k=20... 0.0748s
  k=30... 0.0792s
  k=40... 0.0848s
  k=50... 0.0880s
  Averaged: 0.0785s, corr=1.0000
Chunk size 700:
  k=10... 0.0712s
  k=20... 0.0853s
  k=30... 0.0798s
  k=40... 0.0807s
  k=50... 0.0897s
  Averaged: 0.0813s, corr=0.9992
Chunk size 600:
  k=10... 0.0822s
  k=20... 0.0862s
  k=30... 0.0841s
  k=40... 0.0926s
  k=50... 0.0990s
  Averaged: 0.0888s, corr=0.9988
Chunk size 500:
  k=10... 0.0901s
  k=20... 0.0881s
  k=30... 0.0943s
  k=40... 0.1024s
  k=50... 0.1146s
  Averaged: 0.0979s, corr=1.0000
Chunk size 400:
  k=10... 0.0910s
  k=20... 0.0971s
  k=30... 0.1106s
  k=40... 0.1222s
  k=50... 0.1349s
  Averaged: 0.1112s, corr=1.0000
Chunk size 300:
  k=10... 0.1162s
  k=20... 0.1311s
  k=30... 0.1505s
  k=40... 0.1643s
  k=50... 0.1844s
  Averaged: 0.1493s, corr=0.9998
Chunk size 200:
  k=10... 0.1793s
  k=20... 0.2058s
  k=30... 0.2342s
  k=40... 0.2526s
  k=50... 0.2835s
  Averaged: 0.2311s, corr=0.9999
Chunk size 100:
  k=10... 0.4878s
  k=20... 0.5439s
  k=30... 0.6911s
  k=40... 0.6411s
  k=50... 0.6966s
  Averaged: 0.6121s, corr=1.0000
Saved results to /pfs/data6/home/hu/hu_hu/hu_abdeal01/Final-FastLOF/results/mammography/fastlof_experiments/k10-50_t1.01/fastlof_results.csv
/pfs/data6/home/hu/hu_hu/hu_abdeal01/Final-FastLOF/experiments.py:1471: UserWarning: No artists with labels found to put in legend.  Note that artists whose label start with an underscore are ignored when legend() is called with no argument.
  axes[0, 1].legend(loc='upper left', fontsize=8)
Saved Experiment B plots to /pfs/data6/home/hu/hu_hu/hu_abdeal01/Final-FastLOF/results/mammography/fastlof_experiments/k10-50_t1.01/fastlof_summary.png
Saved detail plots to /pfs/data6/home/hu/hu_hu/hu_abdeal01/Final-FastLOF/results/mammography/fastlof_experiments/k10-50_t1.01/fastlof_detail.png
Saved FastLOF scatter plots to /pfs/data6/home/hu/hu_hu/hu_abdeal01/Final-FastLOF/results/mammography/fastlof_experiments/k10-50_t1.01/fastlof_scatter.png
Saved FastLOF timing pies to /pfs/data6/home/hu/hu_hu/hu_abdeal01/Final-FastLOF/results/mammography/fastlof_experiments/k10-50_t1.01/fastlof_timing.png

=== Experiment B Complete ===

--------------------------------------------------------------------------------
Running with threshold = 1.1
--------------------------------------------------------------------------------


=== Experiment B: FastLOF Speed & Scalability ===
Using contamination parameter: 0.0232
Testing k values: [10, 20, 30, 40, 50]
Chunk sizes: 3000 to 100 (step=100)

--- Running baseline LOF ---
  k=10 (ball_tree)... 0.3096s (kd_tree)... 0.1397s (brute)... 0.0688s
  k=20 (ball_tree)... 0.3578s (kd_tree)... 0.1614s (brute)... 0.0737s
  k=30 (ball_tree)... 0.3944s (kd_tree)... 0.1814s (brute)... 0.0792s
  k=40 (ball_tree)... 0.4266s (kd_tree)... 0.2027s (brute)... 0.0847s
  k=50 (ball_tree)... 0.4546s (kd_tree)... 0.2239s (brute)... 0.0911s

Baseline algorithms:
  LOF ball_tree (averaged): 0.3886s
  LOF kd_tree (averaged): 0.1818s
  LOF brute (averaged): 0.0795s

Using LOF brute as reference for FastLOF comparisons

Testing chunk sizes: [3000, 2900, 2800, 2700, 2600, 2500, 2400, 2300, 2200, 2100, 2000, 1900, 1800, 1700, 1600, 1500, 1400, 1300, 1200, 1100, 1000, 900, 800, 700, 600, 500, 400, 300, 200, 100]

--- Running FastLOF ---
Chunk size 3000:
  k=10... 0.0369s
  k=20... 0.0403s
  k=30... 0.0496s
  k=40... 0.0531s
  k=50... 0.0614s
  Averaged: 0.0483s, corr=1.0000
Chunk size 2900:
  k=10... 0.0359s
  k=20... 0.0393s
  k=30... 0.0482s
  k=40... 0.0525s
  k=50... 0.0627s
  Averaged: 0.0477s, corr=0.9999
Chunk size 2800:
  k=10... 0.0341s
  k=20... 0.0374s
  k=30... 0.0472s
  k=40... 0.0513s
  k=50... 0.0619s
  Averaged: 0.0464s, corr=1.0000
Chunk size 2700:
  k=10... 0.0350s
  k=20... 0.0388s
  k=30... 0.0522s
  k=40... 0.0572s
  k=50... 0.0652s
  Averaged: 0.0497s, corr=1.0000
Chunk size 2600:
  k=10... 0.0336s
  k=20... 0.0402s
  k=30... 0.0506s
  k=40... 0.0546s
  k=50... 0.0644s
  Averaged: 0.0487s, corr=0.9994
Chunk size 2500:
  k=10... 0.0344s
  k=20... 0.0413s
  k=30... 0.0528s
  k=40... 0.0568s
  k=50... 0.0662s
  Averaged: 0.0503s, corr=1.0000
Chunk size 2400:
  k=10... 0.0351s
  k=20... 0.0440s
  k=30... 0.0516s
  k=40... 0.0570s
  k=50... 0.0654s
  Averaged: 0.0506s, corr=0.9998
Chunk size 2300:
  k=10... 0.0356s
  k=20... 0.0466s
  k=30... 0.0515s
  k=40... 0.0577s
  k=50... 0.0637s
  Averaged: 0.0510s, corr=0.9989
Chunk size 2200:
  k=10... 0.0340s
  k=20... 0.0437s
  k=30... 0.0524s
  k=40... 0.0587s
  k=50... 0.0641s
  Averaged: 0.0506s, corr=1.0000
Chunk size 2100:
  k=10... 0.0336s
  k=20... 0.0463s
  k=30... 0.0549s
  k=40... 0.1005s
  k=50... 0.0774s
  Averaged: 0.0625s, corr=1.0000
Chunk size 2000:
  k=10... 0.0410s
  k=20... 0.0672s
  k=30... 0.0519s
  k=40... 0.0653s
  k=50... 0.0761s
  Averaged: 0.0603s, corr=0.9976
Chunk size 1900:
  k=10... 0.0325s
  k=20... 0.0458s
  k=30... 0.0528s
  k=40... 0.0586s
  k=50... 0.0709s
  Averaged: 0.0521s, corr=1.0000
Chunk size 1800:
  k=10... 0.0324s
  k=20... 0.0463s
  k=30... 0.0516s
  k=40... 0.0614s
  k=50... 0.0799s
  Averaged: 0.0543s, corr=0.9999
Chunk size 1700:
  k=10... 0.0326s
  k=20... 0.0453s
  k=30... 0.0512s
  k=40... 0.0588s
  k=50... 0.0752s
  Averaged: 0.0526s, corr=0.9971
Chunk size 1600:
  k=10... 0.0335s
  k=20... 0.0471s
  k=30... 0.0468s
  k=40... 0.0548s
  k=50... 0.0631s
  Averaged: 0.0490s, corr=0.9967
Chunk size 1500:
  k=10... 0.0317s
  k=20... 0.0462s
  k=30... 0.0499s
  k=40... 0.0586s
  k=50... 0.0659s
  Averaged: 0.0504s, corr=0.9996
Chunk size 1400:
  k=10... 0.0320s
  k=20... 0.0434s
  k=30... 0.0447s
  k=40... 0.0536s
  k=50... 0.0617s
  Averaged: 0.0471s, corr=0.9941
Chunk size 1300:
  k=10... 0.0341s
  k=20... 0.0457s
  k=30... 0.0502s
  k=40... 0.0570s
  k=50... 0.0647s
  Averaged: 0.0504s, corr=0.9967
Chunk size 1200:
  k=10... 0.0341s
  k=20... 0.0441s
  k=30... 0.0513s
  k=40... 0.0826s
  k=50... 0.0669s
  Averaged: 0.0558s, corr=0.9992
Chunk size 1100:
  k=10... 0.0359s
  k=20... 0.0436s
  k=30... 0.0520s
  k=40... 0.0616s
  k=50... 0.0688s
  Averaged: 0.0524s, corr=0.9935
Chunk size 1000:
  k=10... 0.0368s
  k=20... 0.0436s
  k=30... 0.0537s
  k=40... 0.0612s
  k=50... 0.0696s
  Averaged: 0.0530s, corr=0.9977
Chunk size 900:
  k=10... 0.0378s
  k=20... 0.0482s
  k=30... 0.5456s
  k=40... 0.0644s
  k=50... 0.0730s
  Averaged: 0.1538s, corr=0.9937
Chunk size 800:
  k=10... 0.0376s
  k=20... 0.0502s
  k=30... 0.0576s
  k=40... 0.0653s
  k=50... 0.0680s
  Averaged: 0.0557s, corr=0.9978
Chunk size 700:
  k=10... 0.0409s
  k=20... 0.0539s
  k=30... 0.0603s
  k=40... 0.0731s
  k=50... 0.0749s
  Averaged: 0.0606s, corr=0.9990
Chunk size 600:
  k=10... 0.0453s
  k=20... 0.0602s
  k=30... 0.0699s
  k=40... 0.0785s
  k=50... 0.0874s
  Averaged: 0.0683s, corr=0.9875
Chunk size 500:
  k=10... 0.0531s
  k=20... 0.0684s
  k=30... 0.0788s
  k=40... 0.0908s
  k=50... 0.1002s
  Averaged: 0.0783s, corr=0.9981
Chunk size 400:
  k=10... 0.0660s
  k=20... 0.0810s
  k=30... 0.0946s
  k=40... 0.1055s
  k=50... 0.1204s
  Averaged: 0.0935s, corr=0.9830
Chunk size 300:
  k=10... 0.0933s
  k=20... 0.1137s
  k=30... 0.1339s
  k=40... 0.1485s
  k=50... 0.1691s
  Averaged: 0.1317s, corr=0.9686
Chunk size 200:
  k=10... 0.1503s
  k=20... 0.1817s
  k=30... 0.2113s
  k=40... 0.2332s
  k=50... 0.2620s
  Averaged: 0.2077s, corr=0.9817
Chunk size 100:
  k=10... 0.3793s
  k=20... 0.4573s
  k=30... 0.5293s
  k=40... 0.5820s
  k=50... 0.6422s
  Averaged: 0.5180s, corr=0.9728
Saved results to /pfs/data6/home/hu/hu_hu/hu_abdeal01/Final-FastLOF/results/mammography/fastlof_experiments/k10-50_t1.1/fastlof_results.csv
/pfs/data6/home/hu/hu_hu/hu_abdeal01/Final-FastLOF/experiments.py:1471: UserWarning: No artists with labels found to put in legend.  Note that artists whose label start with an underscore are ignored when legend() is called with no argument.
  axes[0, 1].legend(loc='upper left', fontsize=8)
Saved Experiment B plots to /pfs/data6/home/hu/hu_hu/hu_abdeal01/Final-FastLOF/results/mammography/fastlof_experiments/k10-50_t1.1/fastlof_summary.png
Saved detail plots to /pfs/data6/home/hu/hu_hu/hu_abdeal01/Final-FastLOF/results/mammography/fastlof_experiments/k10-50_t1.1/fastlof_detail.png
Saved FastLOF scatter plots to /pfs/data6/home/hu/hu_hu/hu_abdeal01/Final-FastLOF/results/mammography/fastlof_experiments/k10-50_t1.1/fastlof_scatter.png
Saved FastLOF timing pies to /pfs/data6/home/hu/hu_hu/hu_abdeal01/Final-FastLOF/results/mammography/fastlof_experiments/k10-50_t1.1/fastlof_timing.png

=== Experiment B Complete ===

--------------------------------------------------------------------------------
Running with threshold = 1.2
--------------------------------------------------------------------------------


=== Experiment B: FastLOF Speed & Scalability ===
Using contamination parameter: 0.0232
Testing k values: [10, 20, 30, 40, 50]
Chunk sizes: 3000 to 100 (step=100)

--- Running baseline LOF ---
  k=10 (ball_tree)... 0.3229s (kd_tree)... 0.1428s (brute)... 0.0690s
  k=20 (ball_tree)... 0.3719s (kd_tree)... 0.1649s (brute)... 0.0736s
  k=30 (ball_tree)... 0.4054s (kd_tree)... 0.1852s (brute)... 0.0799s
  k=40 (ball_tree)... 0.4399s (kd_tree)... 0.2045s (brute)... 0.0845s
  k=50 (ball_tree)... 0.4708s (kd_tree)... 0.2280s (brute)... 0.0906s

Baseline algorithms:
  LOF ball_tree (averaged): 0.4022s
  LOF kd_tree (averaged): 0.1851s
  LOF brute (averaged): 0.0795s

Using LOF brute as reference for FastLOF comparisons

Testing chunk sizes: [3000, 2900, 2800, 2700, 2600, 2500, 2400, 2300, 2200, 2100, 2000, 1900, 1800, 1700, 1600, 1500, 1400, 1300, 1200, 1100, 1000, 900, 800, 700, 600, 500, 400, 300, 200, 100]

--- Running FastLOF ---
Chunk size 3000:
  k=10... 0.0362s
  k=20... 0.0412s
  k=30... 0.0469s
  k=40... 0.0513s
  k=50... 0.0580s
  Averaged: 0.0467s, corr=0.9999
Chunk size 2900:
  k=10... 0.0365s
  k=20... 0.0406s
  k=30... 0.0472s
  k=40... 0.0511s
  k=50... 0.0591s
  Averaged: 0.0469s, corr=1.0000
Chunk size 2800:
  k=10... 0.0327s
  k=20... 0.0375s
  k=30... 0.0546s
  k=40... 0.0486s
  k=50... 0.0581s
  Averaged: 0.0463s, corr=1.0000
Chunk size 2700:
  k=10... 0.0331s
  k=20... 0.0393s
  k=30... 0.0442s
  k=40... 0.0487s
  k=50... 0.0591s
  Averaged: 0.0449s, corr=1.0000
Chunk size 2600:
  k=10... 0.0323s
  k=20... 0.0378s
  k=30... 0.0450s
  k=40... 0.0463s
  k=50... 0.0549s
  Averaged: 0.0433s, corr=1.0000
Chunk size 2500:
  k=10... 0.0328s
  k=20... 0.0384s
  k=30... 0.0446s
  k=40... 0.0466s
  k=50... 0.0566s
  Averaged: 0.0438s, corr=0.9992
Chunk size 2400:
  k=10... 0.0335s
  k=20... 0.0388s
  k=30... 0.1006s
  k=40... 0.4557s
  k=50... 0.4619s
  Averaged: 0.2181s, corr=0.9985
Chunk size 2300:
  k=10... 0.2194s
  k=20... 0.0419s
  k=30... 0.0451s
  k=40... 0.0489s
  k=50... 0.0545s
  Averaged: 0.0820s, corr=0.9969
Chunk size 2200:
  k=10... 0.0329s
  k=20... 0.0404s
  k=30... 0.0448s
  k=40... 0.0459s
  k=50... 0.0553s
  Averaged: 0.0439s, corr=0.9998
Chunk size 2100:
  k=10... 0.0324s
  k=20... 0.0402s
  k=30... 0.0447s
  k=40... 0.0456s
  k=50... 0.0684s
  Averaged: 0.0463s, corr=0.9970
Chunk size 2000:
  k=10... 0.0318s
  k=20... 0.0387s
  k=30... 0.0432s
  k=40... 0.0468s
  k=50... 0.0570s
  Averaged: 0.0435s, corr=0.9994
Chunk size 1900:
  k=10... 0.0324s
  k=20... 0.0388s
  k=30... 0.0414s
  k=40... 0.0428s
  k=50... 0.0541s
  Averaged: 0.0419s, corr=1.0000
Chunk size 1800:
  k=10... 0.0332s
  k=20... 0.0379s
  k=30... 0.0435s
  k=40... 0.0453s
  k=50... 0.0554s
  Averaged: 0.0431s, corr=0.9968
Chunk size 1700:
  k=10... 0.0331s
  k=20... 0.0369s
  k=30... 0.0401s
  k=40... 0.0446s
  k=50... 0.0546s
  Averaged: 0.0419s, corr=0.9995
Chunk size 1600:
  k=10... 0.0321s
  k=20... 0.0360s
  k=30... 0.0392s
  k=40... 0.0432s
  k=50... 0.0505s
  Averaged: 0.0402s, corr=0.9984
Chunk size 1500:
  k=10... 0.0326s
  k=20... 0.0376s
  k=30... 0.0423s
  k=40... 0.0500s
  k=50... 0.0590s
  Averaged: 0.0443s, corr=0.9986
Chunk size 1400:
  k=10... 0.0308s
  k=20... 0.0358s
  k=30... 0.0391s
  k=40... 0.0429s
  k=50... 0.0539s
  Averaged: 0.0405s, corr=0.9990
Chunk size 1300:
  k=10... 0.0320s
  k=20... 0.0371s
  k=30... 0.0432s
  k=40... 0.0514s
  k=50... 0.0609s
  Averaged: 0.0449s, corr=0.9986
Chunk size 1200:
  k=10... 0.0325s
  k=20... 0.0387s
  k=30... 0.0444s
  k=40... 0.0471s
  k=50... 0.0578s
  Averaged: 0.0441s, corr=0.9966
Chunk size 1100:
  k=10... 0.0333s
  k=20... 0.0395s
  k=30... 0.0444s
  k=40... 0.0523s
  k=50... 0.0625s
  Averaged: 0.0464s, corr=0.9979
Chunk size 1000:
  k=10... 0.0332s
  k=20... 0.0404s
  k=30... 0.0462s
  k=40... 0.0626s
  k=50... 0.0655s
  Averaged: 0.0496s, corr=0.9909
Chunk size 900:
  k=10... 0.0341s
  k=20... 0.0440s
  k=30... 0.0538s
  k=40... 0.0608s
  k=50... 0.0664s
  Averaged: 0.0518s, corr=0.9970
Chunk size 800:
  k=10... 0.0349s
  k=20... 0.0434s
  k=30... 0.0562s
  k=40... 0.0596s
  k=50... 0.0719s
  Averaged: 0.0532s, corr=0.9959
Chunk size 700:
  k=10... 0.0383s
  k=20... 0.0507s
  k=30... 0.0601s
  k=40... 0.0650s
  k=50... 0.0769s
  Averaged: 0.0582s, corr=0.9965
Chunk size 600:
  k=10... 0.0442s
  k=20... 0.0585s
  k=30... 0.0685s
  k=40... 0.0765s
  k=50... 0.0824s
  Averaged: 0.0660s, corr=0.9816
Chunk size 500:
  k=10... 0.0534s
  k=20... 0.0665s
  k=30... 0.0761s
  k=40... 0.0924s
  k=50... 0.0971s
  Averaged: 0.0771s, corr=0.9953
Chunk size 400:
  k=10... 0.0620s
  k=20... 0.0781s
  k=30... 0.0924s
  k=40... 0.1027s
  k=50... 0.1182s
  Averaged: 0.0907s, corr=0.9868
Chunk size 300:
  k=10... 0.0878s
  k=20... 0.1108s
  k=30... 0.1318s
  k=40... 0.1447s
  k=50... 0.1645s
  Averaged: 0.1279s, corr=0.9982
Chunk size 200:
  k=10... 0.1364s
  k=20... 0.1727s
  k=30... 0.2038s
  k=40... 0.2237s
  k=50... 0.2550s
  Averaged: 0.1983s, corr=0.9829
Chunk size 100:
  k=10... 0.2777s
  k=20... 0.3925s
  k=30... 0.4718s
  k=40... 0.5273s
  k=50... 0.5902s
  Averaged: 0.4519s, corr=0.9735
Saved results to /pfs/data6/home/hu/hu_hu/hu_abdeal01/Final-FastLOF/results/mammography/fastlof_experiments/k10-50_t1.2/fastlof_results.csv
/pfs/data6/home/hu/hu_hu/hu_abdeal01/Final-FastLOF/experiments.py:1471: UserWarning: No artists with labels found to put in legend.  Note that artists whose label start with an underscore are ignored when legend() is called with no argument.
  axes[0, 1].legend(loc='upper left', fontsize=8)
Saved Experiment B plots to /pfs/data6/home/hu/hu_hu/hu_abdeal01/Final-FastLOF/results/mammography/fastlof_experiments/k10-50_t1.2/fastlof_summary.png
Saved detail plots to /pfs/data6/home/hu/hu_hu/hu_abdeal01/Final-FastLOF/results/mammography/fastlof_experiments/k10-50_t1.2/fastlof_detail.png
Saved FastLOF scatter plots to /pfs/data6/home/hu/hu_hu/hu_abdeal01/Final-FastLOF/results/mammography/fastlof_experiments/k10-50_t1.2/fastlof_scatter.png
Saved FastLOF timing pies to /pfs/data6/home/hu/hu_hu/hu_abdeal01/Final-FastLOF/results/mammography/fastlof_experiments/k10-50_t1.2/fastlof_timing.png

=== Experiment B Complete ===

================================================================================
All Experiments Complete!
================================================================================


========================================================================
Job Completion
========================================================================
Exit code: 0
Completed at: Mon Dec  8 05:48:35 PM CET 2025
========================================================================

============================= JOB FEEDBACK =============================

NodeName=uc3n033
Job ID: 2460250
Cluster: uc3
User/Group: hu_abdeal01/hu_hu
State: COMPLETED (exit code 0)
Nodes: 1
Cores per node: 24
CPU Utilized: 04:47:02
CPU Efficiency: 72.05% of 06:38:24 core-walltime
Job Wall-clock time: 00:16:36
Memory Utilized: 1.15 GB
Memory Efficiency: 1.80% of 64.00 GB (64.00 GB/node)
