========================================================================
Job Information
========================================================================
Job ID: 2598530
Job Name: fastlof_PenDigits_withoutdupl_norm_v01
Node: uc3n008.localdomain
Started at: Sun Dec 14 05:08:14 PM CET 2025
CPUs allocated: 20
Memory allocated: 48G
Partition: cpu
Thread limit: 5
========================================================================

Working directory: /pfs/data6/home/hu/hu_hu/hu_abdeal01/Final-FastLOF

========================================================================
Environment Information
========================================================================
Python 3.9.18

matplotlib                    3.9.4
numpy                         2.0.2
pandas                        2.3.3
scikit-learn                  1.6.1
========================================================================

========================================================================
Starting Experiment: PenDigits_withoutdupl_norm_v01 - FastLOF
========================================================================


================================================================================
FastLOF Experiment - PenDigits_withoutdupl_norm_v01
================================================================================

Loading dataset: data/PenDigits_withoutdupl_norm_v01.arff

--- Dataset preview (first 5 rows) ---
   att1   att2  att3  att4  att5  ...  att14  att15  att16      id  Class
0  48.0  100.0  20.0  80.0   0.0  ...   30.0   73.0    0.0  3891.0   b'1'
1  38.0  100.0   4.0  85.0   0.0  ...   32.0   73.0    0.0  2908.0   b'1'
2  53.0  100.0  25.0  70.0   0.0  ...   32.0   80.0    0.0  1757.0   b'1'
3  12.0  100.0   0.0  71.0  25.0  ...   20.0   90.0    0.0  9046.0   b'1'
4  26.0  100.0   0.0  83.0  23.0  ...   42.0   37.0    0.0  3895.0   b'1'

[5 rows x 18 columns]
--------------------------------------
Dataset shape: (9868, 17)
Number of anomalies: 20 (0.20%)

Testing thresholds: [0, 1.0, 1.01, 1.1, 1.2]

--------------------------------------------------------------------------------
Running with threshold = 0
--------------------------------------------------------------------------------


=== Experiment B: FastLOF Speed & Scalability ===
Using contamination parameter: 0.0020
Testing k values: [10, 20, 30, 40, 50]
Chunk sizes: 3000 to 100 (step=100)

--- Running baseline LOF ---
  k=10 (ball_tree)... 52.2317s (kd_tree)... 0.4784s (brute)... 0.0860s
  k=20 (ball_tree)... 0.8140s (kd_tree)... 0.5931s (brute)... 0.0976s
  k=30 (ball_tree)... 55.6901s (kd_tree)... 12.5882s (brute)... 3.2974s
  k=40 (ball_tree)... 31.3015s (kd_tree)... 16.4527s (brute)... 3.2919s
  k=50 (ball_tree)... 55.7631s (kd_tree)... 14.1465s (brute)... 4.2192s

Baseline algorithms:
  LOF ball_tree (averaged): 39.1601s
  LOF kd_tree (averaged): 8.8518s
  LOF brute (averaged): 2.1984s

Using LOF brute as reference for FastLOF comparisons

Testing chunk sizes: [3000, 2900, 2800, 2700, 2600, 2500, 2400, 2300, 2200, 2100, 2000, 1900, 1800, 1700, 1600, 1500, 1400, 1300, 1200, 1100, 1000, 900, 800, 700, 600, 500, 400, 300, 200, 100]

--- Running FastLOF ---
Chunk size 3000:
  k=10... 413.4053s
  k=20... 0.1155s
  k=30... 0.1217s
  k=40... 0.1328s
  k=50... 0.1412s
  Averaged: 82.7833s, corr=1.0000
Chunk size 2900:
  k=10... 2.7258s
  k=20... 0.5785s
  k=30... 0.0985s
  k=40... 0.1105s
  k=50... 0.1364s
  Averaged: 0.7299s, corr=1.0000
Chunk size 2800:
  k=10... 4.2825s
  k=20... 8.4858s
  k=30... 11.2697s
  k=40... 0.1478s
  k=50... 1.3813s
  Averaged: 5.1134s, corr=1.0000
Chunk size 2700:
  k=10... 6.5789s
  k=20... 5.8404s
  k=30... 7.1061s
  k=40... 5.9895s
  k=50... 7.4985s
  Averaged: 6.6027s, corr=1.0000
Chunk size 2600:
  k=10... 7.2411s
  k=20... 5.9931s
  k=30... 6.9761s
  k=40... 3.5210s
  k=50... 6.0750s
  Averaged: 5.9613s, corr=1.0000
Chunk size 2500:
  k=10... 5.8122s
  k=20... 4.3903s
  k=30... 7.5838s
  k=40... 9.8360s
  k=50... 6.3214s
  Averaged: 6.7887s, corr=1.0000
Chunk size 2400:
  k=10... 7.1592s
  k=20... 9.3443s
  k=30... 8.9882s
  k=40... 8.8063s
  k=50... 7.9620s
  Averaged: 8.4520s, corr=1.0000
Chunk size 2300:
  k=10... 6.8795s
  k=20... 9.4168s
  k=30... 8.1259s
  k=40... 11.0057s
  k=50... 9.4352s
  Averaged: 8.9726s, corr=1.0000
Chunk size 2200:
  k=10... 9.9369s
  k=20... 10.4708s
  k=30... 6.3362s
  k=40... 0.1080s
  k=50... 0.1096s
  Averaged: 5.3923s, corr=1.0000
Chunk size 2100:
  k=10... 3.7619s
  k=20... 1.6708s
  k=30... 0.2666s
  k=40... 0.1011s
  k=50... 0.1063s
  Averaged: 1.1813s, corr=1.0000
Chunk size 2000:
  k=10... 0.5003s
  k=20... 0.0834s
  k=30... 0.0879s
  k=40... 0.0943s
  k=50... 0.0975s
  Averaged: 0.1727s, corr=1.0000
Chunk size 1900:
  k=10... 0.0681s
  k=20... 0.0788s
  k=30... 0.0887s
  k=40... 0.1386s
  k=50... 0.1061s
  Averaged: 0.0960s, corr=1.0000
Chunk size 1800:
  k=10... 0.0690s
  k=20... 0.0803s
  k=30... 0.0917s
  k=40... 0.1001s
  k=50... 0.1021s
  Averaged: 0.0887s, corr=1.0000
Chunk size 1700:
  k=10... 0.0682s
  k=20... 0.0827s
  k=30... 0.0901s
  k=40... 0.0985s
  k=50... 0.1039s
  Averaged: 0.0887s, corr=1.0000
Chunk size 1600:
  k=10... 0.0693s
  k=20... 0.0881s
  k=30... 0.0956s
  k=40... 0.1046s
  k=50... 0.1478s
  Averaged: 0.1011s, corr=1.0000
Chunk size 1500:
  k=10... 0.0701s
  k=20... 0.1191s
  k=30... 0.0941s
  k=40... 0.2953s
  k=50... 13.6082s
  Averaged: 2.8374s, corr=1.0000
Chunk size 1400:
  k=10... 13.1567s
  k=20... 11.8412s
  k=30... 11.6256s
  k=40... 17.2728s
  k=50... 15.4934s
  Averaged: 13.8780s, corr=1.0000
Chunk size 1300:
  k=10... 14.8355s
  k=20... 18.9225s
  k=30... 15.0265s
  k=40... 14.5650s
  k=50... 17.1383s
  Averaged: 16.0976s, corr=1.0000
Chunk size 1200:
  k=10... 12.1587s
  k=20... 11.6495s
  k=30... 15.9122s
  k=40... 14.4576s
  k=50... 15.0714s
  Averaged: 13.8499s, corr=1.0000
Chunk size 1100:
  k=10... 17.4494s
  k=20... 14.7788s
  k=30... 11.7355s
  k=40... 18.4924s
  k=50... 18.5413s
  Averaged: 16.1995s, corr=1.0000
Chunk size 1000:
  k=10... 17.3553s
  k=20... 16.1598s
  k=30... 13.8561s
  k=40... 18.2932s
  k=50... 16.6127s
  Averaged: 16.4554s, corr=1.0000
Chunk size 900:
  k=10... 17.9007s
  k=20... 18.3305s
  k=30... 14.3609s
  k=40... 16.9461s
  k=50... 18.6276s
  Averaged: 17.2332s, corr=1.0000
Chunk size 800:
  k=10... 22.8039s
  k=20... 21.0650s
  k=30... 21.4566s
  k=40... 18.6847s
  k=50... 0.1279s
  Averaged: 16.8276s, corr=1.0000
Chunk size 700:
  k=10... 0.0860s
  k=20... 0.1150s
  k=30... 6.8799s
  k=40... 31.6673s
  k=50... 27.2711s
  Averaged: 13.2039s, corr=1.0000
Chunk size 600:
  k=10... 9.7394s
  k=20... 0.1177s
  k=30... 0.1369s
  k=40... 0.1508s
  k=50... 12.1929s
  Averaged: 4.4675s, corr=1.0000
Chunk size 500:
  k=10... 36.6849s
  k=20... 40.2490s
  k=30... 27.8070s
  k=40... 36.7560s
  k=50... 41.0995s
  Averaged: 36.5193s, corr=1.0000
Chunk size 400:
  k=10... 2.0891s
  k=20... 18.1790s
  k=30... 1.0913s
  k=40... 10.6085s
  k=50... 5.8208s
  Averaged: 7.5578s, corr=1.0000
Chunk size 300:
  k=10... 5.4234s
  k=20... 14.0095s
  k=30... 30.5251s
  k=40... 0.1774s
  k=50... 0.2063s
  Averaged: 10.0683s, corr=1.0000
Chunk size 200:
  k=10... 0.1828s
  k=20... 0.2050s
  k=30... 1.0387s
  k=40... 0.2533s
  k=50... 21.9783s
  Averaged: 4.7316s, corr=1.0000
Chunk size 100:
  k=10... 25.1014s
  k=20... 15.5357s
  k=30... 224.9799s
  k=40... 295.4138s
  k=50... 58.0169s
  Averaged: 123.8095s, corr=1.0000
Saved results to /pfs/data6/home/hu/hu_hu/hu_abdeal01/Final-FastLOF/results/PenDigits_withoutdupl_norm_v01/fastlof_experiments/k10-50_t0/fastlof_results.csv
/pfs/data6/home/hu/hu_hu/hu_abdeal01/Final-FastLOF/experiments.py:1634: UserWarning: No artists with labels found to put in legend.  Note that artists whose label start with an underscore are ignored when legend() is called with no argument.
  axes[0, 1].legend(loc='upper left', fontsize=8)
Saved Experiment B plots to /pfs/data6/home/hu/hu_hu/hu_abdeal01/Final-FastLOF/results/PenDigits_withoutdupl_norm_v01/fastlof_experiments/k10-50_t0/fastlof_summary.png
Saved detail plots to /pfs/data6/home/hu/hu_hu/hu_abdeal01/Final-FastLOF/results/PenDigits_withoutdupl_norm_v01/fastlof_experiments/k10-50_t0/fastlof_detail.png
Saved FastLOF scatter plots to /pfs/data6/home/hu/hu_hu/hu_abdeal01/Final-FastLOF/results/PenDigits_withoutdupl_norm_v01/fastlof_experiments/k10-50_t0/fastlof_scatter.png
Saved FastLOF timing pies to /pfs/data6/home/hu/hu_hu/hu_abdeal01/Final-FastLOF/results/PenDigits_withoutdupl_norm_v01/fastlof_experiments/k10-50_t0/fastlof_timing.png

=== Experiment B Complete ===

--------------------------------------------------------------------------------
Running with threshold = 1.0
--------------------------------------------------------------------------------


=== Experiment B: FastLOF Speed & Scalability ===
Using contamination parameter: 0.0020
Testing k values: [10, 20, 30, 40, 50]
Chunk sizes: 3000 to 100 (step=100)

--- Running baseline LOF ---
  k=10 (ball_tree)... 1.7439s (kd_tree)... 8.4249s (brute)... 4.1237s
  k=20 (ball_tree)... 111.3659s (kd_tree)... 18.4485s (brute)... 6.2713s
  k=30 (ball_tree)... 35.8454s (kd_tree)... 39.8649s (brute)... 9.2676s
  k=40 (ball_tree)... 78.8090s (kd_tree)... 29.5703s (brute)... 8.9245s
  k=50 (ball_tree)... 67.2093s (kd_tree)... 16.2521s (brute)... 0.0995s

Baseline algorithms:
  LOF ball_tree (averaged): 58.9947s
  LOF kd_tree (averaged): 22.5121s
  LOF brute (averaged): 5.7373s

Using LOF brute as reference for FastLOF comparisons

Testing chunk sizes: [3000, 2900, 2800, 2700, 2600, 2500, 2400, 2300, 2200, 2100, 2000, 1900, 1800, 1700, 1600, 1500, 1400, 1300, 1200, 1100, 1000, 900, 800, 700, 600, 500, 400, 300, 200, 100]

--- Running FastLOF ---
Chunk size 3000:
  k=10... 0.0862s
  k=20... 0.0863s
  k=30... 0.0891s
  k=40... 0.1065s
  k=50... 0.1010s
  Averaged: 0.0938s, corr=0.9965
Chunk size 2900:
  k=10... 0.1113s
  k=20... 0.0911s
  k=30... 0.0984s
  k=40... 0.1043s
  k=50... 0.1022s
  Averaged: 0.1015s, corr=0.9959
Chunk size 2800:
  k=10... 0.0656s
  k=20... 0.0712s
  k=30... 0.0770s
  k=40... 0.0878s
  k=50... 0.1207s
  Averaged: 0.0845s, corr=0.9956
Chunk size 2700:
  k=10... 0.0661s
  k=20... 0.0727s
  k=30... 0.0781s
  k=40... 0.0825s
  k=50... 0.0901s
  Averaged: 0.0779s, corr=0.9953
Chunk size 2600:
  k=10... 0.0642s
  k=20... 0.0670s
  k=30... 0.0996s
  k=40... 0.0803s
  k=50... 0.0865s
  Averaged: 0.0795s, corr=0.9954
Chunk size 2500:
  k=10... 0.0625s
  k=20... 0.0746s
  k=30... 0.0728s
  k=40... 0.0745s
  k=50... 0.0776s
  Averaged: 0.0724s, corr=0.9951
Chunk size 2400:
  k=10... 0.0643s
  k=20... 0.0705s
  k=30... 0.0787s
  k=40... 0.0811s
  k=50... 0.0846s
  Averaged: 0.0758s, corr=0.9947
Chunk size 2300:
  k=10... 0.0912s
  k=20... 0.0724s
  k=30... 0.1199s
  k=40... 0.0836s
  k=50... 0.0885s
  Averaged: 0.0911s, corr=0.9936
Chunk size 2200:
  k=10... 0.0640s
  k=20... 0.0709s
  k=30... 0.0785s
  k=40... 0.0869s
  k=50... 0.1106s
  Averaged: 0.0822s, corr=0.9918
Chunk size 2100:
  k=10... 0.0639s
  k=20... 0.0704s
  k=30... 0.0787s
  k=40... 0.0902s
  k=50... 0.1098s
  Averaged: 0.0826s, corr=0.9917
Chunk size 2000:
  k=10... 0.0814s
  k=20... 0.0873s
  k=30... 0.0973s
  k=40... 0.1072s
  k=50... 0.1129s
  Averaged: 0.0972s, corr=0.9914
Chunk size 1900:
  k=10... 0.0794s
  k=20... 0.0937s
  k=30... 0.1009s
  k=40... 0.1163s
  k=50... 0.1132s
  Averaged: 0.1007s, corr=0.9901
Chunk size 1800:
  k=10... 0.0806s
  k=20... 0.0897s
  k=30... 0.0954s
  k=40... 0.0837s
  k=50... 0.0913s
  Averaged: 0.0881s, corr=0.9886
Chunk size 1700:
  k=10... 0.0629s
  k=20... 0.0799s
  k=30... 0.1361s
  k=40... 0.1324s
  k=50... 0.1379s
  Averaged: 0.1098s, corr=0.9868
Chunk size 1600:
  k=10... 0.0982s
  k=20... 0.0886s
  k=30... 0.1016s
  k=40... 0.1574s
  k=50... 0.1436s
  Averaged: 0.1179s, corr=0.9861
Chunk size 1500:
  k=10... 0.0939s
  k=20... 0.1125s
  k=30... 0.1145s
  k=40... 0.8404s
  k=50... 0.0968s
  Averaged: 0.2516s, corr=0.9830
Chunk size 1400:
  k=10... 0.0655s
  k=20... 0.0729s
  k=30... 0.0819s
  k=40... 0.1278s
  k=50... 0.1880s
  Averaged: 0.1072s, corr=0.9822
Chunk size 1300:
  k=10... 0.3428s
  k=20... 0.0749s
  k=30... 0.0835s
  k=40... 0.0985s
  k=50... 0.1247s
  Averaged: 0.1449s, corr=0.9802
Chunk size 1200:
  k=10... 0.0684s
  k=20... 11.6121s
  k=30... 19.8147s
  k=40... 18.9999s
  k=50... 20.2555s
  Averaged: 14.1501s, corr=0.9777
Chunk size 1100:
  k=10... 17.1140s
  k=20... 15.9299s
  k=30... 17.3445s
  k=40... 16.0405s
  k=50... 20.1078s
  Averaged: 17.3074s, corr=0.9758
Chunk size 1000:
  k=10... 19.6754s
  k=20... 21.5116s
  k=30... 18.0709s
  k=40... 18.4147s
  k=50... 18.5918s
  Averaged: 19.2529s, corr=0.9738
Chunk size 900:
  k=10... 15.0686s
  k=20... 14.1574s
  k=30... 12.6765s
  k=40... 17.8033s
  k=50... 21.2247s
  Averaged: 16.1861s, corr=0.9702
Chunk size 800:
  k=10... 19.5940s
  k=20... 17.9935s
  k=30... 21.3701s
  k=40... 25.2044s
  k=50... 20.7066s
  Averaged: 20.9737s, corr=0.9662
Chunk size 700:
  k=10... 25.7873s
  k=20... 31.7254s
  k=30... 31.4468s
  k=40... 26.3783s
  k=50... 31.4200s
  Averaged: 29.3515s, corr=0.9640
Chunk size 600:
  k=10... 35.8108s
  k=20... 36.1708s
  k=30... 32.2790s
  k=40... 34.8158s
  k=50... 37.8908s
  Averaged: 35.3934s, corr=0.9611
Chunk size 500:
  k=10... 43.4927s
  k=20... 51.9687s
  k=30... 46.8453s
  k=40... 22.2425s
  k=50... 48.6451s
  Averaged: 42.6389s, corr=0.9588
Chunk size 400:
  k=10... 56.8104s
  k=20... 59.3009s
  k=30... 46.4331s
  k=40... 50.8739s
  k=50... 43.4898s
  Averaged: 51.3816s, corr=0.9570
Chunk size 300:
  k=10... 70.3780s
  k=20... 80.0893s
  k=30... 66.1960s
  k=40... 66.3212s
  k=50... 76.1861s
  Averaged: 71.8341s, corr=0.9558
Chunk size 200:
  k=10... 141.1362s
  k=20... 159.1673s
  k=30... 152.7681s
  k=40... 163.3584s
  k=50... 166.8172s
  Averaged: 156.6494s, corr=0.9547
Chunk size 100:
  k=10... 509.4932s
  k=20... 758.5315s
  k=30... 543.4765s
  k=40... 590.8304s
  k=50... 70.0379s
  Averaged: 494.4739s, corr=0.9551
Saved results to /pfs/data6/home/hu/hu_hu/hu_abdeal01/Final-FastLOF/results/PenDigits_withoutdupl_norm_v01/fastlof_experiments/k10-50_t1.0/fastlof_results.csv
/pfs/data6/home/hu/hu_hu/hu_abdeal01/Final-FastLOF/experiments.py:1634: UserWarning: No artists with labels found to put in legend.  Note that artists whose label start with an underscore are ignored when legend() is called with no argument.
  axes[0, 1].legend(loc='upper left', fontsize=8)
Saved Experiment B plots to /pfs/data6/home/hu/hu_hu/hu_abdeal01/Final-FastLOF/results/PenDigits_withoutdupl_norm_v01/fastlof_experiments/k10-50_t1.0/fastlof_summary.png
Saved detail plots to /pfs/data6/home/hu/hu_hu/hu_abdeal01/Final-FastLOF/results/PenDigits_withoutdupl_norm_v01/fastlof_experiments/k10-50_t1.0/fastlof_detail.png
Saved FastLOF scatter plots to /pfs/data6/home/hu/hu_hu/hu_abdeal01/Final-FastLOF/results/PenDigits_withoutdupl_norm_v01/fastlof_experiments/k10-50_t1.0/fastlof_scatter.png
Saved FastLOF timing pies to /pfs/data6/home/hu/hu_hu/hu_abdeal01/Final-FastLOF/results/PenDigits_withoutdupl_norm_v01/fastlof_experiments/k10-50_t1.0/fastlof_timing.png

=== Experiment B Complete ===

--------------------------------------------------------------------------------
Running with threshold = 1.01
--------------------------------------------------------------------------------


=== Experiment B: FastLOF Speed & Scalability ===
Using contamination parameter: 0.0020
Testing k values: [10, 20, 30, 40, 50]
Chunk sizes: 3000 to 100 (step=100)

--- Running baseline LOF ---
  k=10 (ball_tree)... 0.7257s (kd_tree)... 25.0604s (brute)... 2.1801s
  k=20 (ball_tree)... 1.6142s (kd_tree)... 13.4864s (brute)... 4.6086s
  k=30 (ball_tree)... 43.5637s (kd_tree)... 0.9708s (brute)... 0.2007s
  k=40 (ball_tree)... 1.4251s (kd_tree)... 0.7432s (brute)... 0.0957s
  k=50 (ball_tree)... 45.9595s (kd_tree)... 17.4774s (brute)... 3.6648s

Baseline algorithms:
  LOF ball_tree (averaged): 18.6577s
  LOF kd_tree (averaged): 11.5476s
  LOF brute (averaged): 2.1500s

Using LOF brute as reference for FastLOF comparisons

Testing chunk sizes: [3000, 2900, 2800, 2700, 2600, 2500, 2400, 2300, 2200, 2100, 2000, 1900, 1800, 1700, 1600, 1500, 1400, 1300, 1200, 1100, 1000, 900, 800, 700, 600, 500, 400, 300, 200, 100]

--- Running FastLOF ---
Chunk size 3000:
  k=10... 11.9894s
  k=20... 11.8459s
  k=30... 13.3450s
  k=40... 13.3836s
  k=50... 12.7022s
  Averaged: 12.6532s, corr=0.9953
Chunk size 2900:
  k=10... 9.9870s
  k=20... 9.9470s
  k=30... 9.3836s
  k=40... 9.6690s
  k=50... 8.6024s
  Averaged: 9.5178s, corr=0.9943
Chunk size 2800:
  k=10... 8.6239s
  k=20... 7.8775s
  k=30... 11.8917s
  k=40... 10.7244s
  k=50... 15.2760s
  Averaged: 10.8787s, corr=0.9937
Chunk size 2700:
  k=10... 18.1647s
  k=20... 19.8235s
  k=30... 12.8867s
  k=40... 16.6836s
  k=50... 13.7458s
  Averaged: 16.2609s, corr=0.9933
Chunk size 2600:
  k=10... 15.9717s
  k=20... 17.5820s
  k=30... 13.8802s
  k=40... 15.6551s
  k=50... 13.2222s
  Averaged: 15.2623s, corr=0.9928
Chunk size 2500:
  k=10... 19.7298s
  k=20... 20.2003s
  k=30... 14.0030s
  k=40... 10.0517s
  k=50... 0.0744s
  Averaged: 12.8118s, corr=0.9929
Chunk size 2400:
  k=10... 0.0755s
  k=20... 0.0701s
  k=30... 0.4812s
  k=40... 4.1161s
  k=50... 0.5702s
  Averaged: 1.0626s, corr=0.9916
Chunk size 2300:
  k=10... 0.0598s
  k=20... 0.0684s
  k=30... 0.2400s
  k=40... 0.0822s
  k=50... 0.0894s
  Averaged: 0.1080s, corr=0.9899
Chunk size 2200:
  k=10... 0.6797s
  k=20... 0.0653s
  k=30... 0.1024s
  k=40... 0.0790s
  k=50... 0.0826s
  Averaged: 0.2018s, corr=0.9886
Chunk size 2100:
  k=10... 0.1517s
  k=20... 0.0868s
  k=30... 0.0667s
  k=40... 0.0715s
  k=50... 0.1877s
  Averaged: 0.1129s, corr=0.9877
Chunk size 2000:
  k=10... 0.0590s
  k=20... 0.0612s
  k=30... 0.0648s
  k=40... 0.0708s
  k=50... 0.0775s
  Averaged: 0.0667s, corr=0.9871
Chunk size 1900:
  k=10... 0.0613s
  k=20... 0.0690s
  k=30... 0.0708s
  k=40... 0.0773s
  k=50... 0.0850s
  Averaged: 0.0727s, corr=0.9845
Chunk size 1800:
  k=10... 0.0589s
  k=20... 0.0666s
  k=30... 0.0709s
  k=40... 0.0814s
  k=50... 0.0919s
  Averaged: 0.0739s, corr=0.9823
Chunk size 1700:
  k=10... 0.0590s
  k=20... 0.0683s
  k=30... 0.0819s
  k=40... 0.1013s
  k=50... 0.0986s
  Averaged: 0.0818s, corr=0.9809
Chunk size 1600:
  k=10... 0.0579s
  k=20... 0.0618s
  k=30... 0.0726s
  k=40... 0.0826s
  k=50... 0.0885s
  Averaged: 0.0727s, corr=0.9786
Chunk size 1500:
  k=10... 0.0549s
  k=20... 0.4054s
  k=30... 9.2876s
  k=40... 18.5060s
  k=50... 21.8483s
  Averaged: 10.0205s, corr=0.9748
Chunk size 1400:
  k=10... 19.3219s
  k=20... 2.4616s
  k=30... 21.8333s
  k=40... 17.8830s
  k=50... 17.2943s
  Averaged: 15.7588s, corr=0.9737
Chunk size 1300:
  k=10... 21.0212s
  k=20... 26.3111s
  k=30... 18.1127s
  k=40... 8.0726s
  k=50... 0.0927s
  Averaged: 14.7221s, corr=0.9693
Chunk size 1200:
  k=10... 0.0616s
  k=20... 0.0689s
  k=30... 0.0783s
  k=40... 0.1989s
  k=50... 0.0946s
  Averaged: 0.1004s, corr=0.9656
Chunk size 1100:
  k=10... 0.0561s
  k=20... 0.2886s
  k=30... 0.0796s
  k=40... 0.0997s
  k=50... 0.0940s
  Averaged: 0.1236s, corr=0.9614
Chunk size 1000:
  k=10... 0.0602s
  k=20... 0.0753s
  k=30... 0.0805s
  k=40... 0.0823s
  k=50... 0.4221s
  Averaged: 0.1441s, corr=0.9568
Chunk size 900:
  k=10... 0.0658s
  k=20... 0.0863s
  k=30... 3.9522s
  k=40... 12.5580s
  k=50... 9.9190s
  Averaged: 5.3162s, corr=0.9520
Chunk size 800:
  k=10... 27.9433s
  k=20... 25.2750s
  k=30... 25.3545s
  k=40... 29.3114s
  k=50... 29.9675s
  Averaged: 27.5703s, corr=0.9433
Chunk size 700:
  k=10... 36.8291s
  k=20... 33.7653s
  k=30... 39.9974s
  k=40... 37.5391s
  k=50... 30.1221s
  Averaged: 35.6506s, corr=0.9368
Chunk size 600:
  k=10... 37.5852s
  k=20... 39.9164s
  k=30... 38.5178s
  k=40... 33.7502s
  k=50... 37.9848s
  Averaged: 37.5509s, corr=0.9294
Chunk size 500:
  k=10... 52.7608s
  k=20... 39.3611s
  k=30... 48.5108s
  k=40... 51.4460s
  k=50... 46.4750s
  Averaged: 47.7108s, corr=0.9192
Chunk size 400:
  k=10... 57.5666s
  k=20... 53.3811s
  k=30... 69.9057s
  k=40... 51.2872s
  k=50... 5.7287s
  Averaged: 47.5739s, corr=0.9113
Chunk size 300:
  k=10... 0.1545s
  k=20... 0.1154s
  k=30... 0.3348s
  k=40... 0.1409s
  k=50... 69.5477s
  Averaged: 14.0587s, corr=0.9112
Chunk size 200:
  k=10... 4.5323s
  k=20... 0.1765s
  k=30... 0.1934s
  k=40... 0.2091s
  k=50... 0.2323s
  Averaged: 1.0687s, corr=0.9157
Chunk size 100:
  k=10... 0.5499s
  k=20... 0.4387s
  k=30... 0.4897s
  k=40... 0.5228s
  k=50... 0.5980s
  Averaged: 0.5198s, corr=0.9249
Saved results to /pfs/data6/home/hu/hu_hu/hu_abdeal01/Final-FastLOF/results/PenDigits_withoutdupl_norm_v01/fastlof_experiments/k10-50_t1.01/fastlof_results.csv
/pfs/data6/home/hu/hu_hu/hu_abdeal01/Final-FastLOF/experiments.py:1634: UserWarning: No artists with labels found to put in legend.  Note that artists whose label start with an underscore are ignored when legend() is called with no argument.
  axes[0, 1].legend(loc='upper left', fontsize=8)
Saved Experiment B plots to /pfs/data6/home/hu/hu_hu/hu_abdeal01/Final-FastLOF/results/PenDigits_withoutdupl_norm_v01/fastlof_experiments/k10-50_t1.01/fastlof_summary.png
Saved detail plots to /pfs/data6/home/hu/hu_hu/hu_abdeal01/Final-FastLOF/results/PenDigits_withoutdupl_norm_v01/fastlof_experiments/k10-50_t1.01/fastlof_detail.png
Saved FastLOF scatter plots to /pfs/data6/home/hu/hu_hu/hu_abdeal01/Final-FastLOF/results/PenDigits_withoutdupl_norm_v01/fastlof_experiments/k10-50_t1.01/fastlof_scatter.png
Saved FastLOF timing pies to /pfs/data6/home/hu/hu_hu/hu_abdeal01/Final-FastLOF/results/PenDigits_withoutdupl_norm_v01/fastlof_experiments/k10-50_t1.01/fastlof_timing.png

=== Experiment B Complete ===

--------------------------------------------------------------------------------
Running with threshold = 1.1
--------------------------------------------------------------------------------


=== Experiment B: FastLOF Speed & Scalability ===
Using contamination parameter: 0.0020
Testing k values: [10, 20, 30, 40, 50]
Chunk sizes: 3000 to 100 (step=100)

--- Running baseline LOF ---
  k=10 (ball_tree)... 0.7201s (kd_tree)... 0.4712s (brute)... 0.0968s
  k=20 (ball_tree)... 0.7852s (kd_tree)... 1.1335s (brute)... 0.1037s
  k=30 (ball_tree)... 0.9828s (kd_tree)... 0.6733s (brute)... 0.1124s
  k=40 (ball_tree)... 0.9028s (kd_tree)... 0.7428s (brute)... 0.1139s
  k=50 (ball_tree)... 0.9565s (kd_tree)... 0.8062s (brute)... 0.1277s

Baseline algorithms:
  LOF ball_tree (averaged): 0.8695s
  LOF kd_tree (averaged): 0.7654s
  LOF brute (averaged): 0.1109s

Using LOF brute as reference for FastLOF comparisons

Testing chunk sizes: [3000, 2900, 2800, 2700, 2600, 2500, 2400, 2300, 2200, 2100, 2000, 1900, 1800, 1700, 1600, 1500, 1400, 1300, 1200, 1100, 1000, 900, 800, 700, 600, 500, 400, 300, 200, 100]

--- Running FastLOF ---
Chunk size 3000:
  k=10... 0.0685s
  k=20... 0.1183s
  k=30... 0.0726s
  k=40... 0.0781s
  k=50... 0.0817s
  Averaged: 0.0838s, corr=0.9869
Chunk size 2900:
  k=10... 0.1465s
  k=20... 0.0668s
  k=30... 0.0773s
  k=40... 0.0767s
  k=50... 0.1283s
  Averaged: 0.0991s, corr=0.9862
Chunk size 2800:
  k=10... 0.0603s
  k=20... 0.0640s
  k=30... 0.0650s
  k=40... 0.0703s
  k=50... 0.0762s
  Averaged: 0.0672s, corr=0.9854
Chunk size 2700:
  k=10... 0.1543s
  k=20... 0.0602s
  k=30... 0.0689s
  k=40... 0.0761s
  k=50... 0.0798s
  Averaged: 0.0878s, corr=0.9838
Chunk size 2600:
  k=10... 0.0532s
  k=20... 0.0670s
  k=30... 0.0657s
  k=40... 0.0699s
  k=50... 0.0743s
  Averaged: 0.0660s, corr=0.9836
Chunk size 2500:
  k=10... 0.0537s
  k=20... 0.0566s
  k=30... 0.0675s
  k=40... 0.0705s
  k=50... 0.0743s
  Averaged: 0.0645s, corr=0.9839
Chunk size 2400:
  k=10... 0.0538s
  k=20... 0.0569s
  k=30... 0.0639s
  k=40... 0.0660s
  k=50... 0.0709s
  Averaged: 0.0623s, corr=0.9790
Chunk size 2300:
  k=10... 0.0561s
  k=20... 0.0642s
  k=30... 0.0680s
  k=40... 0.0724s
  k=50... 0.0756s
  Averaged: 0.0673s, corr=0.9764
Chunk size 2200:
  k=10... 0.0492s
  k=20... 0.0580s
  k=30... 0.0620s
  k=40... 0.0635s
  k=50... 0.0683s
  Averaged: 0.0602s, corr=0.9743
Chunk size 2100:
  k=10... 0.0465s
  k=20... 0.0565s
  k=30... 0.0634s
  k=40... 0.0705s
  k=50... 0.0747s
  Averaged: 0.0623s, corr=0.9724
Chunk size 2000:
  k=10... 0.0451s
  k=20... 0.0540s
  k=30... 0.0658s
  k=40... 0.0654s
  k=50... 0.0694s
  Averaged: 0.0599s, corr=0.9729
Chunk size 1900:
  k=10... 0.0455s
  k=20... 0.0571s
  k=30... 0.0669s
  k=40... 0.0664s
  k=50... 0.0708s
  Averaged: 0.0613s, corr=0.9662
Chunk size 1800:
  k=10... 0.0444s
  k=20... 0.0587s
  k=30... 0.0644s
  k=40... 0.1167s
  k=50... 0.0754s
  Averaged: 0.0719s, corr=0.9627
Chunk size 1700:
  k=10... 0.0453s
  k=20... 0.0533s
  k=30... 0.0626s
  k=40... 0.0695s
  k=50... 0.0734s
  Averaged: 0.0608s, corr=0.9623
Chunk size 1600:
  k=10... 0.0437s
  k=20... 0.0542s
  k=30... 0.0596s
  k=40... 0.0714s
  k=50... 0.0716s
  Averaged: 0.0601s, corr=0.9581
Chunk size 1500:
  k=10... 0.0461s
  k=20... 0.0528s
  k=30... 0.0622s
  k=40... 0.0671s
  k=50... 0.0704s
  Averaged: 0.0597s, corr=0.9526
Chunk size 1400:
  k=10... 0.0445s
  k=20... 0.0517s
  k=30... 0.0595s
  k=40... 0.0643s
  k=50... 0.0712s
  Averaged: 0.0583s, corr=0.9497
Chunk size 1300:
  k=10... 0.0436s
  k=20... 0.0510s
  k=30... 0.0587s
  k=40... 0.0609s
  k=50... 0.0655s
  Averaged: 0.0559s, corr=0.9400
Chunk size 1200:
  k=10... 0.0438s
  k=20... 0.0998s
  k=30... 0.0589s
  k=40... 0.0767s
  k=50... 0.0697s
  Averaged: 0.0698s, corr=0.9343
Chunk size 1100:
  k=10... 0.0762s
  k=20... 0.0510s
  k=30... 0.0570s
  k=40... 0.0598s
  k=50... 0.0680s
  Averaged: 0.0624s, corr=0.9298
Chunk size 1000:
  k=10... 0.0425s
  k=20... 0.0474s
  k=30... 0.0565s
  k=40... 0.0602s
  k=50... 0.0657s
  Averaged: 0.0545s, corr=0.9191
Chunk size 900:
  k=10... 0.0428s
  k=20... 0.0473s
  k=30... 0.0583s
  k=40... 0.0623s
  k=50... 0.0685s
  Averaged: 0.0558s, corr=0.9081
Chunk size 800:
  k=10... 0.0598s
  k=20... 0.0518s
  k=30... 0.0581s
  k=40... 0.0638s
  k=50... 0.0698s
  Averaged: 0.0606s, corr=0.8918
Chunk size 700:
  k=10... 0.0469s
  k=20... 0.0537s
  k=30... 0.0647s
  k=40... 0.0688s
  k=50... 0.5116s
  Averaged: 0.1491s, corr=0.8742
Chunk size 600:
  k=10... 0.0466s
  k=20... 1.3117s
  k=30... 0.0675s
  k=40... 0.0949s
  k=50... 0.0800s
  Averaged: 0.3201s, corr=0.8506
Chunk size 500:
  k=10... 0.0508s
  k=20... 0.0603s
  k=30... 0.0706s
  k=40... 0.0766s
  k=50... 0.1953s
  Averaged: 0.0907s, corr=0.8214
Chunk size 400:
  k=10... 0.0604s
  k=20... 0.1070s
  k=30... 0.0812s
  k=40... 0.0906s
  k=50... 0.1033s
  Averaged: 0.0885s, corr=0.7755
Chunk size 300:
  k=10... 0.0768s
  k=20... 0.0906s
  k=30... 0.1058s
  k=40... 0.1178s
  k=50... 0.1325s
  Averaged: 0.1047s, corr=0.7162
Chunk size 200:
  k=10... 0.1200s
  k=20... 0.1413s
  k=30... 21.2867s
  k=40... 0.1695s
  k=50... 0.1826s
  Averaged: 4.3800s, corr=0.5939
Chunk size 100:
  k=10... 0.2086s
  k=20... 0.2160s
  k=30... 0.2043s
  k=40... 0.2099s
  k=50... 0.2132s
  Averaged: 0.2104s, corr=0.4248
Saved results to /pfs/data6/home/hu/hu_hu/hu_abdeal01/Final-FastLOF/results/PenDigits_withoutdupl_norm_v01/fastlof_experiments/k10-50_t1.1/fastlof_results.csv
/pfs/data6/home/hu/hu_hu/hu_abdeal01/Final-FastLOF/experiments.py:1634: UserWarning: No artists with labels found to put in legend.  Note that artists whose label start with an underscore are ignored when legend() is called with no argument.
  axes[0, 1].legend(loc='upper left', fontsize=8)
Saved Experiment B plots to /pfs/data6/home/hu/hu_hu/hu_abdeal01/Final-FastLOF/results/PenDigits_withoutdupl_norm_v01/fastlof_experiments/k10-50_t1.1/fastlof_summary.png
Saved detail plots to /pfs/data6/home/hu/hu_hu/hu_abdeal01/Final-FastLOF/results/PenDigits_withoutdupl_norm_v01/fastlof_experiments/k10-50_t1.1/fastlof_detail.png
Saved FastLOF scatter plots to /pfs/data6/home/hu/hu_hu/hu_abdeal01/Final-FastLOF/results/PenDigits_withoutdupl_norm_v01/fastlof_experiments/k10-50_t1.1/fastlof_scatter.png
Saved FastLOF timing pies to /pfs/data6/home/hu/hu_hu/hu_abdeal01/Final-FastLOF/results/PenDigits_withoutdupl_norm_v01/fastlof_experiments/k10-50_t1.1/fastlof_timing.png

=== Experiment B Complete ===

--------------------------------------------------------------------------------
Running with threshold = 1.2
--------------------------------------------------------------------------------


=== Experiment B: FastLOF Speed & Scalability ===
Using contamination parameter: 0.0020
Testing k values: [10, 20, 30, 40, 50]
Chunk sizes: 3000 to 100 (step=100)

--- Running baseline LOF ---
  k=10 (ball_tree)... 0.7065s (kd_tree)... 0.4686s (brute)... 0.0678s
  k=20 (ball_tree)... 0.7848s (kd_tree)... 0.5812s (brute)... 0.0725s
  k=30 (ball_tree)... 0.8736s (kd_tree)... 0.6705s (brute)... 0.0815s
  k=40 (ball_tree)... 0.9031s (kd_tree)... 0.7415s (brute)... 0.0881s
  k=50 (ball_tree)... 0.9554s (kd_tree)... 0.8062s (brute)... 0.1214s

Baseline algorithms:
  LOF ball_tree (averaged): 0.8447s
  LOF kd_tree (averaged): 0.6536s
  LOF brute (averaged): 0.0863s

Using LOF brute as reference for FastLOF comparisons

Testing chunk sizes: [3000, 2900, 2800, 2700, 2600, 2500, 2400, 2300, 2200, 2100, 2000, 1900, 1800, 1700, 1600, 1500, 1400, 1300, 1200, 1100, 1000, 900, 800, 700, 600, 500, 400, 300, 200, 100]

--- Running FastLOF ---
Chunk size 3000:
  k=10... 0.1022s
  k=20... 0.1092s
  k=30... 0.0942s
  k=40... 0.1398s
  k=50... 0.1294s
  Averaged: 0.1150s, corr=0.9812
Chunk size 2900:
  k=10... 0.0803s
  k=20... 0.1389s
  k=30... 0.1084s
  k=40... 0.1000s
  k=50... 0.0854s
  Averaged: 0.1026s, corr=0.9804
Chunk size 2800:
  k=10... 0.0519s
  k=20... 0.0574s
  k=30... 0.0606s
  k=40... 0.0640s
  k=50... 0.0689s
  Averaged: 0.0606s, corr=0.9785
Chunk size 2700:
  k=10... 0.0510s
  k=20... 0.0560s
  k=30... 0.0592s
  k=40... 0.0633s
  k=50... 0.0691s
  Averaged: 0.0597s, corr=0.9781
Chunk size 2600:
  k=10... 0.0742s
  k=20... 0.0587s
  k=30... 0.2990s
  k=40... 0.0776s
  k=50... 0.0677s
  Averaged: 0.1154s, corr=0.9781
Chunk size 2500:
  k=10... 0.0506s
  k=20... 0.1603s
  k=30... 0.1054s
  k=40... 0.0632s
  k=50... 0.0660s
  Averaged: 0.0891s, corr=0.9777
Chunk size 2400:
  k=10... 0.0492s
  k=20... 0.0563s
  k=30... 0.0613s
  k=40... 0.0646s
  k=50... 0.0657s
  Averaged: 0.0594s, corr=0.9713
Chunk size 2300:
  k=10... 0.0481s
  k=20... 0.0560s
  k=30... 0.0617s
  k=40... 0.0635s
  k=50... 0.0678s
  Averaged: 0.0594s, corr=0.9672
Chunk size 2200:
  k=10... 0.0465s
  k=20... 0.0534s
  k=30... 0.0589s
  k=40... 0.0617s
  k=50... 0.0673s
  Averaged: 0.0575s, corr=0.9651
Chunk size 2100:
  k=10... 0.0446s
  k=20... 0.0526s
  k=30... 0.0553s
  k=40... 0.2691s
  k=50... 0.2637s
  Averaged: 0.1371s, corr=0.9635
Chunk size 2000:
  k=10... 0.0428s
  k=20... 0.0512s
  k=30... 0.0542s
  k=40... 0.0559s
  k=50... 0.0645s
  Averaged: 0.0537s, corr=0.9617
Chunk size 1900:
  k=10... 0.0431s
  k=20... 0.0520s
  k=30... 0.0556s
  k=40... 0.0612s
  k=50... 0.0654s
  Averaged: 0.0555s, corr=0.9546
Chunk size 1800:
  k=10... 0.0415s
  k=20... 0.0494s
  k=30... 0.0514s
  k=40... 0.0557s
  k=50... 0.0645s
  Averaged: 0.0525s, corr=0.9500
Chunk size 1700:
  k=10... 0.0404s
  k=20... 0.0470s
  k=30... 0.0507s
  k=40... 0.0523s
  k=50... 0.0879s
  Averaged: 0.0556s, corr=0.9493
Chunk size 1600:
  k=10... 0.0415s
  k=20... 0.0487s
  k=30... 0.0515s
  k=40... 0.0549s
  k=50... 0.0615s
  Averaged: 0.0516s, corr=0.9401
Chunk size 1500:
  k=10... 0.0407s
  k=20... 0.0466s
  k=30... 0.0515s
  k=40... 0.0580s
  k=50... 0.0655s
  Averaged: 0.0525s, corr=0.9336
Chunk size 1400:
  k=10... 0.0399s
  k=20... 0.0456s
  k=30... 0.0492s
  k=40... 0.0527s
  k=50... 0.0608s
  Averaged: 0.0497s, corr=0.9300
Chunk size 1300:
  k=10... 0.0380s
  k=20... 0.0466s
  k=30... 0.0508s
  k=40... 0.0565s
  k=50... 0.0644s
  Averaged: 0.0513s, corr=0.9154
Chunk size 1200:
  k=10... 0.0380s
  k=20... 0.0441s
  k=30... 0.0481s
  k=40... 0.0520s
  k=50... 0.0615s
  Averaged: 0.0488s, corr=0.9106
Chunk size 1100:
  k=10... 0.0381s
  k=20... 0.0441s
  k=30... 0.0559s
  k=40... 0.0928s
  k=50... 0.0934s
  Averaged: 0.0649s, corr=0.9027
Chunk size 1000:
  k=10... 0.0380s
  k=20... 0.0453s
  k=30... 0.0554s
  k=40... 0.0614s
  k=50... 0.0683s
  Averaged: 0.0537s, corr=0.8884
Chunk size 900:
  k=10... 0.0376s
  k=20... 0.0445s
  k=30... 0.0562s
  k=40... 0.0608s
  k=50... 0.0671s
  Averaged: 0.0533s, corr=0.8739
Chunk size 800:
  k=10... 0.0396s
  k=20... 0.0471s
  k=30... 0.0586s
  k=40... 0.0636s
  k=50... 0.0684s
  Averaged: 0.0554s, corr=0.8495
Chunk size 700:
  k=10... 0.0408s
  k=20... 0.0523s
  k=30... 0.0607s
  k=40... 0.0650s
  k=50... 0.0741s
  Averaged: 0.0586s, corr=0.8246
Chunk size 600:
  k=10... 0.0426s
  k=20... 0.0553s
  k=30... 0.0628s
  k=40... 0.0699s
  k=50... 0.0744s
  Averaged: 0.0610s, corr=0.7934
Chunk size 500:
  k=10... 0.0465s
  k=20... 0.0595s
  k=30... 0.0663s
  k=40... 0.0737s
  k=50... 0.0830s
  Averaged: 0.0658s, corr=0.7564
Chunk size 400:
  k=10... 0.0547s
  k=20... 0.2148s
  k=30... 0.0782s
  k=40... 0.0863s
  k=50... 0.0977s
  Averaged: 0.1064s, corr=0.7009
Chunk size 300:
  k=10... 0.0700s
  k=20... 0.0849s
  k=30... 0.0987s
  k=40... 0.1062s
  k=50... 0.1181s
  Averaged: 0.0956s, corr=0.6296
Chunk size 200:
  k=10... 0.0974s
  k=20... 0.1048s
  k=30... 0.1113s
  k=40... 0.1236s
  k=50... 0.1332s
  Averaged: 0.1141s, corr=0.5247
Chunk size 100:
  k=10... 0.1276s
  k=20... 0.1156s
  k=30... 0.1219s
  k=40... 0.1179s
  k=50... 0.1031s
  Averaged: 0.1172s, corr=0.3769
Saved results to /pfs/data6/home/hu/hu_hu/hu_abdeal01/Final-FastLOF/results/PenDigits_withoutdupl_norm_v01/fastlof_experiments/k10-50_t1.2/fastlof_results.csv
/pfs/data6/home/hu/hu_hu/hu_abdeal01/Final-FastLOF/experiments.py:1634: UserWarning: No artists with labels found to put in legend.  Note that artists whose label start with an underscore are ignored when legend() is called with no argument.
  axes[0, 1].legend(loc='upper left', fontsize=8)
Saved Experiment B plots to /pfs/data6/home/hu/hu_hu/hu_abdeal01/Final-FastLOF/results/PenDigits_withoutdupl_norm_v01/fastlof_experiments/k10-50_t1.2/fastlof_summary.png
Saved detail plots to /pfs/data6/home/hu/hu_hu/hu_abdeal01/Final-FastLOF/results/PenDigits_withoutdupl_norm_v01/fastlof_experiments/k10-50_t1.2/fastlof_detail.png
Saved FastLOF scatter plots to /pfs/data6/home/hu/hu_hu/hu_abdeal01/Final-FastLOF/results/PenDigits_withoutdupl_norm_v01/fastlof_experiments/k10-50_t1.2/fastlof_scatter.png
Saved FastLOF timing pies to /pfs/data6/home/hu/hu_hu/hu_abdeal01/Final-FastLOF/results/PenDigits_withoutdupl_norm_v01/fastlof_experiments/k10-50_t1.2/fastlof_timing.png

=== Experiment B Complete ===

================================================================================
All Experiments Complete!
================================================================================


========================================================================
Job Completion
========================================================================
Exit code: 0
Completed at: Mon Dec 15 10:47:22 PM CET 2025
========================================================================

============================= JOB FEEDBACK =============================

NodeName=uc3n008
Job ID: 2598530
Cluster: uc3
User/Group: hu_abdeal01/hu_hu
State: COMPLETED (exit code 0)
Nodes: 1
Cores per node: 20
CPU Utilized: 2-00:50:47
CPU Efficiency: 8.24% of 24-17:07:40 core-walltime
Job Wall-clock time: 1-05:39:23
Memory Utilized: 1.19 GB
Memory Efficiency: 2.47% of 48.00 GB (48.00 GB/node)
