========================================================================
Job Information
========================================================================
Job ID: 2598551
Job Name: fastlof_satellite-unsupervised-ad
Node: uc3n011.localdomain
Started at: Sun Dec 14 05:23:11 PM CET 2025
CPUs allocated: 24
Memory allocated: 64G
Partition: cpu
Thread limit: 5
========================================================================

Working directory: /pfs/data6/home/hu/hu_hu/hu_abdeal01/Final-FastLOF

========================================================================
Environment Information
========================================================================
Python 3.9.18

matplotlib                    3.9.4
numpy                         2.0.2
pandas                        2.3.3
scikit-learn                  1.6.1
========================================================================

========================================================================
Starting Experiment: satellite-unsupervised-ad - FastLOF
========================================================================


================================================================================
FastLOF Experiment - satellite-unsupervised-ad
================================================================================

Loading dataset: data/satellite-unsupervised-ad.csv

--- Dataset preview (first 5 rows) ---
   46.0  40.0  119.0  139.0  42.0  30.0  ...  116.0  44.0.1  31.0  131.0  142.0  o
0  47.0  37.0  119.0  133.0  44.0  34.0  ...  132.0    43.0  29.0  133.0  143.0  o
1  80.0  95.0  100.0   74.0  64.0  64.0  ...   78.0    78.0  83.0   96.0   74.0  o
2  56.0  51.0   72.0   60.0  59.0  54.0  ...   61.0    57.0  55.0   78.0   65.0  o
3  44.0  34.0  129.0  140.0  44.0  34.0  ...  135.0    43.0  29.0  128.0  132.0  o
4  46.0  48.0  108.0  107.0  53.0  75.0  ...  133.0    46.0  32.0  112.0  133.0  o

[5 rows x 37 columns]
--------------------------------------
Dataset shape: (5100, 36)
Number of anomalies: 75 (1.47%)

Testing thresholds: [0, 1.0, 1.01, 1.1, 1.2]

--------------------------------------------------------------------------------
Running with threshold = 0
--------------------------------------------------------------------------------


=== Experiment B: FastLOF Speed & Scalability ===
Using contamination parameter: 0.0147
Testing k values: [10, 20, 30, 40, 50]
Chunk sizes: 2500 to 50 (step=100)

--- Running baseline LOF ---
  k=10 (ball_tree)... 281.9355s (kd_tree)... 17.1886s (brute)... 9.0967s
  k=20 (ball_tree)... 137.9219s (kd_tree)... 13.7795s (brute)... 9.2810s
  k=30 (ball_tree)...